<?xml version="1.0" encoding="UTF-8"?>
<robot generator="Robot 3.2.2 (Python 3.8.5 on win32)" generated="20210216 17:16:56.197" rpa="false">
<suite id="s1" name="Scroll" source="C:\Users\splin\PycharmProjects\ZTS Semestralka\venv\Lib\site-packages\pkg_resources\tests\Scroll.robot">
<test id="s1-t1" name="Scroll">
<kw name="Open Browser" library="SeleniumLibrary">
<doc>Opens a new browser instance to the optional ``url``.</doc>
<arguments>
<arg>${url}</arg>
<arg>${browser}</arg>
</arguments>
<msg timestamp="20210216 17:16:56.412" level="INFO">Opening browser 'chrome' to base url 'http://localhost/AkoNaTo/public/showAuthorsGuides/11'.</msg>
<status status="PASS" starttime="20210216 17:16:56.412" endtime="20210216 17:17:05.300"></status>
</kw>
<kw name="Get Text" library="SeleniumLibrary">
<doc>Returns the text value of the element identified by ``locator``.</doc>
<arguments>
<arg>xpath=//*[@id="guideCounter"]</arg>
</arguments>
<assign>
<var>${guide_counter}</var>
</assign>
<msg timestamp="20210216 17:17:05.322" level="INFO">${guide_counter} = 5 z 10</msg>
<status status="PASS" starttime="20210216 17:17:05.301" endtime="20210216 17:17:05.322"></status>
</kw>
<kw name="Fetch From Right" library="String">
<doc>Returns contents of the ``string`` after the last occurrence of ``marker``.</doc>
<arguments>
<arg>${guide_counter}</arg>
<arg>${space}</arg>
</arguments>
<assign>
<var>${text_of_guides_total}</var>
</assign>
<msg timestamp="20210216 17:17:05.323" level="INFO">${text_of_guides_total} = 10</msg>
<status status="PASS" starttime="20210216 17:17:05.322" endtime="20210216 17:17:05.323"></status>
</kw>
<kw name="Convert To Integer" library="BuiltIn">
<doc>Converts the given item to an integer number.</doc>
<arguments>
<arg>${text_of_guides_total}</arg>
</arguments>
<assign>
<var>${number_of_guides_total}</var>
</assign>
<msg timestamp="20210216 17:17:05.323" level="INFO">${number_of_guides_total} = 10</msg>
<status status="PASS" starttime="20210216 17:17:05.323" endtime="20210216 17:17:05.323"></status>
</kw>
<kw name="${i} IN RANGE [ 1 | 99999 ]" type="for">
<kw name="${i} = 1" type="foritem">
<kw name="Get Text" library="SeleniumLibrary">
<doc>Returns the text value of the element identified by ``locator``.</doc>
<arguments>
<arg>xpath=//*[@id="guideCounter"]</arg>
</arguments>
<assign>
<var>${guide_counter}</var>
</assign>
<msg timestamp="20210216 17:17:05.342" level="INFO">${guide_counter} = 5 z 10</msg>
<status status="PASS" starttime="20210216 17:17:05.325" endtime="20210216 17:17:05.342"></status>
</kw>
<kw name="Exit For Loop If" library="BuiltIn">
<doc>Stops executing the enclosing for loop if the ``condition`` is true.</doc>
<arguments>
<arg>"${guide_counter}" == "${text_of_guides_total} z ${text_of_guides_total}"</arg>
</arguments>
<status status="PASS" starttime="20210216 17:17:05.342" endtime="20210216 17:17:05.342"></status>
</kw>
<kw name="Execute Javascript" library="SeleniumLibrary">
<doc>Executes the given JavaScript code with possible arguments.</doc>
<arguments>
<arg>window.scrollTo(0,document.body.scrollHeight)</arg>
</arguments>
<msg timestamp="20210216 17:17:05.343" level="INFO">Executing JavaScript:
window.scrollTo(0,document.body.scrollHeight)
Without any arguments.</msg>
<status status="PASS" starttime="20210216 17:17:05.342" endtime="20210216 17:17:05.353"></status>
</kw>
<status status="PASS" starttime="20210216 17:17:05.325" endtime="20210216 17:17:05.353"></status>
</kw>
<kw name="${i} = 2" type="foritem">
<kw name="Get Text" library="SeleniumLibrary">
<doc>Returns the text value of the element identified by ``locator``.</doc>
<arguments>
<arg>xpath=//*[@id="guideCounter"]</arg>
</arguments>
<assign>
<var>${guide_counter}</var>
</assign>
<msg timestamp="20210216 17:17:05.370" level="INFO">${guide_counter} = 5 z 10</msg>
<status status="PASS" starttime="20210216 17:17:05.353" endtime="20210216 17:17:05.370"></status>
</kw>
<kw name="Exit For Loop If" library="BuiltIn">
<doc>Stops executing the enclosing for loop if the ``condition`` is true.</doc>
<arguments>
<arg>"${guide_counter}" == "${text_of_guides_total} z ${text_of_guides_total}"</arg>
</arguments>
<status status="PASS" starttime="20210216 17:17:05.371" endtime="20210216 17:17:05.371"></status>
</kw>
<kw name="Execute Javascript" library="SeleniumLibrary">
<doc>Executes the given JavaScript code with possible arguments.</doc>
<arguments>
<arg>window.scrollTo(0,document.body.scrollHeight)</arg>
</arguments>
<msg timestamp="20210216 17:17:05.372" level="INFO">Executing JavaScript:
window.scrollTo(0,document.body.scrollHeight)
Without any arguments.</msg>
<status status="PASS" starttime="20210216 17:17:05.371" endtime="20210216 17:17:05.377"></status>
</kw>
<status status="PASS" starttime="20210216 17:17:05.353" endtime="20210216 17:17:05.377"></status>
</kw>
<kw name="${i} = 3" type="foritem">
<kw name="Get Text" library="SeleniumLibrary">
<doc>Returns the text value of the element identified by ``locator``.</doc>
<arguments>
<arg>xpath=//*[@id="guideCounter"]</arg>
</arguments>
<assign>
<var>${guide_counter}</var>
</assign>
<msg timestamp="20210216 17:17:05.391" level="INFO">${guide_counter} = 5 z 10</msg>
<status status="PASS" starttime="20210216 17:17:05.377" endtime="20210216 17:17:05.391"></status>
</kw>
<kw name="Exit For Loop If" library="BuiltIn">
<doc>Stops executing the enclosing for loop if the ``condition`` is true.</doc>
<arguments>
<arg>"${guide_counter}" == "${text_of_guides_total} z ${text_of_guides_total}"</arg>
</arguments>
<status status="PASS" starttime="20210216 17:17:05.391" endtime="20210216 17:17:05.391"></status>
</kw>
<kw name="Execute Javascript" library="SeleniumLibrary">
<doc>Executes the given JavaScript code with possible arguments.</doc>
<arguments>
<arg>window.scrollTo(0,document.body.scrollHeight)</arg>
</arguments>
<msg timestamp="20210216 17:17:05.392" level="INFO">Executing JavaScript:
window.scrollTo(0,document.body.scrollHeight)
Without any arguments.</msg>
<status status="PASS" starttime="20210216 17:17:05.391" endtime="20210216 17:17:05.395"></status>
</kw>
<status status="PASS" starttime="20210216 17:17:05.377" endtime="20210216 17:17:05.395"></status>
</kw>
<kw name="${i} = 4" type="foritem">
<kw name="Get Text" library="SeleniumLibrary">
<doc>Returns the text value of the element identified by ``locator``.</doc>
<arguments>
<arg>xpath=//*[@id="guideCounter"]</arg>
</arguments>
<assign>
<var>${guide_counter}</var>
</assign>
<msg timestamp="20210216 17:17:05.405" level="INFO">${guide_counter} = 5 z 10</msg>
<status status="PASS" starttime="20210216 17:17:05.395" endtime="20210216 17:17:05.405"></status>
</kw>
<kw name="Exit For Loop If" library="BuiltIn">
<doc>Stops executing the enclosing for loop if the ``condition`` is true.</doc>
<arguments>
<arg>"${guide_counter}" == "${text_of_guides_total} z ${text_of_guides_total}"</arg>
</arguments>
<status status="PASS" starttime="20210216 17:17:05.405" endtime="20210216 17:17:05.406"></status>
</kw>
<kw name="Execute Javascript" library="SeleniumLibrary">
<doc>Executes the given JavaScript code with possible arguments.</doc>
<arguments>
<arg>window.scrollTo(0,document.body.scrollHeight)</arg>
</arguments>
<msg timestamp="20210216 17:17:05.406" level="INFO">Executing JavaScript:
window.scrollTo(0,document.body.scrollHeight)
Without any arguments.</msg>
<status status="PASS" starttime="20210216 17:17:05.406" endtime="20210216 17:17:05.410"></status>
</kw>
<status status="PASS" starttime="20210216 17:17:05.395" endtime="20210216 17:17:05.410"></status>
</kw>
<kw name="${i} = 5" type="foritem">
<kw name="Get Text" library="SeleniumLibrary">
<doc>Returns the text value of the element identified by ``locator``.</doc>
<arguments>
<arg>xpath=//*[@id="guideCounter"]</arg>
</arguments>
<assign>
<var>${guide_counter}</var>
</assign>
<msg timestamp="20210216 17:17:05.420" level="INFO">${guide_counter} = 5 z 10</msg>
<status status="PASS" starttime="20210216 17:17:05.410" endtime="20210216 17:17:05.420"></status>
</kw>
<kw name="Exit For Loop If" library="BuiltIn">
<doc>Stops executing the enclosing for loop if the ``condition`` is true.</doc>
<arguments>
<arg>"${guide_counter}" == "${text_of_guides_total} z ${text_of_guides_total}"</arg>
</arguments>
<status status="PASS" starttime="20210216 17:17:05.420" endtime="20210216 17:17:05.421"></status>
</kw>
<kw name="Execute Javascript" library="SeleniumLibrary">
<doc>Executes the given JavaScript code with possible arguments.</doc>
<arguments>
<arg>window.scrollTo(0,document.body.scrollHeight)</arg>
</arguments>
<msg timestamp="20210216 17:17:05.421" level="INFO">Executing JavaScript:
window.scrollTo(0,document.body.scrollHeight)
Without any arguments.</msg>
<status status="PASS" starttime="20210216 17:17:05.421" endtime="20210216 17:17:05.424"></status>
</kw>
<status status="PASS" starttime="20210216 17:17:05.410" endtime="20210216 17:17:05.424"></status>
</kw>
<kw name="${i} = 6" type="foritem">
<kw name="Get Text" library="SeleniumLibrary">
<doc>Returns the text value of the element identified by ``locator``.</doc>
<arguments>
<arg>xpath=//*[@id="guideCounter"]</arg>
</arguments>
<assign>
<var>${guide_counter}</var>
</assign>
<msg timestamp="20210216 17:17:05.435" level="INFO">${guide_counter} = 5 z 10</msg>
<status status="PASS" starttime="20210216 17:17:05.425" endtime="20210216 17:17:05.435"></status>
</kw>
<kw name="Exit For Loop If" library="BuiltIn">
<doc>Stops executing the enclosing for loop if the ``condition`` is true.</doc>
<arguments>
<arg>"${guide_counter}" == "${text_of_guides_total} z ${text_of_guides_total}"</arg>
</arguments>
<status status="PASS" starttime="20210216 17:17:05.435" endtime="20210216 17:17:05.436"></status>
</kw>
<kw name="Execute Javascript" library="SeleniumLibrary">
<doc>Executes the given JavaScript code with possible arguments.</doc>
<arguments>
<arg>window.scrollTo(0,document.body.scrollHeight)</arg>
</arguments>
<msg timestamp="20210216 17:17:05.436" level="INFO">Executing JavaScript:
window.scrollTo(0,document.body.scrollHeight)
Without any arguments.</msg>
<status status="PASS" starttime="20210216 17:17:05.436" endtime="20210216 17:17:05.438"></status>
</kw>
<status status="PASS" starttime="20210216 17:17:05.425" endtime="20210216 17:17:05.439"></status>
</kw>
<kw name="${i} = 7" type="foritem">
<kw name="Get Text" library="SeleniumLibrary">
<doc>Returns the text value of the element identified by ``locator``.</doc>
<arguments>
<arg>xpath=//*[@id="guideCounter"]</arg>
</arguments>
<assign>
<var>${guide_counter}</var>
</assign>
<msg timestamp="20210216 17:17:05.447" level="INFO">${guide_counter} = 5 z 10</msg>
<status status="PASS" starttime="20210216 17:17:05.439" endtime="20210216 17:17:05.447"></status>
</kw>
<kw name="Exit For Loop If" library="BuiltIn">
<doc>Stops executing the enclosing for loop if the ``condition`` is true.</doc>
<arguments>
<arg>"${guide_counter}" == "${text_of_guides_total} z ${text_of_guides_total}"</arg>
</arguments>
<status status="PASS" starttime="20210216 17:17:05.448" endtime="20210216 17:17:05.448"></status>
</kw>
<kw name="Execute Javascript" library="SeleniumLibrary">
<doc>Executes the given JavaScript code with possible arguments.</doc>
<arguments>
<arg>window.scrollTo(0,document.body.scrollHeight)</arg>
</arguments>
<msg timestamp="20210216 17:17:05.448" level="INFO">Executing JavaScript:
window.scrollTo(0,document.body.scrollHeight)
Without any arguments.</msg>
<status status="PASS" starttime="20210216 17:17:05.448" endtime="20210216 17:17:05.451"></status>
</kw>
<status status="PASS" starttime="20210216 17:17:05.439" endtime="20210216 17:17:05.451"></status>
</kw>
<kw name="${i} = 8" type="foritem">
<kw name="Get Text" library="SeleniumLibrary">
<doc>Returns the text value of the element identified by ``locator``.</doc>
<arguments>
<arg>xpath=//*[@id="guideCounter"]</arg>
</arguments>
<assign>
<var>${guide_counter}</var>
</assign>
<msg timestamp="20210216 17:17:05.460" level="INFO">${guide_counter} = 5 z 10</msg>
<status status="PASS" starttime="20210216 17:17:05.451" endtime="20210216 17:17:05.460"></status>
</kw>
<kw name="Exit For Loop If" library="BuiltIn">
<doc>Stops executing the enclosing for loop if the ``condition`` is true.</doc>
<arguments>
<arg>"${guide_counter}" == "${text_of_guides_total} z ${text_of_guides_total}"</arg>
</arguments>
<status status="PASS" starttime="20210216 17:17:05.460" endtime="20210216 17:17:05.460"></status>
</kw>
<kw name="Execute Javascript" library="SeleniumLibrary">
<doc>Executes the given JavaScript code with possible arguments.</doc>
<arguments>
<arg>window.scrollTo(0,document.body.scrollHeight)</arg>
</arguments>
<msg timestamp="20210216 17:17:05.461" level="INFO">Executing JavaScript:
window.scrollTo(0,document.body.scrollHeight)
Without any arguments.</msg>
<status status="PASS" starttime="20210216 17:17:05.460" endtime="20210216 17:17:05.463"></status>
</kw>
<status status="PASS" starttime="20210216 17:17:05.451" endtime="20210216 17:17:05.463"></status>
</kw>
<kw name="${i} = 9" type="foritem">
<kw name="Get Text" library="SeleniumLibrary">
<doc>Returns the text value of the element identified by ``locator``.</doc>
<arguments>
<arg>xpath=//*[@id="guideCounter"]</arg>
</arguments>
<assign>
<var>${guide_counter}</var>
</assign>
<msg timestamp="20210216 17:17:05.473" level="INFO">${guide_counter} = 5 z 10</msg>
<status status="PASS" starttime="20210216 17:17:05.463" endtime="20210216 17:17:05.473"></status>
</kw>
<kw name="Exit For Loop If" library="BuiltIn">
<doc>Stops executing the enclosing for loop if the ``condition`` is true.</doc>
<arguments>
<arg>"${guide_counter}" == "${text_of_guides_total} z ${text_of_guides_total}"</arg>
</arguments>
<status status="PASS" starttime="20210216 17:17:05.473" endtime="20210216 17:17:05.474"></status>
</kw>
<kw name="Execute Javascript" library="SeleniumLibrary">
<doc>Executes the given JavaScript code with possible arguments.</doc>
<arguments>
<arg>window.scrollTo(0,document.body.scrollHeight)</arg>
</arguments>
<msg timestamp="20210216 17:17:05.474" level="INFO">Executing JavaScript:
window.scrollTo(0,document.body.scrollHeight)
Without any arguments.</msg>
<status status="PASS" starttime="20210216 17:17:05.474" endtime="20210216 17:17:05.477"></status>
</kw>
<status status="PASS" starttime="20210216 17:17:05.463" endtime="20210216 17:17:05.477"></status>
</kw>
<kw name="${i} = 10" type="foritem">
<kw name="Get Text" library="SeleniumLibrary">
<doc>Returns the text value of the element identified by ``locator``.</doc>
<arguments>
<arg>xpath=//*[@id="guideCounter"]</arg>
</arguments>
<assign>
<var>${guide_counter}</var>
</assign>
<msg timestamp="20210216 17:17:05.486" level="INFO">${guide_counter} = 5 z 10</msg>
<status status="PASS" starttime="20210216 17:17:05.477" endtime="20210216 17:17:05.486"></status>
</kw>
<kw name="Exit For Loop If" library="BuiltIn">
<doc>Stops executing the enclosing for loop if the ``condition`` is true.</doc>
<arguments>
<arg>"${guide_counter}" == "${text_of_guides_total} z ${text_of_guides_total}"</arg>
</arguments>
<status status="PASS" starttime="20210216 17:17:05.486" endtime="20210216 17:17:05.487"></status>
</kw>
<kw name="Execute Javascript" library="SeleniumLibrary">
<doc>Executes the given JavaScript code with possible arguments.</doc>
<arguments>
<arg>window.scrollTo(0,document.body.scrollHeight)</arg>
</arguments>
<msg timestamp="20210216 17:17:05.487" level="INFO">Executing JavaScript:
window.scrollTo(0,document.body.scrollHeight)
Without any arguments.</msg>
<status status="PASS" starttime="20210216 17:17:05.487" endtime="20210216 17:17:05.489"></status>
</kw>
<status status="PASS" starttime="20210216 17:17:05.477" endtime="20210216 17:17:05.489"></status>
</kw>
<kw name="${i} = 11" type="foritem">
<kw name="Get Text" library="SeleniumLibrary">
<doc>Returns the text value of the element identified by ``locator``.</doc>
<arguments>
<arg>xpath=//*[@id="guideCounter"]</arg>
</arguments>
<assign>
<var>${guide_counter}</var>
</assign>
<msg timestamp="20210216 17:17:05.497" level="INFO">${guide_counter} = 5 z 10</msg>
<status status="PASS" starttime="20210216 17:17:05.490" endtime="20210216 17:17:05.498"></status>
</kw>
<kw name="Exit For Loop If" library="BuiltIn">
<doc>Stops executing the enclosing for loop if the ``condition`` is true.</doc>
<arguments>
<arg>"${guide_counter}" == "${text_of_guides_total} z ${text_of_guides_total}"</arg>
</arguments>
<status status="PASS" starttime="20210216 17:17:05.498" endtime="20210216 17:17:05.498"></status>
</kw>
<kw name="Execute Javascript" library="SeleniumLibrary">
<doc>Executes the given JavaScript code with possible arguments.</doc>
<arguments>
<arg>window.scrollTo(0,document.body.scrollHeight)</arg>
</arguments>
<msg timestamp="20210216 17:17:05.499" level="INFO">Executing JavaScript:
window.scrollTo(0,document.body.scrollHeight)
Without any arguments.</msg>
<status status="PASS" starttime="20210216 17:17:05.498" endtime="20210216 17:17:05.501"></status>
</kw>
<status status="PASS" starttime="20210216 17:17:05.489" endtime="20210216 17:17:05.501"></status>
</kw>
<kw name="${i} = 12" type="foritem">
<kw name="Get Text" library="SeleniumLibrary">
<doc>Returns the text value of the element identified by ``locator``.</doc>
<arguments>
<arg>xpath=//*[@id="guideCounter"]</arg>
</arguments>
<assign>
<var>${guide_counter}</var>
</assign>
<msg timestamp="20210216 17:17:05.512" level="INFO">${guide_counter} = 5 z 10</msg>
<status status="PASS" starttime="20210216 17:17:05.502" endtime="20210216 17:17:05.512"></status>
</kw>
<kw name="Exit For Loop If" library="BuiltIn">
<doc>Stops executing the enclosing for loop if the ``condition`` is true.</doc>
<arguments>
<arg>"${guide_counter}" == "${text_of_guides_total} z ${text_of_guides_total}"</arg>
</arguments>
<status status="PASS" starttime="20210216 17:17:05.512" endtime="20210216 17:17:05.512"></status>
</kw>
<kw name="Execute Javascript" library="SeleniumLibrary">
<doc>Executes the given JavaScript code with possible arguments.</doc>
<arguments>
<arg>window.scrollTo(0,document.body.scrollHeight)</arg>
</arguments>
<msg timestamp="20210216 17:17:05.512" level="INFO">Executing JavaScript:
window.scrollTo(0,document.body.scrollHeight)
Without any arguments.</msg>
<status status="PASS" starttime="20210216 17:17:05.512" endtime="20210216 17:17:05.516"></status>
</kw>
<status status="PASS" starttime="20210216 17:17:05.502" endtime="20210216 17:17:05.516"></status>
</kw>
<kw name="${i} = 13" type="foritem">
<kw name="Get Text" library="SeleniumLibrary">
<doc>Returns the text value of the element identified by ``locator``.</doc>
<arguments>
<arg>xpath=//*[@id="guideCounter"]</arg>
</arguments>
<assign>
<var>${guide_counter}</var>
</assign>
<msg timestamp="20210216 17:17:05.527" level="INFO">${guide_counter} = 5 z 10</msg>
<status status="PASS" starttime="20210216 17:17:05.516" endtime="20210216 17:17:05.527"></status>
</kw>
<kw name="Exit For Loop If" library="BuiltIn">
<doc>Stops executing the enclosing for loop if the ``condition`` is true.</doc>
<arguments>
<arg>"${guide_counter}" == "${text_of_guides_total} z ${text_of_guides_total}"</arg>
</arguments>
<status status="PASS" starttime="20210216 17:17:05.527" endtime="20210216 17:17:05.528"></status>
</kw>
<kw name="Execute Javascript" library="SeleniumLibrary">
<doc>Executes the given JavaScript code with possible arguments.</doc>
<arguments>
<arg>window.scrollTo(0,document.body.scrollHeight)</arg>
</arguments>
<msg timestamp="20210216 17:17:05.528" level="INFO">Executing JavaScript:
window.scrollTo(0,document.body.scrollHeight)
Without any arguments.</msg>
<status status="PASS" starttime="20210216 17:17:05.528" endtime="20210216 17:17:05.532"></status>
</kw>
<status status="PASS" starttime="20210216 17:17:05.516" endtime="20210216 17:17:05.532"></status>
</kw>
<kw name="${i} = 14" type="foritem">
<kw name="Get Text" library="SeleniumLibrary">
<doc>Returns the text value of the element identified by ``locator``.</doc>
<arguments>
<arg>xpath=//*[@id="guideCounter"]</arg>
</arguments>
<assign>
<var>${guide_counter}</var>
</assign>
<msg timestamp="20210216 17:17:05.543" level="INFO">${guide_counter} = 5 z 10</msg>
<status status="PASS" starttime="20210216 17:17:05.532" endtime="20210216 17:17:05.543"></status>
</kw>
<kw name="Exit For Loop If" library="BuiltIn">
<doc>Stops executing the enclosing for loop if the ``condition`` is true.</doc>
<arguments>
<arg>"${guide_counter}" == "${text_of_guides_total} z ${text_of_guides_total}"</arg>
</arguments>
<status status="PASS" starttime="20210216 17:17:05.543" endtime="20210216 17:17:05.544"></status>
</kw>
<kw name="Execute Javascript" library="SeleniumLibrary">
<doc>Executes the given JavaScript code with possible arguments.</doc>
<arguments>
<arg>window.scrollTo(0,document.body.scrollHeight)</arg>
</arguments>
<msg timestamp="20210216 17:17:05.544" level="INFO">Executing JavaScript:
window.scrollTo(0,document.body.scrollHeight)
Without any arguments.</msg>
<status status="PASS" starttime="20210216 17:17:05.544" endtime="20210216 17:17:05.548"></status>
</kw>
<status status="PASS" starttime="20210216 17:17:05.532" endtime="20210216 17:17:05.548"></status>
</kw>
<kw name="${i} = 15" type="foritem">
<kw name="Get Text" library="SeleniumLibrary">
<doc>Returns the text value of the element identified by ``locator``.</doc>
<arguments>
<arg>xpath=//*[@id="guideCounter"]</arg>
</arguments>
<assign>
<var>${guide_counter}</var>
</assign>
<msg timestamp="20210216 17:17:05.559" level="INFO">${guide_counter} = 5 z 10</msg>
<status status="PASS" starttime="20210216 17:17:05.548" endtime="20210216 17:17:05.559"></status>
</kw>
<kw name="Exit For Loop If" library="BuiltIn">
<doc>Stops executing the enclosing for loop if the ``condition`` is true.</doc>
<arguments>
<arg>"${guide_counter}" == "${text_of_guides_total} z ${text_of_guides_total}"</arg>
</arguments>
<status status="PASS" starttime="20210216 17:17:05.559" endtime="20210216 17:17:05.559"></status>
</kw>
<kw name="Execute Javascript" library="SeleniumLibrary">
<doc>Executes the given JavaScript code with possible arguments.</doc>
<arguments>
<arg>window.scrollTo(0,document.body.scrollHeight)</arg>
</arguments>
<msg timestamp="20210216 17:17:05.560" level="INFO">Executing JavaScript:
window.scrollTo(0,document.body.scrollHeight)
Without any arguments.</msg>
<status status="PASS" starttime="20210216 17:17:05.560" endtime="20210216 17:17:05.563"></status>
</kw>
<status status="PASS" starttime="20210216 17:17:05.548" endtime="20210216 17:17:05.564"></status>
</kw>
<kw name="${i} = 16" type="foritem">
<kw name="Get Text" library="SeleniumLibrary">
<doc>Returns the text value of the element identified by ``locator``.</doc>
<arguments>
<arg>xpath=//*[@id="guideCounter"]</arg>
</arguments>
<assign>
<var>${guide_counter}</var>
</assign>
<msg timestamp="20210216 17:17:05.574" level="INFO">${guide_counter} = 5 z 10</msg>
<status status="PASS" starttime="20210216 17:17:05.564" endtime="20210216 17:17:05.574"></status>
</kw>
<kw name="Exit For Loop If" library="BuiltIn">
<doc>Stops executing the enclosing for loop if the ``condition`` is true.</doc>
<arguments>
<arg>"${guide_counter}" == "${text_of_guides_total} z ${text_of_guides_total}"</arg>
</arguments>
<status status="PASS" starttime="20210216 17:17:05.574" endtime="20210216 17:17:05.575"></status>
</kw>
<kw name="Execute Javascript" library="SeleniumLibrary">
<doc>Executes the given JavaScript code with possible arguments.</doc>
<arguments>
<arg>window.scrollTo(0,document.body.scrollHeight)</arg>
</arguments>
<msg timestamp="20210216 17:17:05.575" level="INFO">Executing JavaScript:
window.scrollTo(0,document.body.scrollHeight)
Without any arguments.</msg>
<status status="PASS" starttime="20210216 17:17:05.575" endtime="20210216 17:17:05.579"></status>
</kw>
<status status="PASS" starttime="20210216 17:17:05.564" endtime="20210216 17:17:05.579"></status>
</kw>
<kw name="${i} = 17" type="foritem">
<kw name="Get Text" library="SeleniumLibrary">
<doc>Returns the text value of the element identified by ``locator``.</doc>
<arguments>
<arg>xpath=//*[@id="guideCounter"]</arg>
</arguments>
<assign>
<var>${guide_counter}</var>
</assign>
<msg timestamp="20210216 17:17:05.589" level="INFO">${guide_counter} = 5 z 10</msg>
<status status="PASS" starttime="20210216 17:17:05.579" endtime="20210216 17:17:05.589"></status>
</kw>
<kw name="Exit For Loop If" library="BuiltIn">
<doc>Stops executing the enclosing for loop if the ``condition`` is true.</doc>
<arguments>
<arg>"${guide_counter}" == "${text_of_guides_total} z ${text_of_guides_total}"</arg>
</arguments>
<status status="PASS" starttime="20210216 17:17:05.589" endtime="20210216 17:17:05.590"></status>
</kw>
<kw name="Execute Javascript" library="SeleniumLibrary">
<doc>Executes the given JavaScript code with possible arguments.</doc>
<arguments>
<arg>window.scrollTo(0,document.body.scrollHeight)</arg>
</arguments>
<msg timestamp="20210216 17:17:05.590" level="INFO">Executing JavaScript:
window.scrollTo(0,document.body.scrollHeight)
Without any arguments.</msg>
<status status="PASS" starttime="20210216 17:17:05.590" endtime="20210216 17:17:05.593"></status>
</kw>
<status status="PASS" starttime="20210216 17:17:05.579" endtime="20210216 17:17:05.594"></status>
</kw>
<kw name="${i} = 18" type="foritem">
<kw name="Get Text" library="SeleniumLibrary">
<doc>Returns the text value of the element identified by ``locator``.</doc>
<arguments>
<arg>xpath=//*[@id="guideCounter"]</arg>
</arguments>
<assign>
<var>${guide_counter}</var>
</assign>
<msg timestamp="20210216 17:17:05.603" level="INFO">${guide_counter} = 5 z 10</msg>
<status status="PASS" starttime="20210216 17:17:05.594" endtime="20210216 17:17:05.603"></status>
</kw>
<kw name="Exit For Loop If" library="BuiltIn">
<doc>Stops executing the enclosing for loop if the ``condition`` is true.</doc>
<arguments>
<arg>"${guide_counter}" == "${text_of_guides_total} z ${text_of_guides_total}"</arg>
</arguments>
<status status="PASS" starttime="20210216 17:17:05.603" endtime="20210216 17:17:05.603"></status>
</kw>
<kw name="Execute Javascript" library="SeleniumLibrary">
<doc>Executes the given JavaScript code with possible arguments.</doc>
<arguments>
<arg>window.scrollTo(0,document.body.scrollHeight)</arg>
</arguments>
<msg timestamp="20210216 17:17:05.604" level="INFO">Executing JavaScript:
window.scrollTo(0,document.body.scrollHeight)
Without any arguments.</msg>
<status status="PASS" starttime="20210216 17:17:05.603" endtime="20210216 17:17:05.606"></status>
</kw>
<status status="PASS" starttime="20210216 17:17:05.594" endtime="20210216 17:17:05.606"></status>
</kw>
<kw name="${i} = 19" type="foritem">
<kw name="Get Text" library="SeleniumLibrary">
<doc>Returns the text value of the element identified by ``locator``.</doc>
<arguments>
<arg>xpath=//*[@id="guideCounter"]</arg>
</arguments>
<assign>
<var>${guide_counter}</var>
</assign>
<msg timestamp="20210216 17:17:05.615" level="INFO">${guide_counter} = 5 z 10</msg>
<status status="PASS" starttime="20210216 17:17:05.606" endtime="20210216 17:17:05.615"></status>
</kw>
<kw name="Exit For Loop If" library="BuiltIn">
<doc>Stops executing the enclosing for loop if the ``condition`` is true.</doc>
<arguments>
<arg>"${guide_counter}" == "${text_of_guides_total} z ${text_of_guides_total}"</arg>
</arguments>
<status status="PASS" starttime="20210216 17:17:05.615" endtime="20210216 17:17:05.616"></status>
</kw>
<kw name="Execute Javascript" library="SeleniumLibrary">
<doc>Executes the given JavaScript code with possible arguments.</doc>
<arguments>
<arg>window.scrollTo(0,document.body.scrollHeight)</arg>
</arguments>
<msg timestamp="20210216 17:17:05.616" level="INFO">Executing JavaScript:
window.scrollTo(0,document.body.scrollHeight)
Without any arguments.</msg>
<status status="PASS" starttime="20210216 17:17:05.616" endtime="20210216 17:17:05.619"></status>
</kw>
<status status="PASS" starttime="20210216 17:17:05.606" endtime="20210216 17:17:05.619"></status>
</kw>
<kw name="${i} = 20" type="foritem">
<kw name="Get Text" library="SeleniumLibrary">
<doc>Returns the text value of the element identified by ``locator``.</doc>
<arguments>
<arg>xpath=//*[@id="guideCounter"]</arg>
</arguments>
<assign>
<var>${guide_counter}</var>
</assign>
<msg timestamp="20210216 17:17:05.629" level="INFO">${guide_counter} = 5 z 10</msg>
<status status="PASS" starttime="20210216 17:17:05.619" endtime="20210216 17:17:05.629"></status>
</kw>
<kw name="Exit For Loop If" library="BuiltIn">
<doc>Stops executing the enclosing for loop if the ``condition`` is true.</doc>
<arguments>
<arg>"${guide_counter}" == "${text_of_guides_total} z ${text_of_guides_total}"</arg>
</arguments>
<status status="PASS" starttime="20210216 17:17:05.629" endtime="20210216 17:17:05.629"></status>
</kw>
<kw name="Execute Javascript" library="SeleniumLibrary">
<doc>Executes the given JavaScript code with possible arguments.</doc>
<arguments>
<arg>window.scrollTo(0,document.body.scrollHeight)</arg>
</arguments>
<msg timestamp="20210216 17:17:05.630" level="INFO">Executing JavaScript:
window.scrollTo(0,document.body.scrollHeight)
Without any arguments.</msg>
<status status="PASS" starttime="20210216 17:17:05.629" endtime="20210216 17:17:05.632"></status>
</kw>
<status status="PASS" starttime="20210216 17:17:05.619" endtime="20210216 17:17:05.633"></status>
</kw>
<kw name="${i} = 21" type="foritem">
<kw name="Get Text" library="SeleniumLibrary">
<doc>Returns the text value of the element identified by ``locator``.</doc>
<arguments>
<arg>xpath=//*[@id="guideCounter"]</arg>
</arguments>
<assign>
<var>${guide_counter}</var>
</assign>
<msg timestamp="20210216 17:17:05.642" level="INFO">${guide_counter} = 5 z 10</msg>
<status status="PASS" starttime="20210216 17:17:05.633" endtime="20210216 17:17:05.642"></status>
</kw>
<kw name="Exit For Loop If" library="BuiltIn">
<doc>Stops executing the enclosing for loop if the ``condition`` is true.</doc>
<arguments>
<arg>"${guide_counter}" == "${text_of_guides_total} z ${text_of_guides_total}"</arg>
</arguments>
<status status="PASS" starttime="20210216 17:17:05.643" endtime="20210216 17:17:05.643"></status>
</kw>
<kw name="Execute Javascript" library="SeleniumLibrary">
<doc>Executes the given JavaScript code with possible arguments.</doc>
<arguments>
<arg>window.scrollTo(0,document.body.scrollHeight)</arg>
</arguments>
<msg timestamp="20210216 17:17:05.643" level="INFO">Executing JavaScript:
window.scrollTo(0,document.body.scrollHeight)
Without any arguments.</msg>
<status status="PASS" starttime="20210216 17:17:05.643" endtime="20210216 17:17:05.646"></status>
</kw>
<status status="PASS" starttime="20210216 17:17:05.633" endtime="20210216 17:17:05.646"></status>
</kw>
<kw name="${i} = 22" type="foritem">
<kw name="Get Text" library="SeleniumLibrary">
<doc>Returns the text value of the element identified by ``locator``.</doc>
<arguments>
<arg>xpath=//*[@id="guideCounter"]</arg>
</arguments>
<assign>
<var>${guide_counter}</var>
</assign>
<msg timestamp="20210216 17:17:05.656" level="INFO">${guide_counter} = 5 z 10</msg>
<status status="PASS" starttime="20210216 17:17:05.646" endtime="20210216 17:17:05.656"></status>
</kw>
<kw name="Exit For Loop If" library="BuiltIn">
<doc>Stops executing the enclosing for loop if the ``condition`` is true.</doc>
<arguments>
<arg>"${guide_counter}" == "${text_of_guides_total} z ${text_of_guides_total}"</arg>
</arguments>
<status status="PASS" starttime="20210216 17:17:05.656" endtime="20210216 17:17:05.657"></status>
</kw>
<kw name="Execute Javascript" library="SeleniumLibrary">
<doc>Executes the given JavaScript code with possible arguments.</doc>
<arguments>
<arg>window.scrollTo(0,document.body.scrollHeight)</arg>
</arguments>
<msg timestamp="20210216 17:17:05.657" level="INFO">Executing JavaScript:
window.scrollTo(0,document.body.scrollHeight)
Without any arguments.</msg>
<status status="PASS" starttime="20210216 17:17:05.657" endtime="20210216 17:17:05.660"></status>
</kw>
<status status="PASS" starttime="20210216 17:17:05.646" endtime="20210216 17:17:05.661"></status>
</kw>
<kw name="${i} = 23" type="foritem">
<kw name="Get Text" library="SeleniumLibrary">
<doc>Returns the text value of the element identified by ``locator``.</doc>
<arguments>
<arg>xpath=//*[@id="guideCounter"]</arg>
</arguments>
<assign>
<var>${guide_counter}</var>
</assign>
<msg timestamp="20210216 17:17:05.670" level="INFO">${guide_counter} = 5 z 10</msg>
<status status="PASS" starttime="20210216 17:17:05.661" endtime="20210216 17:17:05.670"></status>
</kw>
<kw name="Exit For Loop If" library="BuiltIn">
<doc>Stops executing the enclosing for loop if the ``condition`` is true.</doc>
<arguments>
<arg>"${guide_counter}" == "${text_of_guides_total} z ${text_of_guides_total}"</arg>
</arguments>
<status status="PASS" starttime="20210216 17:17:05.670" endtime="20210216 17:17:05.671"></status>
</kw>
<kw name="Execute Javascript" library="SeleniumLibrary">
<doc>Executes the given JavaScript code with possible arguments.</doc>
<arguments>
<arg>window.scrollTo(0,document.body.scrollHeight)</arg>
</arguments>
<msg timestamp="20210216 17:17:05.671" level="INFO">Executing JavaScript:
window.scrollTo(0,document.body.scrollHeight)
Without any arguments.</msg>
<status status="PASS" starttime="20210216 17:17:05.671" endtime="20210216 17:17:05.674"></status>
</kw>
<status status="PASS" starttime="20210216 17:17:05.661" endtime="20210216 17:17:05.674"></status>
</kw>
<kw name="${i} = 24" type="foritem">
<kw name="Get Text" library="SeleniumLibrary">
<doc>Returns the text value of the element identified by ``locator``.</doc>
<arguments>
<arg>xpath=//*[@id="guideCounter"]</arg>
</arguments>
<assign>
<var>${guide_counter}</var>
</assign>
<msg timestamp="20210216 17:17:05.684" level="INFO">${guide_counter} = 5 z 10</msg>
<status status="PASS" starttime="20210216 17:17:05.674" endtime="20210216 17:17:05.684"></status>
</kw>
<kw name="Exit For Loop If" library="BuiltIn">
<doc>Stops executing the enclosing for loop if the ``condition`` is true.</doc>
<arguments>
<arg>"${guide_counter}" == "${text_of_guides_total} z ${text_of_guides_total}"</arg>
</arguments>
<status status="PASS" starttime="20210216 17:17:05.684" endtime="20210216 17:17:05.685"></status>
</kw>
<kw name="Execute Javascript" library="SeleniumLibrary">
<doc>Executes the given JavaScript code with possible arguments.</doc>
<arguments>
<arg>window.scrollTo(0,document.body.scrollHeight)</arg>
</arguments>
<msg timestamp="20210216 17:17:05.685" level="INFO">Executing JavaScript:
window.scrollTo(0,document.body.scrollHeight)
Without any arguments.</msg>
<status status="PASS" starttime="20210216 17:17:05.685" endtime="20210216 17:17:05.688"></status>
</kw>
<status status="PASS" starttime="20210216 17:17:05.674" endtime="20210216 17:17:05.688"></status>
</kw>
<kw name="${i} = 25" type="foritem">
<kw name="Get Text" library="SeleniumLibrary">
<doc>Returns the text value of the element identified by ``locator``.</doc>
<arguments>
<arg>xpath=//*[@id="guideCounter"]</arg>
</arguments>
<assign>
<var>${guide_counter}</var>
</assign>
<msg timestamp="20210216 17:17:05.697" level="INFO">${guide_counter} = 5 z 10</msg>
<status status="PASS" starttime="20210216 17:17:05.689" endtime="20210216 17:17:05.697"></status>
</kw>
<kw name="Exit For Loop If" library="BuiltIn">
<doc>Stops executing the enclosing for loop if the ``condition`` is true.</doc>
<arguments>
<arg>"${guide_counter}" == "${text_of_guides_total} z ${text_of_guides_total}"</arg>
</arguments>
<status status="PASS" starttime="20210216 17:17:05.698" endtime="20210216 17:17:05.698"></status>
</kw>
<kw name="Execute Javascript" library="SeleniumLibrary">
<doc>Executes the given JavaScript code with possible arguments.</doc>
<arguments>
<arg>window.scrollTo(0,document.body.scrollHeight)</arg>
</arguments>
<msg timestamp="20210216 17:17:05.698" level="INFO">Executing JavaScript:
window.scrollTo(0,document.body.scrollHeight)
Without any arguments.</msg>
<status status="PASS" starttime="20210216 17:17:05.698" endtime="20210216 17:17:05.701"></status>
</kw>
<status status="PASS" starttime="20210216 17:17:05.688" endtime="20210216 17:17:05.701"></status>
</kw>
<kw name="${i} = 26" type="foritem">
<kw name="Get Text" library="SeleniumLibrary">
<doc>Returns the text value of the element identified by ``locator``.</doc>
<arguments>
<arg>xpath=//*[@id="guideCounter"]</arg>
</arguments>
<assign>
<var>${guide_counter}</var>
</assign>
<msg timestamp="20210216 17:17:05.710" level="INFO">${guide_counter} = 5 z 10</msg>
<status status="PASS" starttime="20210216 17:17:05.701" endtime="20210216 17:17:05.710"></status>
</kw>
<kw name="Exit For Loop If" library="BuiltIn">
<doc>Stops executing the enclosing for loop if the ``condition`` is true.</doc>
<arguments>
<arg>"${guide_counter}" == "${text_of_guides_total} z ${text_of_guides_total}"</arg>
</arguments>
<status status="PASS" starttime="20210216 17:17:05.710" endtime="20210216 17:17:05.710"></status>
</kw>
<kw name="Execute Javascript" library="SeleniumLibrary">
<doc>Executes the given JavaScript code with possible arguments.</doc>
<arguments>
<arg>window.scrollTo(0,document.body.scrollHeight)</arg>
</arguments>
<msg timestamp="20210216 17:17:05.711" level="INFO">Executing JavaScript:
window.scrollTo(0,document.body.scrollHeight)
Without any arguments.</msg>
<status status="PASS" starttime="20210216 17:17:05.710" endtime="20210216 17:17:05.713"></status>
</kw>
<status status="PASS" starttime="20210216 17:17:05.701" endtime="20210216 17:17:05.713"></status>
</kw>
<kw name="${i} = 27" type="foritem">
<kw name="Get Text" library="SeleniumLibrary">
<doc>Returns the text value of the element identified by ``locator``.</doc>
<arguments>
<arg>xpath=//*[@id="guideCounter"]</arg>
</arguments>
<assign>
<var>${guide_counter}</var>
</assign>
<msg timestamp="20210216 17:17:05.722" level="INFO">${guide_counter} = 5 z 10</msg>
<status status="PASS" starttime="20210216 17:17:05.713" endtime="20210216 17:17:05.722"></status>
</kw>
<kw name="Exit For Loop If" library="BuiltIn">
<doc>Stops executing the enclosing for loop if the ``condition`` is true.</doc>
<arguments>
<arg>"${guide_counter}" == "${text_of_guides_total} z ${text_of_guides_total}"</arg>
</arguments>
<status status="PASS" starttime="20210216 17:17:05.722" endtime="20210216 17:17:05.723"></status>
</kw>
<kw name="Execute Javascript" library="SeleniumLibrary">
<doc>Executes the given JavaScript code with possible arguments.</doc>
<arguments>
<arg>window.scrollTo(0,document.body.scrollHeight)</arg>
</arguments>
<msg timestamp="20210216 17:17:05.723" level="INFO">Executing JavaScript:
window.scrollTo(0,document.body.scrollHeight)
Without any arguments.</msg>
<status status="PASS" starttime="20210216 17:17:05.723" endtime="20210216 17:17:05.725"></status>
</kw>
<status status="PASS" starttime="20210216 17:17:05.713" endtime="20210216 17:17:05.725"></status>
</kw>
<kw name="${i} = 28" type="foritem">
<kw name="Get Text" library="SeleniumLibrary">
<doc>Returns the text value of the element identified by ``locator``.</doc>
<arguments>
<arg>xpath=//*[@id="guideCounter"]</arg>
</arguments>
<assign>
<var>${guide_counter}</var>
</assign>
<msg timestamp="20210216 17:17:05.735" level="INFO">${guide_counter} = 5 z 10</msg>
<status status="PASS" starttime="20210216 17:17:05.726" endtime="20210216 17:17:05.735"></status>
</kw>
<kw name="Exit For Loop If" library="BuiltIn">
<doc>Stops executing the enclosing for loop if the ``condition`` is true.</doc>
<arguments>
<arg>"${guide_counter}" == "${text_of_guides_total} z ${text_of_guides_total}"</arg>
</arguments>
<status status="PASS" starttime="20210216 17:17:05.735" endtime="20210216 17:17:05.735"></status>
</kw>
<kw name="Execute Javascript" library="SeleniumLibrary">
<doc>Executes the given JavaScript code with possible arguments.</doc>
<arguments>
<arg>window.scrollTo(0,document.body.scrollHeight)</arg>
</arguments>
<msg timestamp="20210216 17:17:05.736" level="INFO">Executing JavaScript:
window.scrollTo(0,document.body.scrollHeight)
Without any arguments.</msg>
<status status="PASS" starttime="20210216 17:17:05.736" endtime="20210216 17:17:05.738"></status>
</kw>
<status status="PASS" starttime="20210216 17:17:05.725" endtime="20210216 17:17:05.738"></status>
</kw>
<kw name="${i} = 29" type="foritem">
<kw name="Get Text" library="SeleniumLibrary">
<doc>Returns the text value of the element identified by ``locator``.</doc>
<arguments>
<arg>xpath=//*[@id="guideCounter"]</arg>
</arguments>
<assign>
<var>${guide_counter}</var>
</assign>
<msg timestamp="20210216 17:17:05.748" level="INFO">${guide_counter} = 5 z 10</msg>
<status status="PASS" starttime="20210216 17:17:05.739" endtime="20210216 17:17:05.748"></status>
</kw>
<kw name="Exit For Loop If" library="BuiltIn">
<doc>Stops executing the enclosing for loop if the ``condition`` is true.</doc>
<arguments>
<arg>"${guide_counter}" == "${text_of_guides_total} z ${text_of_guides_total}"</arg>
</arguments>
<status status="PASS" starttime="20210216 17:17:05.748" endtime="20210216 17:17:05.748"></status>
</kw>
<kw name="Execute Javascript" library="SeleniumLibrary">
<doc>Executes the given JavaScript code with possible arguments.</doc>
<arguments>
<arg>window.scrollTo(0,document.body.scrollHeight)</arg>
</arguments>
<msg timestamp="20210216 17:17:05.749" level="INFO">Executing JavaScript:
window.scrollTo(0,document.body.scrollHeight)
Without any arguments.</msg>
<status status="PASS" starttime="20210216 17:17:05.748" endtime="20210216 17:17:05.751"></status>
</kw>
<status status="PASS" starttime="20210216 17:17:05.739" endtime="20210216 17:17:05.751"></status>
</kw>
<kw name="${i} = 30" type="foritem">
<kw name="Get Text" library="SeleniumLibrary">
<doc>Returns the text value of the element identified by ``locator``.</doc>
<arguments>
<arg>xpath=//*[@id="guideCounter"]</arg>
</arguments>
<assign>
<var>${guide_counter}</var>
</assign>
<msg timestamp="20210216 17:17:05.760" level="INFO">${guide_counter} = 5 z 10</msg>
<status status="PASS" starttime="20210216 17:17:05.751" endtime="20210216 17:17:05.760"></status>
</kw>
<kw name="Exit For Loop If" library="BuiltIn">
<doc>Stops executing the enclosing for loop if the ``condition`` is true.</doc>
<arguments>
<arg>"${guide_counter}" == "${text_of_guides_total} z ${text_of_guides_total}"</arg>
</arguments>
<status status="PASS" starttime="20210216 17:17:05.760" endtime="20210216 17:17:05.761"></status>
</kw>
<kw name="Execute Javascript" library="SeleniumLibrary">
<doc>Executes the given JavaScript code with possible arguments.</doc>
<arguments>
<arg>window.scrollTo(0,document.body.scrollHeight)</arg>
</arguments>
<msg timestamp="20210216 17:17:05.761" level="INFO">Executing JavaScript:
window.scrollTo(0,document.body.scrollHeight)
Without any arguments.</msg>
<status status="PASS" starttime="20210216 17:17:05.761" endtime="20210216 17:17:05.764"></status>
</kw>
<status status="PASS" starttime="20210216 17:17:05.751" endtime="20210216 17:17:05.764"></status>
</kw>
<kw name="${i} = 31" type="foritem">
<kw name="Get Text" library="SeleniumLibrary">
<doc>Returns the text value of the element identified by ``locator``.</doc>
<arguments>
<arg>xpath=//*[@id="guideCounter"]</arg>
</arguments>
<assign>
<var>${guide_counter}</var>
</assign>
<msg timestamp="20210216 17:17:05.773" level="INFO">${guide_counter} = 5 z 10</msg>
<status status="PASS" starttime="20210216 17:17:05.764" endtime="20210216 17:17:05.773"></status>
</kw>
<kw name="Exit For Loop If" library="BuiltIn">
<doc>Stops executing the enclosing for loop if the ``condition`` is true.</doc>
<arguments>
<arg>"${guide_counter}" == "${text_of_guides_total} z ${text_of_guides_total}"</arg>
</arguments>
<status status="PASS" starttime="20210216 17:17:05.773" endtime="20210216 17:17:05.774"></status>
</kw>
<kw name="Execute Javascript" library="SeleniumLibrary">
<doc>Executes the given JavaScript code with possible arguments.</doc>
<arguments>
<arg>window.scrollTo(0,document.body.scrollHeight)</arg>
</arguments>
<msg timestamp="20210216 17:17:05.774" level="INFO">Executing JavaScript:
window.scrollTo(0,document.body.scrollHeight)
Without any arguments.</msg>
<status status="PASS" starttime="20210216 17:17:05.774" endtime="20210216 17:17:05.777"></status>
</kw>
<status status="PASS" starttime="20210216 17:17:05.764" endtime="20210216 17:17:05.777"></status>
</kw>
<kw name="${i} = 32" type="foritem">
<kw name="Get Text" library="SeleniumLibrary">
<doc>Returns the text value of the element identified by ``locator``.</doc>
<arguments>
<arg>xpath=//*[@id="guideCounter"]</arg>
</arguments>
<assign>
<var>${guide_counter}</var>
</assign>
<msg timestamp="20210216 17:17:05.786" level="INFO">${guide_counter} = 5 z 10</msg>
<status status="PASS" starttime="20210216 17:17:05.777" endtime="20210216 17:17:05.786"></status>
</kw>
<kw name="Exit For Loop If" library="BuiltIn">
<doc>Stops executing the enclosing for loop if the ``condition`` is true.</doc>
<arguments>
<arg>"${guide_counter}" == "${text_of_guides_total} z ${text_of_guides_total}"</arg>
</arguments>
<status status="PASS" starttime="20210216 17:17:05.786" endtime="20210216 17:17:05.787"></status>
</kw>
<kw name="Execute Javascript" library="SeleniumLibrary">
<doc>Executes the given JavaScript code with possible arguments.</doc>
<arguments>
<arg>window.scrollTo(0,document.body.scrollHeight)</arg>
</arguments>
<msg timestamp="20210216 17:17:05.787" level="INFO">Executing JavaScript:
window.scrollTo(0,document.body.scrollHeight)
Without any arguments.</msg>
<status status="PASS" starttime="20210216 17:17:05.787" endtime="20210216 17:17:05.789"></status>
</kw>
<status status="PASS" starttime="20210216 17:17:05.777" endtime="20210216 17:17:05.790"></status>
</kw>
<kw name="${i} = 33" type="foritem">
<kw name="Get Text" library="SeleniumLibrary">
<doc>Returns the text value of the element identified by ``locator``.</doc>
<arguments>
<arg>xpath=//*[@id="guideCounter"]</arg>
</arguments>
<assign>
<var>${guide_counter}</var>
</assign>
<msg timestamp="20210216 17:17:05.799" level="INFO">${guide_counter} = 5 z 10</msg>
<status status="PASS" starttime="20210216 17:17:05.790" endtime="20210216 17:17:05.799"></status>
</kw>
<kw name="Exit For Loop If" library="BuiltIn">
<doc>Stops executing the enclosing for loop if the ``condition`` is true.</doc>
<arguments>
<arg>"${guide_counter}" == "${text_of_guides_total} z ${text_of_guides_total}"</arg>
</arguments>
<status status="PASS" starttime="20210216 17:17:05.799" endtime="20210216 17:17:05.800"></status>
</kw>
<kw name="Execute Javascript" library="SeleniumLibrary">
<doc>Executes the given JavaScript code with possible arguments.</doc>
<arguments>
<arg>window.scrollTo(0,document.body.scrollHeight)</arg>
</arguments>
<msg timestamp="20210216 17:17:05.800" level="INFO">Executing JavaScript:
window.scrollTo(0,document.body.scrollHeight)
Without any arguments.</msg>
<status status="PASS" starttime="20210216 17:17:05.800" endtime="20210216 17:17:05.803"></status>
</kw>
<status status="PASS" starttime="20210216 17:17:05.790" endtime="20210216 17:17:05.803"></status>
</kw>
<kw name="${i} = 34" type="foritem">
<kw name="Get Text" library="SeleniumLibrary">
<doc>Returns the text value of the element identified by ``locator``.</doc>
<arguments>
<arg>xpath=//*[@id="guideCounter"]</arg>
</arguments>
<assign>
<var>${guide_counter}</var>
</assign>
<msg timestamp="20210216 17:17:05.813" level="INFO">${guide_counter} = 5 z 10</msg>
<status status="PASS" starttime="20210216 17:17:05.803" endtime="20210216 17:17:05.813"></status>
</kw>
<kw name="Exit For Loop If" library="BuiltIn">
<doc>Stops executing the enclosing for loop if the ``condition`` is true.</doc>
<arguments>
<arg>"${guide_counter}" == "${text_of_guides_total} z ${text_of_guides_total}"</arg>
</arguments>
<status status="PASS" starttime="20210216 17:17:05.813" endtime="20210216 17:17:05.814"></status>
</kw>
<kw name="Execute Javascript" library="SeleniumLibrary">
<doc>Executes the given JavaScript code with possible arguments.</doc>
<arguments>
<arg>window.scrollTo(0,document.body.scrollHeight)</arg>
</arguments>
<msg timestamp="20210216 17:17:05.814" level="INFO">Executing JavaScript:
window.scrollTo(0,document.body.scrollHeight)
Without any arguments.</msg>
<status status="PASS" starttime="20210216 17:17:05.814" endtime="20210216 17:17:05.818"></status>
</kw>
<status status="PASS" starttime="20210216 17:17:05.803" endtime="20210216 17:17:05.818"></status>
</kw>
<kw name="${i} = 35" type="foritem">
<kw name="Get Text" library="SeleniumLibrary">
<doc>Returns the text value of the element identified by ``locator``.</doc>
<arguments>
<arg>xpath=//*[@id="guideCounter"]</arg>
</arguments>
<assign>
<var>${guide_counter}</var>
</assign>
<msg timestamp="20210216 17:17:05.830" level="INFO">${guide_counter} = 5 z 10</msg>
<status status="PASS" starttime="20210216 17:17:05.818" endtime="20210216 17:17:05.830"></status>
</kw>
<kw name="Exit For Loop If" library="BuiltIn">
<doc>Stops executing the enclosing for loop if the ``condition`` is true.</doc>
<arguments>
<arg>"${guide_counter}" == "${text_of_guides_total} z ${text_of_guides_total}"</arg>
</arguments>
<status status="PASS" starttime="20210216 17:17:05.830" endtime="20210216 17:17:05.831"></status>
</kw>
<kw name="Execute Javascript" library="SeleniumLibrary">
<doc>Executes the given JavaScript code with possible arguments.</doc>
<arguments>
<arg>window.scrollTo(0,document.body.scrollHeight)</arg>
</arguments>
<msg timestamp="20210216 17:17:05.831" level="INFO">Executing JavaScript:
window.scrollTo(0,document.body.scrollHeight)
Without any arguments.</msg>
<status status="PASS" starttime="20210216 17:17:05.831" endtime="20210216 17:17:05.835"></status>
</kw>
<status status="PASS" starttime="20210216 17:17:05.818" endtime="20210216 17:17:05.835"></status>
</kw>
<kw name="${i} = 36" type="foritem">
<kw name="Get Text" library="SeleniumLibrary">
<doc>Returns the text value of the element identified by ``locator``.</doc>
<arguments>
<arg>xpath=//*[@id="guideCounter"]</arg>
</arguments>
<assign>
<var>${guide_counter}</var>
</assign>
<msg timestamp="20210216 17:17:05.846" level="INFO">${guide_counter} = 5 z 10</msg>
<status status="PASS" starttime="20210216 17:17:05.835" endtime="20210216 17:17:05.846"></status>
</kw>
<kw name="Exit For Loop If" library="BuiltIn">
<doc>Stops executing the enclosing for loop if the ``condition`` is true.</doc>
<arguments>
<arg>"${guide_counter}" == "${text_of_guides_total} z ${text_of_guides_total}"</arg>
</arguments>
<status status="PASS" starttime="20210216 17:17:05.846" endtime="20210216 17:17:05.846"></status>
</kw>
<kw name="Execute Javascript" library="SeleniumLibrary">
<doc>Executes the given JavaScript code with possible arguments.</doc>
<arguments>
<arg>window.scrollTo(0,document.body.scrollHeight)</arg>
</arguments>
<msg timestamp="20210216 17:17:05.847" level="INFO">Executing JavaScript:
window.scrollTo(0,document.body.scrollHeight)
Without any arguments.</msg>
<status status="PASS" starttime="20210216 17:17:05.846" endtime="20210216 17:17:05.849"></status>
</kw>
<status status="PASS" starttime="20210216 17:17:05.835" endtime="20210216 17:17:05.849"></status>
</kw>
<kw name="${i} = 37" type="foritem">
<kw name="Get Text" library="SeleniumLibrary">
<doc>Returns the text value of the element identified by ``locator``.</doc>
<arguments>
<arg>xpath=//*[@id="guideCounter"]</arg>
</arguments>
<assign>
<var>${guide_counter}</var>
</assign>
<msg timestamp="20210216 17:17:05.858" level="INFO">${guide_counter} = 5 z 10</msg>
<status status="PASS" starttime="20210216 17:17:05.849" endtime="20210216 17:17:05.858"></status>
</kw>
<kw name="Exit For Loop If" library="BuiltIn">
<doc>Stops executing the enclosing for loop if the ``condition`` is true.</doc>
<arguments>
<arg>"${guide_counter}" == "${text_of_guides_total} z ${text_of_guides_total}"</arg>
</arguments>
<status status="PASS" starttime="20210216 17:17:05.859" endtime="20210216 17:17:05.859"></status>
</kw>
<kw name="Execute Javascript" library="SeleniumLibrary">
<doc>Executes the given JavaScript code with possible arguments.</doc>
<arguments>
<arg>window.scrollTo(0,document.body.scrollHeight)</arg>
</arguments>
<msg timestamp="20210216 17:17:05.860" level="INFO">Executing JavaScript:
window.scrollTo(0,document.body.scrollHeight)
Without any arguments.</msg>
<status status="PASS" starttime="20210216 17:17:05.859" endtime="20210216 17:17:05.862"></status>
</kw>
<status status="PASS" starttime="20210216 17:17:05.849" endtime="20210216 17:17:05.862"></status>
</kw>
<kw name="${i} = 38" type="foritem">
<kw name="Get Text" library="SeleniumLibrary">
<doc>Returns the text value of the element identified by ``locator``.</doc>
<arguments>
<arg>xpath=//*[@id="guideCounter"]</arg>
</arguments>
<assign>
<var>${guide_counter}</var>
</assign>
<msg timestamp="20210216 17:17:05.873" level="INFO">${guide_counter} = 5 z 10</msg>
<status status="PASS" starttime="20210216 17:17:05.862" endtime="20210216 17:17:05.873"></status>
</kw>
<kw name="Exit For Loop If" library="BuiltIn">
<doc>Stops executing the enclosing for loop if the ``condition`` is true.</doc>
<arguments>
<arg>"${guide_counter}" == "${text_of_guides_total} z ${text_of_guides_total}"</arg>
</arguments>
<status status="PASS" starttime="20210216 17:17:05.873" endtime="20210216 17:17:05.873"></status>
</kw>
<kw name="Execute Javascript" library="SeleniumLibrary">
<doc>Executes the given JavaScript code with possible arguments.</doc>
<arguments>
<arg>window.scrollTo(0,document.body.scrollHeight)</arg>
</arguments>
<msg timestamp="20210216 17:17:05.874" level="INFO">Executing JavaScript:
window.scrollTo(0,document.body.scrollHeight)
Without any arguments.</msg>
<status status="PASS" starttime="20210216 17:17:05.873" endtime="20210216 17:17:05.877"></status>
</kw>
<status status="PASS" starttime="20210216 17:17:05.862" endtime="20210216 17:17:05.878"></status>
</kw>
<kw name="${i} = 39" type="foritem">
<kw name="Get Text" library="SeleniumLibrary">
<doc>Returns the text value of the element identified by ``locator``.</doc>
<arguments>
<arg>xpath=//*[@id="guideCounter"]</arg>
</arguments>
<assign>
<var>${guide_counter}</var>
</assign>
<msg timestamp="20210216 17:17:05.887" level="INFO">${guide_counter} = 5 z 10</msg>
<status status="PASS" starttime="20210216 17:17:05.878" endtime="20210216 17:17:05.887"></status>
</kw>
<kw name="Exit For Loop If" library="BuiltIn">
<doc>Stops executing the enclosing for loop if the ``condition`` is true.</doc>
<arguments>
<arg>"${guide_counter}" == "${text_of_guides_total} z ${text_of_guides_total}"</arg>
</arguments>
<status status="PASS" starttime="20210216 17:17:05.887" endtime="20210216 17:17:05.888"></status>
</kw>
<kw name="Execute Javascript" library="SeleniumLibrary">
<doc>Executes the given JavaScript code with possible arguments.</doc>
<arguments>
<arg>window.scrollTo(0,document.body.scrollHeight)</arg>
</arguments>
<msg timestamp="20210216 17:17:05.888" level="INFO">Executing JavaScript:
window.scrollTo(0,document.body.scrollHeight)
Without any arguments.</msg>
<status status="PASS" starttime="20210216 17:17:05.888" endtime="20210216 17:17:05.892"></status>
</kw>
<status status="PASS" starttime="20210216 17:17:05.878" endtime="20210216 17:17:05.892"></status>
</kw>
<kw name="${i} = 40" type="foritem">
<kw name="Get Text" library="SeleniumLibrary">
<doc>Returns the text value of the element identified by ``locator``.</doc>
<arguments>
<arg>xpath=//*[@id="guideCounter"]</arg>
</arguments>
<assign>
<var>${guide_counter}</var>
</assign>
<msg timestamp="20210216 17:17:05.904" level="INFO">${guide_counter} = 5 z 10</msg>
<status status="PASS" starttime="20210216 17:17:05.893" endtime="20210216 17:17:05.904"></status>
</kw>
<kw name="Exit For Loop If" library="BuiltIn">
<doc>Stops executing the enclosing for loop if the ``condition`` is true.</doc>
<arguments>
<arg>"${guide_counter}" == "${text_of_guides_total} z ${text_of_guides_total}"</arg>
</arguments>
<status status="PASS" starttime="20210216 17:17:05.904" endtime="20210216 17:17:05.905"></status>
</kw>
<kw name="Execute Javascript" library="SeleniumLibrary">
<doc>Executes the given JavaScript code with possible arguments.</doc>
<arguments>
<arg>window.scrollTo(0,document.body.scrollHeight)</arg>
</arguments>
<msg timestamp="20210216 17:17:05.905" level="INFO">Executing JavaScript:
window.scrollTo(0,document.body.scrollHeight)
Without any arguments.</msg>
<status status="PASS" starttime="20210216 17:17:05.905" endtime="20210216 17:17:05.909"></status>
</kw>
<status status="PASS" starttime="20210216 17:17:05.892" endtime="20210216 17:17:05.909"></status>
</kw>
<kw name="${i} = 41" type="foritem">
<kw name="Get Text" library="SeleniumLibrary">
<doc>Returns the text value of the element identified by ``locator``.</doc>
<arguments>
<arg>xpath=//*[@id="guideCounter"]</arg>
</arguments>
<assign>
<var>${guide_counter}</var>
</assign>
<msg timestamp="20210216 17:17:05.922" level="INFO">${guide_counter} = 5 z 10</msg>
<status status="PASS" starttime="20210216 17:17:05.910" endtime="20210216 17:17:05.922"></status>
</kw>
<kw name="Exit For Loop If" library="BuiltIn">
<doc>Stops executing the enclosing for loop if the ``condition`` is true.</doc>
<arguments>
<arg>"${guide_counter}" == "${text_of_guides_total} z ${text_of_guides_total}"</arg>
</arguments>
<status status="PASS" starttime="20210216 17:17:05.922" endtime="20210216 17:17:05.922"></status>
</kw>
<kw name="Execute Javascript" library="SeleniumLibrary">
<doc>Executes the given JavaScript code with possible arguments.</doc>
<arguments>
<arg>window.scrollTo(0,document.body.scrollHeight)</arg>
</arguments>
<msg timestamp="20210216 17:17:05.923" level="INFO">Executing JavaScript:
window.scrollTo(0,document.body.scrollHeight)
Without any arguments.</msg>
<status status="PASS" starttime="20210216 17:17:05.922" endtime="20210216 17:17:05.927"></status>
</kw>
<status status="PASS" starttime="20210216 17:17:05.910" endtime="20210216 17:17:05.927"></status>
</kw>
<kw name="${i} = 42" type="foritem">
<kw name="Get Text" library="SeleniumLibrary">
<doc>Returns the text value of the element identified by ``locator``.</doc>
<arguments>
<arg>xpath=//*[@id="guideCounter"]</arg>
</arguments>
<assign>
<var>${guide_counter}</var>
</assign>
<msg timestamp="20210216 17:17:05.938" level="INFO">${guide_counter} = 5 z 10</msg>
<status status="PASS" starttime="20210216 17:17:05.927" endtime="20210216 17:17:05.939"></status>
</kw>
<kw name="Exit For Loop If" library="BuiltIn">
<doc>Stops executing the enclosing for loop if the ``condition`` is true.</doc>
<arguments>
<arg>"${guide_counter}" == "${text_of_guides_total} z ${text_of_guides_total}"</arg>
</arguments>
<status status="PASS" starttime="20210216 17:17:05.939" endtime="20210216 17:17:05.939"></status>
</kw>
<kw name="Execute Javascript" library="SeleniumLibrary">
<doc>Executes the given JavaScript code with possible arguments.</doc>
<arguments>
<arg>window.scrollTo(0,document.body.scrollHeight)</arg>
</arguments>
<msg timestamp="20210216 17:17:05.939" level="INFO">Executing JavaScript:
window.scrollTo(0,document.body.scrollHeight)
Without any arguments.</msg>
<status status="PASS" starttime="20210216 17:17:05.939" endtime="20210216 17:17:05.943"></status>
</kw>
<status status="PASS" starttime="20210216 17:17:05.927" endtime="20210216 17:17:05.943"></status>
</kw>
<kw name="${i} = 43" type="foritem">
<kw name="Get Text" library="SeleniumLibrary">
<doc>Returns the text value of the element identified by ``locator``.</doc>
<arguments>
<arg>xpath=//*[@id="guideCounter"]</arg>
</arguments>
<assign>
<var>${guide_counter}</var>
</assign>
<msg timestamp="20210216 17:17:05.954" level="INFO">${guide_counter} = 5 z 10</msg>
<status status="PASS" starttime="20210216 17:17:05.943" endtime="20210216 17:17:05.954"></status>
</kw>
<kw name="Exit For Loop If" library="BuiltIn">
<doc>Stops executing the enclosing for loop if the ``condition`` is true.</doc>
<arguments>
<arg>"${guide_counter}" == "${text_of_guides_total} z ${text_of_guides_total}"</arg>
</arguments>
<status status="PASS" starttime="20210216 17:17:05.954" endtime="20210216 17:17:05.954"></status>
</kw>
<kw name="Execute Javascript" library="SeleniumLibrary">
<doc>Executes the given JavaScript code with possible arguments.</doc>
<arguments>
<arg>window.scrollTo(0,document.body.scrollHeight)</arg>
</arguments>
<msg timestamp="20210216 17:17:05.955" level="INFO">Executing JavaScript:
window.scrollTo(0,document.body.scrollHeight)
Without any arguments.</msg>
<status status="PASS" starttime="20210216 17:17:05.954" endtime="20210216 17:17:05.958"></status>
</kw>
<status status="PASS" starttime="20210216 17:17:05.943" endtime="20210216 17:17:05.958"></status>
</kw>
<kw name="${i} = 44" type="foritem">
<kw name="Get Text" library="SeleniumLibrary">
<doc>Returns the text value of the element identified by ``locator``.</doc>
<arguments>
<arg>xpath=//*[@id="guideCounter"]</arg>
</arguments>
<assign>
<var>${guide_counter}</var>
</assign>
<msg timestamp="20210216 17:17:05.974" level="INFO">${guide_counter} = 5 z 10</msg>
<status status="PASS" starttime="20210216 17:17:05.958" endtime="20210216 17:17:05.974"></status>
</kw>
<kw name="Exit For Loop If" library="BuiltIn">
<doc>Stops executing the enclosing for loop if the ``condition`` is true.</doc>
<arguments>
<arg>"${guide_counter}" == "${text_of_guides_total} z ${text_of_guides_total}"</arg>
</arguments>
<status status="PASS" starttime="20210216 17:17:05.974" endtime="20210216 17:17:05.974"></status>
</kw>
<kw name="Execute Javascript" library="SeleniumLibrary">
<doc>Executes the given JavaScript code with possible arguments.</doc>
<arguments>
<arg>window.scrollTo(0,document.body.scrollHeight)</arg>
</arguments>
<msg timestamp="20210216 17:17:05.974" level="INFO">Executing JavaScript:
window.scrollTo(0,document.body.scrollHeight)
Without any arguments.</msg>
<status status="PASS" starttime="20210216 17:17:05.974" endtime="20210216 17:17:05.979"></status>
</kw>
<status status="PASS" starttime="20210216 17:17:05.958" endtime="20210216 17:17:05.979"></status>
</kw>
<kw name="${i} = 45" type="foritem">
<kw name="Get Text" library="SeleniumLibrary">
<doc>Returns the text value of the element identified by ``locator``.</doc>
<arguments>
<arg>xpath=//*[@id="guideCounter"]</arg>
</arguments>
<assign>
<var>${guide_counter}</var>
</assign>
<msg timestamp="20210216 17:17:05.991" level="INFO">${guide_counter} = 5 z 10</msg>
<status status="PASS" starttime="20210216 17:17:05.979" endtime="20210216 17:17:05.991"></status>
</kw>
<kw name="Exit For Loop If" library="BuiltIn">
<doc>Stops executing the enclosing for loop if the ``condition`` is true.</doc>
<arguments>
<arg>"${guide_counter}" == "${text_of_guides_total} z ${text_of_guides_total}"</arg>
</arguments>
<status status="PASS" starttime="20210216 17:17:05.992" endtime="20210216 17:17:05.992"></status>
</kw>
<kw name="Execute Javascript" library="SeleniumLibrary">
<doc>Executes the given JavaScript code with possible arguments.</doc>
<arguments>
<arg>window.scrollTo(0,document.body.scrollHeight)</arg>
</arguments>
<msg timestamp="20210216 17:17:05.992" level="INFO">Executing JavaScript:
window.scrollTo(0,document.body.scrollHeight)
Without any arguments.</msg>
<status status="PASS" starttime="20210216 17:17:05.992" endtime="20210216 17:17:05.996"></status>
</kw>
<status status="PASS" starttime="20210216 17:17:05.979" endtime="20210216 17:17:05.996"></status>
</kw>
<kw name="${i} = 46" type="foritem">
<kw name="Get Text" library="SeleniumLibrary">
<doc>Returns the text value of the element identified by ``locator``.</doc>
<arguments>
<arg>xpath=//*[@id="guideCounter"]</arg>
</arguments>
<assign>
<var>${guide_counter}</var>
</assign>
<msg timestamp="20210216 17:17:06.006" level="INFO">${guide_counter} = 5 z 10</msg>
<status status="PASS" starttime="20210216 17:17:05.996" endtime="20210216 17:17:06.006"></status>
</kw>
<kw name="Exit For Loop If" library="BuiltIn">
<doc>Stops executing the enclosing for loop if the ``condition`` is true.</doc>
<arguments>
<arg>"${guide_counter}" == "${text_of_guides_total} z ${text_of_guides_total}"</arg>
</arguments>
<status status="PASS" starttime="20210216 17:17:06.006" endtime="20210216 17:17:06.007"></status>
</kw>
<kw name="Execute Javascript" library="SeleniumLibrary">
<doc>Executes the given JavaScript code with possible arguments.</doc>
<arguments>
<arg>window.scrollTo(0,document.body.scrollHeight)</arg>
</arguments>
<msg timestamp="20210216 17:17:06.007" level="INFO">Executing JavaScript:
window.scrollTo(0,document.body.scrollHeight)
Without any arguments.</msg>
<status status="PASS" starttime="20210216 17:17:06.007" endtime="20210216 17:17:06.009"></status>
</kw>
<status status="PASS" starttime="20210216 17:17:05.996" endtime="20210216 17:17:06.009"></status>
</kw>
<kw name="${i} = 47" type="foritem">
<kw name="Get Text" library="SeleniumLibrary">
<doc>Returns the text value of the element identified by ``locator``.</doc>
<arguments>
<arg>xpath=//*[@id="guideCounter"]</arg>
</arguments>
<assign>
<var>${guide_counter}</var>
</assign>
<msg timestamp="20210216 17:17:06.018" level="INFO">${guide_counter} = 5 z 10</msg>
<status status="PASS" starttime="20210216 17:17:06.010" endtime="20210216 17:17:06.018"></status>
</kw>
<kw name="Exit For Loop If" library="BuiltIn">
<doc>Stops executing the enclosing for loop if the ``condition`` is true.</doc>
<arguments>
<arg>"${guide_counter}" == "${text_of_guides_total} z ${text_of_guides_total}"</arg>
</arguments>
<status status="PASS" starttime="20210216 17:17:06.018" endtime="20210216 17:17:06.019"></status>
</kw>
<kw name="Execute Javascript" library="SeleniumLibrary">
<doc>Executes the given JavaScript code with possible arguments.</doc>
<arguments>
<arg>window.scrollTo(0,document.body.scrollHeight)</arg>
</arguments>
<msg timestamp="20210216 17:17:06.019" level="INFO">Executing JavaScript:
window.scrollTo(0,document.body.scrollHeight)
Without any arguments.</msg>
<status status="PASS" starttime="20210216 17:17:06.019" endtime="20210216 17:17:06.022"></status>
</kw>
<status status="PASS" starttime="20210216 17:17:06.010" endtime="20210216 17:17:06.022"></status>
</kw>
<kw name="${i} = 48" type="foritem">
<kw name="Get Text" library="SeleniumLibrary">
<doc>Returns the text value of the element identified by ``locator``.</doc>
<arguments>
<arg>xpath=//*[@id="guideCounter"]</arg>
</arguments>
<assign>
<var>${guide_counter}</var>
</assign>
<msg timestamp="20210216 17:17:06.031" level="INFO">${guide_counter} = 5 z 10</msg>
<status status="PASS" starttime="20210216 17:17:06.022" endtime="20210216 17:17:06.031"></status>
</kw>
<kw name="Exit For Loop If" library="BuiltIn">
<doc>Stops executing the enclosing for loop if the ``condition`` is true.</doc>
<arguments>
<arg>"${guide_counter}" == "${text_of_guides_total} z ${text_of_guides_total}"</arg>
</arguments>
<status status="PASS" starttime="20210216 17:17:06.031" endtime="20210216 17:17:06.032"></status>
</kw>
<kw name="Execute Javascript" library="SeleniumLibrary">
<doc>Executes the given JavaScript code with possible arguments.</doc>
<arguments>
<arg>window.scrollTo(0,document.body.scrollHeight)</arg>
</arguments>
<msg timestamp="20210216 17:17:06.032" level="INFO">Executing JavaScript:
window.scrollTo(0,document.body.scrollHeight)
Without any arguments.</msg>
<status status="PASS" starttime="20210216 17:17:06.032" endtime="20210216 17:17:06.034"></status>
</kw>
<status status="PASS" starttime="20210216 17:17:06.022" endtime="20210216 17:17:06.035"></status>
</kw>
<kw name="${i} = 49" type="foritem">
<kw name="Get Text" library="SeleniumLibrary">
<doc>Returns the text value of the element identified by ``locator``.</doc>
<arguments>
<arg>xpath=//*[@id="guideCounter"]</arg>
</arguments>
<assign>
<var>${guide_counter}</var>
</assign>
<msg timestamp="20210216 17:17:06.044" level="INFO">${guide_counter} = 5 z 10</msg>
<status status="PASS" starttime="20210216 17:17:06.035" endtime="20210216 17:17:06.044"></status>
</kw>
<kw name="Exit For Loop If" library="BuiltIn">
<doc>Stops executing the enclosing for loop if the ``condition`` is true.</doc>
<arguments>
<arg>"${guide_counter}" == "${text_of_guides_total} z ${text_of_guides_total}"</arg>
</arguments>
<status status="PASS" starttime="20210216 17:17:06.044" endtime="20210216 17:17:06.044"></status>
</kw>
<kw name="Execute Javascript" library="SeleniumLibrary">
<doc>Executes the given JavaScript code with possible arguments.</doc>
<arguments>
<arg>window.scrollTo(0,document.body.scrollHeight)</arg>
</arguments>
<msg timestamp="20210216 17:17:06.045" level="INFO">Executing JavaScript:
window.scrollTo(0,document.body.scrollHeight)
Without any arguments.</msg>
<status status="PASS" starttime="20210216 17:17:06.044" endtime="20210216 17:17:06.047"></status>
</kw>
<status status="PASS" starttime="20210216 17:17:06.035" endtime="20210216 17:17:06.047"></status>
</kw>
<kw name="${i} = 50" type="foritem">
<kw name="Get Text" library="SeleniumLibrary">
<doc>Returns the text value of the element identified by ``locator``.</doc>
<arguments>
<arg>xpath=//*[@id="guideCounter"]</arg>
</arguments>
<assign>
<var>${guide_counter}</var>
</assign>
<msg timestamp="20210216 17:17:06.057" level="INFO">${guide_counter} = 5 z 10</msg>
<status status="PASS" starttime="20210216 17:17:06.048" endtime="20210216 17:17:06.057"></status>
</kw>
<kw name="Exit For Loop If" library="BuiltIn">
<doc>Stops executing the enclosing for loop if the ``condition`` is true.</doc>
<arguments>
<arg>"${guide_counter}" == "${text_of_guides_total} z ${text_of_guides_total}"</arg>
</arguments>
<status status="PASS" starttime="20210216 17:17:06.057" endtime="20210216 17:17:06.057"></status>
</kw>
<kw name="Execute Javascript" library="SeleniumLibrary">
<doc>Executes the given JavaScript code with possible arguments.</doc>
<arguments>
<arg>window.scrollTo(0,document.body.scrollHeight)</arg>
</arguments>
<msg timestamp="20210216 17:17:06.057" level="INFO">Executing JavaScript:
window.scrollTo(0,document.body.scrollHeight)
Without any arguments.</msg>
<status status="PASS" starttime="20210216 17:17:06.057" endtime="20210216 17:17:06.060"></status>
</kw>
<status status="PASS" starttime="20210216 17:17:06.048" endtime="20210216 17:17:06.060"></status>
</kw>
<kw name="${i} = 51" type="foritem">
<kw name="Get Text" library="SeleniumLibrary">
<doc>Returns the text value of the element identified by ``locator``.</doc>
<arguments>
<arg>xpath=//*[@id="guideCounter"]</arg>
</arguments>
<assign>
<var>${guide_counter}</var>
</assign>
<msg timestamp="20210216 17:17:06.069" level="INFO">${guide_counter} = 5 z 10</msg>
<status status="PASS" starttime="20210216 17:17:06.060" endtime="20210216 17:17:06.069"></status>
</kw>
<kw name="Exit For Loop If" library="BuiltIn">
<doc>Stops executing the enclosing for loop if the ``condition`` is true.</doc>
<arguments>
<arg>"${guide_counter}" == "${text_of_guides_total} z ${text_of_guides_total}"</arg>
</arguments>
<status status="PASS" starttime="20210216 17:17:06.070" endtime="20210216 17:17:06.070"></status>
</kw>
<kw name="Execute Javascript" library="SeleniumLibrary">
<doc>Executes the given JavaScript code with possible arguments.</doc>
<arguments>
<arg>window.scrollTo(0,document.body.scrollHeight)</arg>
</arguments>
<msg timestamp="20210216 17:17:06.070" level="INFO">Executing JavaScript:
window.scrollTo(0,document.body.scrollHeight)
Without any arguments.</msg>
<status status="PASS" starttime="20210216 17:17:06.070" endtime="20210216 17:17:06.073"></status>
</kw>
<status status="PASS" starttime="20210216 17:17:06.060" endtime="20210216 17:17:06.073"></status>
</kw>
<kw name="${i} = 52" type="foritem">
<kw name="Get Text" library="SeleniumLibrary">
<doc>Returns the text value of the element identified by ``locator``.</doc>
<arguments>
<arg>xpath=//*[@id="guideCounter"]</arg>
</arguments>
<assign>
<var>${guide_counter}</var>
</assign>
<msg timestamp="20210216 17:17:06.082" level="INFO">${guide_counter} = 5 z 10</msg>
<status status="PASS" starttime="20210216 17:17:06.073" endtime="20210216 17:17:06.082"></status>
</kw>
<kw name="Exit For Loop If" library="BuiltIn">
<doc>Stops executing the enclosing for loop if the ``condition`` is true.</doc>
<arguments>
<arg>"${guide_counter}" == "${text_of_guides_total} z ${text_of_guides_total}"</arg>
</arguments>
<status status="PASS" starttime="20210216 17:17:06.082" endtime="20210216 17:17:06.083"></status>
</kw>
<kw name="Execute Javascript" library="SeleniumLibrary">
<doc>Executes the given JavaScript code with possible arguments.</doc>
<arguments>
<arg>window.scrollTo(0,document.body.scrollHeight)</arg>
</arguments>
<msg timestamp="20210216 17:17:06.083" level="INFO">Executing JavaScript:
window.scrollTo(0,document.body.scrollHeight)
Without any arguments.</msg>
<status status="PASS" starttime="20210216 17:17:06.083" endtime="20210216 17:17:06.085"></status>
</kw>
<status status="PASS" starttime="20210216 17:17:06.073" endtime="20210216 17:17:06.085"></status>
</kw>
<kw name="${i} = 53" type="foritem">
<kw name="Get Text" library="SeleniumLibrary">
<doc>Returns the text value of the element identified by ``locator``.</doc>
<arguments>
<arg>xpath=//*[@id="guideCounter"]</arg>
</arguments>
<assign>
<var>${guide_counter}</var>
</assign>
<msg timestamp="20210216 17:17:06.094" level="INFO">${guide_counter} = 5 z 10</msg>
<status status="PASS" starttime="20210216 17:17:06.085" endtime="20210216 17:17:06.094"></status>
</kw>
<kw name="Exit For Loop If" library="BuiltIn">
<doc>Stops executing the enclosing for loop if the ``condition`` is true.</doc>
<arguments>
<arg>"${guide_counter}" == "${text_of_guides_total} z ${text_of_guides_total}"</arg>
</arguments>
<status status="PASS" starttime="20210216 17:17:06.094" endtime="20210216 17:17:06.095"></status>
</kw>
<kw name="Execute Javascript" library="SeleniumLibrary">
<doc>Executes the given JavaScript code with possible arguments.</doc>
<arguments>
<arg>window.scrollTo(0,document.body.scrollHeight)</arg>
</arguments>
<msg timestamp="20210216 17:17:06.095" level="INFO">Executing JavaScript:
window.scrollTo(0,document.body.scrollHeight)
Without any arguments.</msg>
<status status="PASS" starttime="20210216 17:17:06.095" endtime="20210216 17:17:06.098"></status>
</kw>
<status status="PASS" starttime="20210216 17:17:06.085" endtime="20210216 17:17:06.098"></status>
</kw>
<kw name="${i} = 54" type="foritem">
<kw name="Get Text" library="SeleniumLibrary">
<doc>Returns the text value of the element identified by ``locator``.</doc>
<arguments>
<arg>xpath=//*[@id="guideCounter"]</arg>
</arguments>
<assign>
<var>${guide_counter}</var>
</assign>
<msg timestamp="20210216 17:17:06.106" level="INFO">${guide_counter} = 5 z 10</msg>
<status status="PASS" starttime="20210216 17:17:06.098" endtime="20210216 17:17:06.106"></status>
</kw>
<kw name="Exit For Loop If" library="BuiltIn">
<doc>Stops executing the enclosing for loop if the ``condition`` is true.</doc>
<arguments>
<arg>"${guide_counter}" == "${text_of_guides_total} z ${text_of_guides_total}"</arg>
</arguments>
<status status="PASS" starttime="20210216 17:17:06.106" endtime="20210216 17:17:06.107"></status>
</kw>
<kw name="Execute Javascript" library="SeleniumLibrary">
<doc>Executes the given JavaScript code with possible arguments.</doc>
<arguments>
<arg>window.scrollTo(0,document.body.scrollHeight)</arg>
</arguments>
<msg timestamp="20210216 17:17:06.107" level="INFO">Executing JavaScript:
window.scrollTo(0,document.body.scrollHeight)
Without any arguments.</msg>
<status status="PASS" starttime="20210216 17:17:06.107" endtime="20210216 17:17:06.110"></status>
</kw>
<status status="PASS" starttime="20210216 17:17:06.098" endtime="20210216 17:17:06.110"></status>
</kw>
<kw name="${i} = 55" type="foritem">
<kw name="Get Text" library="SeleniumLibrary">
<doc>Returns the text value of the element identified by ``locator``.</doc>
<arguments>
<arg>xpath=//*[@id="guideCounter"]</arg>
</arguments>
<assign>
<var>${guide_counter}</var>
</assign>
<msg timestamp="20210216 17:17:06.118" level="INFO">${guide_counter} = 5 z 10</msg>
<status status="PASS" starttime="20210216 17:17:06.110" endtime="20210216 17:17:06.119"></status>
</kw>
<kw name="Exit For Loop If" library="BuiltIn">
<doc>Stops executing the enclosing for loop if the ``condition`` is true.</doc>
<arguments>
<arg>"${guide_counter}" == "${text_of_guides_total} z ${text_of_guides_total}"</arg>
</arguments>
<status status="PASS" starttime="20210216 17:17:06.119" endtime="20210216 17:17:06.119"></status>
</kw>
<kw name="Execute Javascript" library="SeleniumLibrary">
<doc>Executes the given JavaScript code with possible arguments.</doc>
<arguments>
<arg>window.scrollTo(0,document.body.scrollHeight)</arg>
</arguments>
<msg timestamp="20210216 17:17:06.119" level="INFO">Executing JavaScript:
window.scrollTo(0,document.body.scrollHeight)
Without any arguments.</msg>
<status status="PASS" starttime="20210216 17:17:06.119" endtime="20210216 17:17:06.122"></status>
</kw>
<status status="PASS" starttime="20210216 17:17:06.110" endtime="20210216 17:17:06.122"></status>
</kw>
<kw name="${i} = 56" type="foritem">
<kw name="Get Text" library="SeleniumLibrary">
<doc>Returns the text value of the element identified by ``locator``.</doc>
<arguments>
<arg>xpath=//*[@id="guideCounter"]</arg>
</arguments>
<assign>
<var>${guide_counter}</var>
</assign>
<msg timestamp="20210216 17:17:06.131" level="INFO">${guide_counter} = 5 z 10</msg>
<status status="PASS" starttime="20210216 17:17:06.122" endtime="20210216 17:17:06.131"></status>
</kw>
<kw name="Exit For Loop If" library="BuiltIn">
<doc>Stops executing the enclosing for loop if the ``condition`` is true.</doc>
<arguments>
<arg>"${guide_counter}" == "${text_of_guides_total} z ${text_of_guides_total}"</arg>
</arguments>
<status status="PASS" starttime="20210216 17:17:06.131" endtime="20210216 17:17:06.132"></status>
</kw>
<kw name="Execute Javascript" library="SeleniumLibrary">
<doc>Executes the given JavaScript code with possible arguments.</doc>
<arguments>
<arg>window.scrollTo(0,document.body.scrollHeight)</arg>
</arguments>
<msg timestamp="20210216 17:17:06.132" level="INFO">Executing JavaScript:
window.scrollTo(0,document.body.scrollHeight)
Without any arguments.</msg>
<status status="PASS" starttime="20210216 17:17:06.132" endtime="20210216 17:17:06.135"></status>
</kw>
<status status="PASS" starttime="20210216 17:17:06.122" endtime="20210216 17:17:06.135"></status>
</kw>
<kw name="${i} = 57" type="foritem">
<kw name="Get Text" library="SeleniumLibrary">
<doc>Returns the text value of the element identified by ``locator``.</doc>
<arguments>
<arg>xpath=//*[@id="guideCounter"]</arg>
</arguments>
<assign>
<var>${guide_counter}</var>
</assign>
<msg timestamp="20210216 17:17:06.143" level="INFO">${guide_counter} = 5 z 10</msg>
<status status="PASS" starttime="20210216 17:17:06.135" endtime="20210216 17:17:06.143"></status>
</kw>
<kw name="Exit For Loop If" library="BuiltIn">
<doc>Stops executing the enclosing for loop if the ``condition`` is true.</doc>
<arguments>
<arg>"${guide_counter}" == "${text_of_guides_total} z ${text_of_guides_total}"</arg>
</arguments>
<status status="PASS" starttime="20210216 17:17:06.143" endtime="20210216 17:17:06.144"></status>
</kw>
<kw name="Execute Javascript" library="SeleniumLibrary">
<doc>Executes the given JavaScript code with possible arguments.</doc>
<arguments>
<arg>window.scrollTo(0,document.body.scrollHeight)</arg>
</arguments>
<msg timestamp="20210216 17:17:06.144" level="INFO">Executing JavaScript:
window.scrollTo(0,document.body.scrollHeight)
Without any arguments.</msg>
[...]
<arguments>
<arg>window.scrollTo(0,document.body.scrollHeight)</arg>
</arguments>
<msg timestamp="20210216 17:17:07.453" level="INFO">Executing JavaScript:
window.scrollTo(0,document.body.scrollHeight)
Without any arguments.</msg>
<status status="PASS" starttime="20210216 17:17:07.453" endtime="20210216 17:17:07.456"></status>
</kw>
<status status="PASS" starttime="20210216 17:17:07.444" endtime="20210216 17:17:07.456"></status>
</kw>
<kw name="${i} = 159" type="foritem">
<kw name="Get Text" library="SeleniumLibrary">
<doc>Returns the text value of the element identified by ``locator``.</doc>
<arguments>
<arg>xpath=//*[@id="guideCounter"]</arg>
</arguments>
<assign>
<var>${guide_counter}</var>
</assign>
<msg timestamp="20210216 17:17:07.465" level="INFO">${guide_counter} = 5 z 10</msg>
<status status="PASS" starttime="20210216 17:17:07.456" endtime="20210216 17:17:07.465"></status>
</kw>
<kw name="Exit For Loop If" library="BuiltIn">
<doc>Stops executing the enclosing for loop if the ``condition`` is true.</doc>
<arguments>
<arg>"${guide_counter}" == "${text_of_guides_total} z ${text_of_guides_total}"</arg>
</arguments>
<status status="PASS" starttime="20210216 17:17:07.465" endtime="20210216 17:17:07.466"></status>
</kw>
<kw name="Execute Javascript" library="SeleniumLibrary">
<doc>Executes the given JavaScript code with possible arguments.</doc>
<arguments>
<arg>window.scrollTo(0,document.body.scrollHeight)</arg>
</arguments>
<msg timestamp="20210216 17:17:07.466" level="INFO">Executing JavaScript:
window.scrollTo(0,document.body.scrollHeight)
Without any arguments.</msg>
<status status="PASS" starttime="20210216 17:17:07.466" endtime="20210216 17:17:07.468"></status>
</kw>
<status status="PASS" starttime="20210216 17:17:07.456" endtime="20210216 17:17:07.468"></status>
</kw>
<kw name="${i} = 160" type="foritem">
<kw name="Get Text" library="SeleniumLibrary">
<doc>Returns the text value of the element identified by ``locator``.</doc>
<arguments>
<arg>xpath=//*[@id="guideCounter"]</arg>
</arguments>
<assign>
<var>${guide_counter}</var>
</assign>
<msg timestamp="20210216 17:17:07.479" level="INFO">${guide_counter} = 5 z 10</msg>
<status status="PASS" starttime="20210216 17:17:07.469" endtime="20210216 17:17:07.479"></status>
</kw>
<kw name="Exit For Loop If" library="BuiltIn">
<doc>Stops executing the enclosing for loop if the ``condition`` is true.</doc>
<arguments>
<arg>"${guide_counter}" == "${text_of_guides_total} z ${text_of_guides_total}"</arg>
</arguments>
<status status="PASS" starttime="20210216 17:17:07.479" endtime="20210216 17:17:07.480"></status>
</kw>
<kw name="Execute Javascript" library="SeleniumLibrary">
<doc>Executes the given JavaScript code with possible arguments.</doc>
<arguments>
<arg>window.scrollTo(0,document.body.scrollHeight)</arg>
</arguments>
<msg timestamp="20210216 17:17:07.480" level="INFO">Executing JavaScript:
window.scrollTo(0,document.body.scrollHeight)
Without any arguments.</msg>
<status status="PASS" starttime="20210216 17:17:07.480" endtime="20210216 17:17:07.483"></status>
</kw>
<status status="PASS" starttime="20210216 17:17:07.468" endtime="20210216 17:17:07.483"></status>
</kw>
<kw name="${i} = 161" type="foritem">
<kw name="Get Text" library="SeleniumLibrary">
<doc>Returns the text value of the element identified by ``locator``.</doc>
<arguments>
<arg>xpath=//*[@id="guideCounter"]</arg>
</arguments>
<assign>
<var>${guide_counter}</var>
</assign>
<msg timestamp="20210216 17:17:07.495" level="INFO">${guide_counter} = 5 z 10</msg>
<status status="PASS" starttime="20210216 17:17:07.483" endtime="20210216 17:17:07.496"></status>
</kw>
<kw name="Exit For Loop If" library="BuiltIn">
<doc>Stops executing the enclosing for loop if the ``condition`` is true.</doc>
<arguments>
<arg>"${guide_counter}" == "${text_of_guides_total} z ${text_of_guides_total}"</arg>
</arguments>
<status status="PASS" starttime="20210216 17:17:07.496" endtime="20210216 17:17:07.496"></status>
</kw>
<kw name="Execute Javascript" library="SeleniumLibrary">
<doc>Executes the given JavaScript code with possible arguments.</doc>
<arguments>
<arg>window.scrollTo(0,document.body.scrollHeight)</arg>
</arguments>
<msg timestamp="20210216 17:17:07.496" level="INFO">Executing JavaScript:
window.scrollTo(0,document.body.scrollHeight)
Without any arguments.</msg>
<status status="PASS" starttime="20210216 17:17:07.496" endtime="20210216 17:17:07.500"></status>
</kw>
<status status="PASS" starttime="20210216 17:17:07.483" endtime="20210216 17:17:07.500"></status>
</kw>
<kw name="${i} = 162" type="foritem">
<kw name="Get Text" library="SeleniumLibrary">
<doc>Returns the text value of the element identified by ``locator``.</doc>
<arguments>
<arg>xpath=//*[@id="guideCounter"]</arg>
</arguments>
<assign>
<var>${guide_counter}</var>
</assign>
<msg timestamp="20210216 17:17:07.509" level="INFO">${guide_counter} = 5 z 10</msg>
<status status="PASS" starttime="20210216 17:17:07.500" endtime="20210216 17:17:07.509"></status>
</kw>
<kw name="Exit For Loop If" library="BuiltIn">
<doc>Stops executing the enclosing for loop if the ``condition`` is true.</doc>
<arguments>
<arg>"${guide_counter}" == "${text_of_guides_total} z ${text_of_guides_total}"</arg>
</arguments>
<status status="PASS" starttime="20210216 17:17:07.509" endtime="20210216 17:17:07.509"></status>
</kw>
<kw name="Execute Javascript" library="SeleniumLibrary">
<doc>Executes the given JavaScript code with possible arguments.</doc>
<arguments>
<arg>window.scrollTo(0,document.body.scrollHeight)</arg>
</arguments>
<msg timestamp="20210216 17:17:07.510" level="INFO">Executing JavaScript:
window.scrollTo(0,document.body.scrollHeight)
Without any arguments.</msg>
<status status="PASS" starttime="20210216 17:17:07.509" endtime="20210216 17:17:07.512"></status>
</kw>
<status status="PASS" starttime="20210216 17:17:07.500" endtime="20210216 17:17:07.512"></status>
</kw>
<kw name="${i} = 163" type="foritem">
<kw name="Get Text" library="SeleniumLibrary">
<doc>Returns the text value of the element identified by ``locator``.</doc>
<arguments>
<arg>xpath=//*[@id="guideCounter"]</arg>
</arguments>
<assign>
<var>${guide_counter}</var>
</assign>
<msg timestamp="20210216 17:17:07.521" level="INFO">${guide_counter} = 5 z 10</msg>
<status status="PASS" starttime="20210216 17:17:07.512" endtime="20210216 17:17:07.521"></status>
</kw>
<kw name="Exit For Loop If" library="BuiltIn">
<doc>Stops executing the enclosing for loop if the ``condition`` is true.</doc>
<arguments>
<arg>"${guide_counter}" == "${text_of_guides_total} z ${text_of_guides_total}"</arg>
</arguments>
<status status="PASS" starttime="20210216 17:17:07.521" endtime="20210216 17:17:07.521"></status>
</kw>
<kw name="Execute Javascript" library="SeleniumLibrary">
<doc>Executes the given JavaScript code with possible arguments.</doc>
<arguments>
<arg>window.scrollTo(0,document.body.scrollHeight)</arg>
</arguments>
<msg timestamp="20210216 17:17:07.522" level="INFO">Executing JavaScript:
window.scrollTo(0,document.body.scrollHeight)
Without any arguments.</msg>
<status status="PASS" starttime="20210216 17:17:07.521" endtime="20210216 17:17:07.524"></status>
</kw>
<status status="PASS" starttime="20210216 17:17:07.512" endtime="20210216 17:17:07.524"></status>
</kw>
<kw name="${i} = 164" type="foritem">
<kw name="Get Text" library="SeleniumLibrary">
<doc>Returns the text value of the element identified by ``locator``.</doc>
<arguments>
<arg>xpath=//*[@id="guideCounter"]</arg>
</arguments>
<assign>
<var>${guide_counter}</var>
</assign>
<msg timestamp="20210216 17:17:07.533" level="INFO">${guide_counter} = 5 z 10</msg>
<status status="PASS" starttime="20210216 17:17:07.524" endtime="20210216 17:17:07.533"></status>
</kw>
<kw name="Exit For Loop If" library="BuiltIn">
<doc>Stops executing the enclosing for loop if the ``condition`` is true.</doc>
<arguments>
<arg>"${guide_counter}" == "${text_of_guides_total} z ${text_of_guides_total}"</arg>
</arguments>
<status status="PASS" starttime="20210216 17:17:07.533" endtime="20210216 17:17:07.534"></status>
</kw>
<kw name="Execute Javascript" library="SeleniumLibrary">
<doc>Executes the given JavaScript code with possible arguments.</doc>
<arguments>
<arg>window.scrollTo(0,document.body.scrollHeight)</arg>
</arguments>
<msg timestamp="20210216 17:17:07.534" level="INFO">Executing JavaScript:
window.scrollTo(0,document.body.scrollHeight)
Without any arguments.</msg>
<status status="PASS" starttime="20210216 17:17:07.534" endtime="20210216 17:17:07.536"></status>
</kw>
<status status="PASS" starttime="20210216 17:17:07.524" endtime="20210216 17:17:07.536"></status>
</kw>
<kw name="${i} = 165" type="foritem">
<kw name="Get Text" library="SeleniumLibrary">
<doc>Returns the text value of the element identified by ``locator``.</doc>
<arguments>
<arg>xpath=//*[@id="guideCounter"]</arg>
</arguments>
<assign>
<var>${guide_counter}</var>
</assign>
<msg timestamp="20210216 17:17:07.544" level="INFO">${guide_counter} = 5 z 10</msg>
<status status="PASS" starttime="20210216 17:17:07.536" endtime="20210216 17:17:07.544"></status>
</kw>
<kw name="Exit For Loop If" library="BuiltIn">
<doc>Stops executing the enclosing for loop if the ``condition`` is true.</doc>
<arguments>
<arg>"${guide_counter}" == "${text_of_guides_total} z ${text_of_guides_total}"</arg>
</arguments>
<status status="PASS" starttime="20210216 17:17:07.545" endtime="20210216 17:17:07.545"></status>
</kw>
<kw name="Execute Javascript" library="SeleniumLibrary">
<doc>Executes the given JavaScript code with possible arguments.</doc>
<arguments>
<arg>window.scrollTo(0,document.body.scrollHeight)</arg>
</arguments>
<msg timestamp="20210216 17:17:07.545" level="INFO">Executing JavaScript:
window.scrollTo(0,document.body.scrollHeight)
Without any arguments.</msg>
<status status="PASS" starttime="20210216 17:17:07.545" endtime="20210216 17:17:07.548"></status>
</kw>
<status status="PASS" starttime="20210216 17:17:07.536" endtime="20210216 17:17:07.548"></status>
</kw>
<kw name="${i} = 166" type="foritem">
<kw name="Get Text" library="SeleniumLibrary">
<doc>Returns the text value of the element identified by ``locator``.</doc>
<arguments>
<arg>xpath=//*[@id="guideCounter"]</arg>
</arguments>
<assign>
<var>${guide_counter}</var>
</assign>
<msg timestamp="20210216 17:17:07.557" level="INFO">${guide_counter} = 5 z 10</msg>
<status status="PASS" starttime="20210216 17:17:07.548" endtime="20210216 17:17:07.557"></status>
</kw>
<kw name="Exit For Loop If" library="BuiltIn">
<doc>Stops executing the enclosing for loop if the ``condition`` is true.</doc>
<arguments>
<arg>"${guide_counter}" == "${text_of_guides_total} z ${text_of_guides_total}"</arg>
</arguments>
<status status="PASS" starttime="20210216 17:17:07.557" endtime="20210216 17:17:07.557"></status>
</kw>
<kw name="Execute Javascript" library="SeleniumLibrary">
<doc>Executes the given JavaScript code with possible arguments.</doc>
<arguments>
<arg>window.scrollTo(0,document.body.scrollHeight)</arg>
</arguments>
<msg timestamp="20210216 17:17:07.558" level="INFO">Executing JavaScript:
window.scrollTo(0,document.body.scrollHeight)
Without any arguments.</msg>
<status status="PASS" starttime="20210216 17:17:07.557" endtime="20210216 17:17:07.560"></status>
</kw>
<status status="PASS" starttime="20210216 17:17:07.548" endtime="20210216 17:17:07.560"></status>
</kw>
<kw name="${i} = 167" type="foritem">
<kw name="Get Text" library="SeleniumLibrary">
<doc>Returns the text value of the element identified by ``locator``.</doc>
<arguments>
<arg>xpath=//*[@id="guideCounter"]</arg>
</arguments>
<assign>
<var>${guide_counter}</var>
</assign>
<msg timestamp="20210216 17:17:07.569" level="INFO">${guide_counter} = 5 z 10</msg>
<status status="PASS" starttime="20210216 17:17:07.561" endtime="20210216 17:17:07.569"></status>
</kw>
<kw name="Exit For Loop If" library="BuiltIn">
<doc>Stops executing the enclosing for loop if the ``condition`` is true.</doc>
<arguments>
<arg>"${guide_counter}" == "${text_of_guides_total} z ${text_of_guides_total}"</arg>
</arguments>
<status status="PASS" starttime="20210216 17:17:07.569" endtime="20210216 17:17:07.569"></status>
</kw>
<kw name="Execute Javascript" library="SeleniumLibrary">
<doc>Executes the given JavaScript code with possible arguments.</doc>
<arguments>
<arg>window.scrollTo(0,document.body.scrollHeight)</arg>
</arguments>
<msg timestamp="20210216 17:17:07.570" level="INFO">Executing JavaScript:
window.scrollTo(0,document.body.scrollHeight)
Without any arguments.</msg>
<status status="PASS" starttime="20210216 17:17:07.569" endtime="20210216 17:17:07.572"></status>
</kw>
<status status="PASS" starttime="20210216 17:17:07.560" endtime="20210216 17:17:07.572"></status>
</kw>
<kw name="${i} = 168" type="foritem">
<kw name="Get Text" library="SeleniumLibrary">
<doc>Returns the text value of the element identified by ``locator``.</doc>
<arguments>
<arg>xpath=//*[@id="guideCounter"]</arg>
</arguments>
<assign>
<var>${guide_counter}</var>
</assign>
<msg timestamp="20210216 17:17:07.581" level="INFO">${guide_counter} = 5 z 10</msg>
<status status="PASS" starttime="20210216 17:17:07.572" endtime="20210216 17:17:07.581"></status>
</kw>
<kw name="Exit For Loop If" library="BuiltIn">
<doc>Stops executing the enclosing for loop if the ``condition`` is true.</doc>
<arguments>
<arg>"${guide_counter}" == "${text_of_guides_total} z ${text_of_guides_total}"</arg>
</arguments>
<status status="PASS" starttime="20210216 17:17:07.581" endtime="20210216 17:17:07.581"></status>
</kw>
<kw name="Execute Javascript" library="SeleniumLibrary">
<doc>Executes the given JavaScript code with possible arguments.</doc>
<arguments>
<arg>window.scrollTo(0,document.body.scrollHeight)</arg>
</arguments>
<msg timestamp="20210216 17:17:07.582" level="INFO">Executing JavaScript:
window.scrollTo(0,document.body.scrollHeight)
Without any arguments.</msg>
<status status="PASS" starttime="20210216 17:17:07.581" endtime="20210216 17:17:07.584"></status>
</kw>
<status status="PASS" starttime="20210216 17:17:07.572" endtime="20210216 17:17:07.584"></status>
</kw>
<kw name="${i} = 169" type="foritem">
<kw name="Get Text" library="SeleniumLibrary">
<doc>Returns the text value of the element identified by ``locator``.</doc>
<arguments>
<arg>xpath=//*[@id="guideCounter"]</arg>
</arguments>
<assign>
<var>${guide_counter}</var>
</assign>
<msg timestamp="20210216 17:17:07.592" level="INFO">${guide_counter} = 5 z 10</msg>
<status status="PASS" starttime="20210216 17:17:07.584" endtime="20210216 17:17:07.592"></status>
</kw>
<kw name="Exit For Loop If" library="BuiltIn">
<doc>Stops executing the enclosing for loop if the ``condition`` is true.</doc>
<arguments>
<arg>"${guide_counter}" == "${text_of_guides_total} z ${text_of_guides_total}"</arg>
</arguments>
<status status="PASS" starttime="20210216 17:17:07.593" endtime="20210216 17:17:07.593"></status>
</kw>
<kw name="Execute Javascript" library="SeleniumLibrary">
<doc>Executes the given JavaScript code with possible arguments.</doc>
<arguments>
<arg>window.scrollTo(0,document.body.scrollHeight)</arg>
</arguments>
<msg timestamp="20210216 17:17:07.593" level="INFO">Executing JavaScript:
window.scrollTo(0,document.body.scrollHeight)
Without any arguments.</msg>
<status status="PASS" starttime="20210216 17:17:07.593" endtime="20210216 17:17:07.596"></status>
</kw>
<status status="PASS" starttime="20210216 17:17:07.584" endtime="20210216 17:17:07.596"></status>
</kw>
<kw name="${i} = 170" type="foritem">
<kw name="Get Text" library="SeleniumLibrary">
<doc>Returns the text value of the element identified by ``locator``.</doc>
<arguments>
<arg>xpath=//*[@id="guideCounter"]</arg>
</arguments>
<assign>
<var>${guide_counter}</var>
</assign>
<msg timestamp="20210216 17:17:07.605" level="INFO">${guide_counter} = 5 z 10</msg>
<status status="PASS" starttime="20210216 17:17:07.596" endtime="20210216 17:17:07.605"></status>
</kw>
<kw name="Exit For Loop If" library="BuiltIn">
<doc>Stops executing the enclosing for loop if the ``condition`` is true.</doc>
<arguments>
<arg>"${guide_counter}" == "${text_of_guides_total} z ${text_of_guides_total}"</arg>
</arguments>
<status status="PASS" starttime="20210216 17:17:07.605" endtime="20210216 17:17:07.605"></status>
</kw>
<kw name="Execute Javascript" library="SeleniumLibrary">
<doc>Executes the given JavaScript code with possible arguments.</doc>
<arguments>
<arg>window.scrollTo(0,document.body.scrollHeight)</arg>
</arguments>
<msg timestamp="20210216 17:17:07.606" level="INFO">Executing JavaScript:
window.scrollTo(0,document.body.scrollHeight)
Without any arguments.</msg>
<status status="PASS" starttime="20210216 17:17:07.605" endtime="20210216 17:17:07.608"></status>
</kw>
<status status="PASS" starttime="20210216 17:17:07.596" endtime="20210216 17:17:07.608"></status>
</kw>
<kw name="${i} = 171" type="foritem">
<kw name="Get Text" library="SeleniumLibrary">
<doc>Returns the text value of the element identified by ``locator``.</doc>
<arguments>
<arg>xpath=//*[@id="guideCounter"]</arg>
</arguments>
<assign>
<var>${guide_counter}</var>
</assign>
<msg timestamp="20210216 17:17:07.627" level="INFO">${guide_counter} = 10 z 10</msg>
<status status="PASS" starttime="20210216 17:17:07.609" endtime="20210216 17:17:07.627"></status>
</kw>
<kw name="Exit For Loop If" library="BuiltIn">
<doc>Stops executing the enclosing for loop if the ``condition`` is true.</doc>
<arguments>
<arg>"${guide_counter}" == "${text_of_guides_total} z ${text_of_guides_total}"</arg>
</arguments>
<msg timestamp="20210216 17:17:07.627" level="INFO">Exiting for loop altogether.</msg>
<status status="PASS" starttime="20210216 17:17:07.627" endtime="20210216 17:17:07.627"></status>
</kw>
<status status="PASS" starttime="20210216 17:17:07.609" endtime="20210216 17:17:07.627"></status>
</kw>
<status status="PASS" starttime="20210216 17:17:05.323" endtime="20210216 17:17:07.628"></status>
</kw>
<kw name="Execute Javascript" library="SeleniumLibrary">
<doc>Executes the given JavaScript code with possible arguments.</doc>
<arguments>
<arg>window.scrollTo(0,document.body.scrollHeight)</arg>
</arguments>
<msg timestamp="20210216 17:17:07.629" level="INFO">Executing JavaScript:
window.scrollTo(0,document.body.scrollHeight)
Without any arguments.</msg>
<status status="PASS" starttime="20210216 17:17:07.628" endtime="20210216 17:17:07.634"></status>
</kw>
<kw name="Get Element Count" library="SeleniumLibrary">
<doc>Returns the number of elements matching ``locator``.</doc>
<arguments>
<arg>//div[@id='data']/*</arg>
</arguments>
<assign>
<var>${count}</var>
</assign>
<msg timestamp="20210216 17:17:07.643" level="INFO">${count} = 10</msg>
<status status="PASS" starttime="20210216 17:17:07.634" endtime="20210216 17:17:07.643"></status>
</kw>
<kw name="Log To Console" library="BuiltIn">
<doc>Logs the given message to the console.</doc>
<arguments>
<arg>${count}</arg>
</arguments>
<status status="PASS" starttime="20210216 17:17:07.643" endtime="20210216 17:17:07.644"></status>
</kw>
<kw name="Run Keyword If" library="BuiltIn">
<doc>Runs the given keyword with the given arguments, if ``condition`` is true.</doc>
<arguments>
<arg>${count} != ${number_of_guides_total}</arg>
<arg>Fatal Error</arg>
<arg>Count of guides doesnt match the expected count</arg>
</arguments>
<status status="PASS" starttime="20210216 17:17:07.644" endtime="20210216 17:17:07.644"></status>
</kw>
<status status="PASS" starttime="20210216 17:16:56.411" endtime="20210216 17:17:07.645" critical="yes"></status>
</test>
<doc>Testovanie správneho zobrazovania návodov</doc>
<status status="PASS" starttime="20210216 17:16:56.199" endtime="20210216 17:17:07.646"></status>
</suite>
<statistics>
<total>
<stat pass="1" fail="0">Critical Tests</stat>
<stat pass="1" fail="0">All Tests</stat>
</total>
<tag>
</tag>
<suite>
<stat pass="1" fail="0" id="s1" name="Scroll">Scroll</stat>
</suite>
</statistics>
<errors>
</errors>
</robot>
