<?xml version="1.0" encoding="UTF-8"?>
<robot generator="Robot 3.2.2 (Python 3.8.5 on win32)" generated="20210210 15:02:27.222" rpa="false">
<suite id="s1" name="Scroll" source="C:\Users\splin\PycharmProjects\ZTS Semestralka\venv\Lib\site-packages\pkg_resources\tests\scroll.robot">
<test id="s1-t1" name="Scroll">
<kw name="Open Browser" library="SeleniumLibrary">
<doc>Opens a new browser instance to the optional ``url``.</doc>
<arguments>
<arg>${url}</arg>
<arg>${browser}</arg>
</arguments>
<msg timestamp="20210210 15:02:27.407" level="INFO">Opening browser 'chrome' to base url 'http://localhost/AkoNaTo/public/showAuthorsGuides/11'.</msg>
<status status="PASS" starttime="20210210 15:02:27.407" endtime="20210210 15:02:36.261"></status>
</kw>
<kw name="Get Text" library="SeleniumLibrary">
<doc>Returns the text value of the element identified by ``locator``.</doc>
<arguments>
<arg>xpath=//*[@id="guideCounter"]</arg>
</arguments>
<assign>
<var>${guide_counter}</var>
</assign>
<msg timestamp="20210210 15:02:36.285" level="INFO">${guide_counter} = 5 z 10</msg>
<status status="PASS" starttime="20210210 15:02:36.262" endtime="20210210 15:02:36.285"></status>
</kw>
<kw name="Fetch From Right" library="String">
<doc>Returns contents of the ``string`` after the last occurrence of ``marker``.</doc>
<arguments>
<arg>${guide_counter}</arg>
<arg>${space}</arg>
</arguments>
<assign>
<var>${text_of_guides_total}</var>
</assign>
<msg timestamp="20210210 15:02:36.286" level="INFO">${text_of_guides_total} = 10</msg>
<status status="PASS" starttime="20210210 15:02:36.285" endtime="20210210 15:02:36.286"></status>
</kw>
<kw name="Convert To Integer" library="BuiltIn">
<doc>Converts the given item to an integer number.</doc>
<arguments>
<arg>${text_of_guides_total}</arg>
</arguments>
<assign>
<var>${number_of_guides_total}</var>
</assign>
<msg timestamp="20210210 15:02:36.286" level="INFO">${number_of_guides_total} = 10</msg>
<status status="PASS" starttime="20210210 15:02:36.286" endtime="20210210 15:02:36.286"></status>
</kw>
<kw name="${i} IN RANGE [ 1 | 99999 ]" type="for">
<kw name="${i} = 1" type="foritem">
<kw name="Get Text" library="SeleniumLibrary">
<doc>Returns the text value of the element identified by ``locator``.</doc>
<arguments>
<arg>xpath=//*[@id="guideCounter"]</arg>
</arguments>
<assign>
<var>${guide_counter}</var>
</assign>
<msg timestamp="20210210 15:02:36.298" level="INFO">${guide_counter} = 5 z 10</msg>
<status status="PASS" starttime="20210210 15:02:36.289" endtime="20210210 15:02:36.298"></status>
</kw>
<kw name="Exit For Loop If" library="BuiltIn">
<doc>Stops executing the enclosing for loop if the ``condition`` is true.</doc>
<arguments>
<arg>"${guide_counter}" == "${text_of_guides_total} z ${text_of_guides_total}"</arg>
</arguments>
<status status="PASS" starttime="20210210 15:02:36.298" endtime="20210210 15:02:36.298"></status>
</kw>
<kw name="Execute Javascript" library="SeleniumLibrary">
<doc>Executes the given JavaScript code with possible arguments.</doc>
<arguments>
<arg>window.scrollTo(0,document.body.scrollHeight)</arg>
</arguments>
<msg timestamp="20210210 15:02:36.298" level="INFO">Executing JavaScript:
window.scrollTo(0,document.body.scrollHeight)
Without any arguments.</msg>
<status status="PASS" starttime="20210210 15:02:36.298" endtime="20210210 15:02:36.313"></status>
</kw>
<status status="PASS" starttime="20210210 15:02:36.289" endtime="20210210 15:02:36.313"></status>
</kw>
<kw name="${i} = 2" type="foritem">
<kw name="Get Text" library="SeleniumLibrary">
<doc>Returns the text value of the element identified by ``locator``.</doc>
<arguments>
<arg>xpath=//*[@id="guideCounter"]</arg>
</arguments>
<assign>
<var>${guide_counter}</var>
</assign>
<msg timestamp="20210210 15:02:36.330" level="INFO">${guide_counter} = 5 z 10</msg>
<status status="PASS" starttime="20210210 15:02:36.314" endtime="20210210 15:02:36.330"></status>
</kw>
<kw name="Exit For Loop If" library="BuiltIn">
<doc>Stops executing the enclosing for loop if the ``condition`` is true.</doc>
<arguments>
<arg>"${guide_counter}" == "${text_of_guides_total} z ${text_of_guides_total}"</arg>
</arguments>
<status status="PASS" starttime="20210210 15:02:36.330" endtime="20210210 15:02:36.330"></status>
</kw>
<kw name="Execute Javascript" library="SeleniumLibrary">
<doc>Executes the given JavaScript code with possible arguments.</doc>
<arguments>
<arg>window.scrollTo(0,document.body.scrollHeight)</arg>
</arguments>
<msg timestamp="20210210 15:02:36.332" level="INFO">Executing JavaScript:
window.scrollTo(0,document.body.scrollHeight)
Without any arguments.</msg>
<status status="PASS" starttime="20210210 15:02:36.330" endtime="20210210 15:02:36.333"></status>
</kw>
<status status="PASS" starttime="20210210 15:02:36.314" endtime="20210210 15:02:36.333"></status>
</kw>
<kw name="${i} = 3" type="foritem">
<kw name="Get Text" library="SeleniumLibrary">
<doc>Returns the text value of the element identified by ``locator``.</doc>
<arguments>
<arg>xpath=//*[@id="guideCounter"]</arg>
</arguments>
<assign>
<var>${guide_counter}</var>
</assign>
<msg timestamp="20210210 15:02:36.352" level="INFO">${guide_counter} = 5 z 10</msg>
<status status="PASS" starttime="20210210 15:02:36.333" endtime="20210210 15:02:36.352"></status>
</kw>
<kw name="Exit For Loop If" library="BuiltIn">
<doc>Stops executing the enclosing for loop if the ``condition`` is true.</doc>
<arguments>
<arg>"${guide_counter}" == "${text_of_guides_total} z ${text_of_guides_total}"</arg>
</arguments>
<status status="PASS" starttime="20210210 15:02:36.352" endtime="20210210 15:02:36.353"></status>
</kw>
<kw name="Execute Javascript" library="SeleniumLibrary">
<doc>Executes the given JavaScript code with possible arguments.</doc>
<arguments>
<arg>window.scrollTo(0,document.body.scrollHeight)</arg>
</arguments>
<msg timestamp="20210210 15:02:36.353" level="INFO">Executing JavaScript:
window.scrollTo(0,document.body.scrollHeight)
Without any arguments.</msg>
<status status="PASS" starttime="20210210 15:02:36.353" endtime="20210210 15:02:36.357"></status>
</kw>
<status status="PASS" starttime="20210210 15:02:36.333" endtime="20210210 15:02:36.357"></status>
</kw>
<kw name="${i} = 4" type="foritem">
<kw name="Get Text" library="SeleniumLibrary">
<doc>Returns the text value of the element identified by ``locator``.</doc>
<arguments>
<arg>xpath=//*[@id="guideCounter"]</arg>
</arguments>
<assign>
<var>${guide_counter}</var>
</assign>
<msg timestamp="20210210 15:02:36.368" level="INFO">${guide_counter} = 5 z 10</msg>
<status status="PASS" starttime="20210210 15:02:36.357" endtime="20210210 15:02:36.368"></status>
</kw>
<kw name="Exit For Loop If" library="BuiltIn">
<doc>Stops executing the enclosing for loop if the ``condition`` is true.</doc>
<arguments>
<arg>"${guide_counter}" == "${text_of_guides_total} z ${text_of_guides_total}"</arg>
</arguments>
<status status="PASS" starttime="20210210 15:02:36.368" endtime="20210210 15:02:36.368"></status>
</kw>
<kw name="Execute Javascript" library="SeleniumLibrary">
<doc>Executes the given JavaScript code with possible arguments.</doc>
<arguments>
<arg>window.scrollTo(0,document.body.scrollHeight)</arg>
</arguments>
<msg timestamp="20210210 15:02:36.368" level="INFO">Executing JavaScript:
window.scrollTo(0,document.body.scrollHeight)
Without any arguments.</msg>
<status status="PASS" starttime="20210210 15:02:36.368" endtime="20210210 15:02:36.368"></status>
</kw>
<status status="PASS" starttime="20210210 15:02:36.357" endtime="20210210 15:02:36.368"></status>
</kw>
<kw name="${i} = 5" type="foritem">
<kw name="Get Text" library="SeleniumLibrary">
<doc>Returns the text value of the element identified by ``locator``.</doc>
<arguments>
<arg>xpath=//*[@id="guideCounter"]</arg>
</arguments>
<assign>
<var>${guide_counter}</var>
</assign>
<msg timestamp="20210210 15:02:36.381" level="INFO">${guide_counter} = 5 z 10</msg>
<status status="PASS" starttime="20210210 15:02:36.368" endtime="20210210 15:02:36.381"></status>
</kw>
<kw name="Exit For Loop If" library="BuiltIn">
<doc>Stops executing the enclosing for loop if the ``condition`` is true.</doc>
<arguments>
<arg>"${guide_counter}" == "${text_of_guides_total} z ${text_of_guides_total}"</arg>
</arguments>
<status status="PASS" starttime="20210210 15:02:36.381" endtime="20210210 15:02:36.382"></status>
</kw>
<kw name="Execute Javascript" library="SeleniumLibrary">
<doc>Executes the given JavaScript code with possible arguments.</doc>
<arguments>
<arg>window.scrollTo(0,document.body.scrollHeight)</arg>
</arguments>
<msg timestamp="20210210 15:02:36.382" level="INFO">Executing JavaScript:
window.scrollTo(0,document.body.scrollHeight)
Without any arguments.</msg>
<status status="PASS" starttime="20210210 15:02:36.382" endtime="20210210 15:02:36.385"></status>
</kw>
<status status="PASS" starttime="20210210 15:02:36.368" endtime="20210210 15:02:36.385"></status>
</kw>
<kw name="${i} = 6" type="foritem">
<kw name="Get Text" library="SeleniumLibrary">
<doc>Returns the text value of the element identified by ``locator``.</doc>
<arguments>
<arg>xpath=//*[@id="guideCounter"]</arg>
</arguments>
<assign>
<var>${guide_counter}</var>
</assign>
<msg timestamp="20210210 15:02:36.395" level="INFO">${guide_counter} = 5 z 10</msg>
<status status="PASS" starttime="20210210 15:02:36.385" endtime="20210210 15:02:36.395"></status>
</kw>
<kw name="Exit For Loop If" library="BuiltIn">
<doc>Stops executing the enclosing for loop if the ``condition`` is true.</doc>
<arguments>
<arg>"${guide_counter}" == "${text_of_guides_total} z ${text_of_guides_total}"</arg>
</arguments>
<status status="PASS" starttime="20210210 15:02:36.395" endtime="20210210 15:02:36.396"></status>
</kw>
<kw name="Execute Javascript" library="SeleniumLibrary">
<doc>Executes the given JavaScript code with possible arguments.</doc>
<arguments>
<arg>window.scrollTo(0,document.body.scrollHeight)</arg>
</arguments>
<msg timestamp="20210210 15:02:36.396" level="INFO">Executing JavaScript:
window.scrollTo(0,document.body.scrollHeight)
Without any arguments.</msg>
<status status="PASS" starttime="20210210 15:02:36.396" endtime="20210210 15:02:36.399"></status>
</kw>
<status status="PASS" starttime="20210210 15:02:36.385" endtime="20210210 15:02:36.399"></status>
</kw>
<kw name="${i} = 7" type="foritem">
<kw name="Get Text" library="SeleniumLibrary">
<doc>Returns the text value of the element identified by ``locator``.</doc>
<arguments>
<arg>xpath=//*[@id="guideCounter"]</arg>
</arguments>
<assign>
<var>${guide_counter}</var>
</assign>
<msg timestamp="20210210 15:02:36.408" level="INFO">${guide_counter} = 5 z 10</msg>
<status status="PASS" starttime="20210210 15:02:36.399" endtime="20210210 15:02:36.408"></status>
</kw>
<kw name="Exit For Loop If" library="BuiltIn">
<doc>Stops executing the enclosing for loop if the ``condition`` is true.</doc>
<arguments>
<arg>"${guide_counter}" == "${text_of_guides_total} z ${text_of_guides_total}"</arg>
</arguments>
<status status="PASS" starttime="20210210 15:02:36.408" endtime="20210210 15:02:36.408"></status>
</kw>
<kw name="Execute Javascript" library="SeleniumLibrary">
<doc>Executes the given JavaScript code with possible arguments.</doc>
<arguments>
<arg>window.scrollTo(0,document.body.scrollHeight)</arg>
</arguments>
<msg timestamp="20210210 15:02:36.409" level="INFO">Executing JavaScript:
window.scrollTo(0,document.body.scrollHeight)
Without any arguments.</msg>
<status status="PASS" starttime="20210210 15:02:36.409" endtime="20210210 15:02:36.411"></status>
</kw>
<status status="PASS" starttime="20210210 15:02:36.399" endtime="20210210 15:02:36.411"></status>
</kw>
<kw name="${i} = 8" type="foritem">
<kw name="Get Text" library="SeleniumLibrary">
<doc>Returns the text value of the element identified by ``locator``.</doc>
<arguments>
<arg>xpath=//*[@id="guideCounter"]</arg>
</arguments>
<assign>
<var>${guide_counter}</var>
</assign>
<msg timestamp="20210210 15:02:36.421" level="INFO">${guide_counter} = 5 z 10</msg>
<status status="PASS" starttime="20210210 15:02:36.412" endtime="20210210 15:02:36.421"></status>
</kw>
<kw name="Exit For Loop If" library="BuiltIn">
<doc>Stops executing the enclosing for loop if the ``condition`` is true.</doc>
<arguments>
<arg>"${guide_counter}" == "${text_of_guides_total} z ${text_of_guides_total}"</arg>
</arguments>
<status status="PASS" starttime="20210210 15:02:36.422" endtime="20210210 15:02:36.422"></status>
</kw>
<kw name="Execute Javascript" library="SeleniumLibrary">
<doc>Executes the given JavaScript code with possible arguments.</doc>
<arguments>
<arg>window.scrollTo(0,document.body.scrollHeight)</arg>
</arguments>
<msg timestamp="20210210 15:02:36.422" level="INFO">Executing JavaScript:
window.scrollTo(0,document.body.scrollHeight)
Without any arguments.</msg>
<status status="PASS" starttime="20210210 15:02:36.422" endtime="20210210 15:02:36.426"></status>
</kw>
<status status="PASS" starttime="20210210 15:02:36.412" endtime="20210210 15:02:36.426"></status>
</kw>
<kw name="${i} = 9" type="foritem">
<kw name="Get Text" library="SeleniumLibrary">
<doc>Returns the text value of the element identified by ``locator``.</doc>
<arguments>
<arg>xpath=//*[@id="guideCounter"]</arg>
</arguments>
<assign>
<var>${guide_counter}</var>
</assign>
<msg timestamp="20210210 15:02:36.434" level="INFO">${guide_counter} = 5 z 10</msg>
<status status="PASS" starttime="20210210 15:02:36.426" endtime="20210210 15:02:36.434"></status>
</kw>
<kw name="Exit For Loop If" library="BuiltIn">
<doc>Stops executing the enclosing for loop if the ``condition`` is true.</doc>
<arguments>
<arg>"${guide_counter}" == "${text_of_guides_total} z ${text_of_guides_total}"</arg>
</arguments>
<status status="PASS" starttime="20210210 15:02:36.434" endtime="20210210 15:02:36.435"></status>
</kw>
<kw name="Execute Javascript" library="SeleniumLibrary">
<doc>Executes the given JavaScript code with possible arguments.</doc>
<arguments>
<arg>window.scrollTo(0,document.body.scrollHeight)</arg>
</arguments>
<msg timestamp="20210210 15:02:36.435" level="INFO">Executing JavaScript:
window.scrollTo(0,document.body.scrollHeight)
Without any arguments.</msg>
<status status="PASS" starttime="20210210 15:02:36.435" endtime="20210210 15:02:36.438"></status>
</kw>
<status status="PASS" starttime="20210210 15:02:36.426" endtime="20210210 15:02:36.438"></status>
</kw>
<kw name="${i} = 10" type="foritem">
<kw name="Get Text" library="SeleniumLibrary">
<doc>Returns the text value of the element identified by ``locator``.</doc>
<arguments>
<arg>xpath=//*[@id="guideCounter"]</arg>
</arguments>
<assign>
<var>${guide_counter}</var>
</assign>
<msg timestamp="20210210 15:02:36.447" level="INFO">${guide_counter} = 5 z 10</msg>
<status status="PASS" starttime="20210210 15:02:36.438" endtime="20210210 15:02:36.447"></status>
</kw>
<kw name="Exit For Loop If" library="BuiltIn">
<doc>Stops executing the enclosing for loop if the ``condition`` is true.</doc>
<arguments>
<arg>"${guide_counter}" == "${text_of_guides_total} z ${text_of_guides_total}"</arg>
</arguments>
<status status="PASS" starttime="20210210 15:02:36.447" endtime="20210210 15:02:36.447"></status>
</kw>
<kw name="Execute Javascript" library="SeleniumLibrary">
<doc>Executes the given JavaScript code with possible arguments.</doc>
<arguments>
<arg>window.scrollTo(0,document.body.scrollHeight)</arg>
</arguments>
<msg timestamp="20210210 15:02:36.448" level="INFO">Executing JavaScript:
window.scrollTo(0,document.body.scrollHeight)
Without any arguments.</msg>
<status status="PASS" starttime="20210210 15:02:36.447" endtime="20210210 15:02:36.450"></status>
</kw>
<status status="PASS" starttime="20210210 15:02:36.438" endtime="20210210 15:02:36.450"></status>
</kw>
<kw name="${i} = 11" type="foritem">
<kw name="Get Text" library="SeleniumLibrary">
<doc>Returns the text value of the element identified by ``locator``.</doc>
<arguments>
<arg>xpath=//*[@id="guideCounter"]</arg>
</arguments>
<assign>
<var>${guide_counter}</var>
</assign>
<msg timestamp="20210210 15:02:36.459" level="INFO">${guide_counter} = 5 z 10</msg>
<status status="PASS" starttime="20210210 15:02:36.450" endtime="20210210 15:02:36.459"></status>
</kw>
<kw name="Exit For Loop If" library="BuiltIn">
<doc>Stops executing the enclosing for loop if the ``condition`` is true.</doc>
<arguments>
<arg>"${guide_counter}" == "${text_of_guides_total} z ${text_of_guides_total}"</arg>
</arguments>
<status status="PASS" starttime="20210210 15:02:36.459" endtime="20210210 15:02:36.460"></status>
</kw>
<kw name="Execute Javascript" library="SeleniumLibrary">
<doc>Executes the given JavaScript code with possible arguments.</doc>
<arguments>
<arg>window.scrollTo(0,document.body.scrollHeight)</arg>
</arguments>
<msg timestamp="20210210 15:02:36.460" level="INFO">Executing JavaScript:
window.scrollTo(0,document.body.scrollHeight)
Without any arguments.</msg>
<status status="PASS" starttime="20210210 15:02:36.460" endtime="20210210 15:02:36.462"></status>
</kw>
<status status="PASS" starttime="20210210 15:02:36.450" endtime="20210210 15:02:36.462"></status>
</kw>
<kw name="${i} = 12" type="foritem">
<kw name="Get Text" library="SeleniumLibrary">
<doc>Returns the text value of the element identified by ``locator``.</doc>
<arguments>
<arg>xpath=//*[@id="guideCounter"]</arg>
</arguments>
<assign>
<var>${guide_counter}</var>
</assign>
<msg timestamp="20210210 15:02:36.471" level="INFO">${guide_counter} = 5 z 10</msg>
<status status="PASS" starttime="20210210 15:02:36.463" endtime="20210210 15:02:36.471"></status>
</kw>
<kw name="Exit For Loop If" library="BuiltIn">
<doc>Stops executing the enclosing for loop if the ``condition`` is true.</doc>
<arguments>
<arg>"${guide_counter}" == "${text_of_guides_total} z ${text_of_guides_total}"</arg>
</arguments>
<status status="PASS" starttime="20210210 15:02:36.471" endtime="20210210 15:02:36.472"></status>
</kw>
<kw name="Execute Javascript" library="SeleniumLibrary">
<doc>Executes the given JavaScript code with possible arguments.</doc>
<arguments>
<arg>window.scrollTo(0,document.body.scrollHeight)</arg>
</arguments>
<msg timestamp="20210210 15:02:36.472" level="INFO">Executing JavaScript:
window.scrollTo(0,document.body.scrollHeight)
Without any arguments.</msg>
<status status="PASS" starttime="20210210 15:02:36.472" endtime="20210210 15:02:36.475"></status>
</kw>
<status status="PASS" starttime="20210210 15:02:36.462" endtime="20210210 15:02:36.475"></status>
</kw>
<kw name="${i} = 13" type="foritem">
<kw name="Get Text" library="SeleniumLibrary">
<doc>Returns the text value of the element identified by ``locator``.</doc>
<arguments>
<arg>xpath=//*[@id="guideCounter"]</arg>
</arguments>
<assign>
<var>${guide_counter}</var>
</assign>
<msg timestamp="20210210 15:02:36.484" level="INFO">${guide_counter} = 5 z 10</msg>
<status status="PASS" starttime="20210210 15:02:36.475" endtime="20210210 15:02:36.484"></status>
</kw>
<kw name="Exit For Loop If" library="BuiltIn">
<doc>Stops executing the enclosing for loop if the ``condition`` is true.</doc>
<arguments>
<arg>"${guide_counter}" == "${text_of_guides_total} z ${text_of_guides_total}"</arg>
</arguments>
<status status="PASS" starttime="20210210 15:02:36.484" endtime="20210210 15:02:36.485"></status>
</kw>
<kw name="Execute Javascript" library="SeleniumLibrary">
<doc>Executes the given JavaScript code with possible arguments.</doc>
<arguments>
<arg>window.scrollTo(0,document.body.scrollHeight)</arg>
</arguments>
<msg timestamp="20210210 15:02:36.485" level="INFO">Executing JavaScript:
window.scrollTo(0,document.body.scrollHeight)
Without any arguments.</msg>
<status status="PASS" starttime="20210210 15:02:36.485" endtime="20210210 15:02:36.487"></status>
</kw>
<status status="PASS" starttime="20210210 15:02:36.475" endtime="20210210 15:02:36.488"></status>
</kw>
<kw name="${i} = 14" type="foritem">
<kw name="Get Text" library="SeleniumLibrary">
<doc>Returns the text value of the element identified by ``locator``.</doc>
<arguments>
<arg>xpath=//*[@id="guideCounter"]</arg>
</arguments>
<assign>
<var>${guide_counter}</var>
</assign>
<msg timestamp="20210210 15:02:36.496" level="INFO">${guide_counter} = 5 z 10</msg>
<status status="PASS" starttime="20210210 15:02:36.488" endtime="20210210 15:02:36.496"></status>
</kw>
<kw name="Exit For Loop If" library="BuiltIn">
<doc>Stops executing the enclosing for loop if the ``condition`` is true.</doc>
<arguments>
<arg>"${guide_counter}" == "${text_of_guides_total} z ${text_of_guides_total}"</arg>
</arguments>
<status status="PASS" starttime="20210210 15:02:36.496" endtime="20210210 15:02:36.497"></status>
</kw>
<kw name="Execute Javascript" library="SeleniumLibrary">
<doc>Executes the given JavaScript code with possible arguments.</doc>
<arguments>
<arg>window.scrollTo(0,document.body.scrollHeight)</arg>
</arguments>
<msg timestamp="20210210 15:02:36.497" level="INFO">Executing JavaScript:
window.scrollTo(0,document.body.scrollHeight)
Without any arguments.</msg>
<status status="PASS" starttime="20210210 15:02:36.497" endtime="20210210 15:02:36.500"></status>
</kw>
<status status="PASS" starttime="20210210 15:02:36.488" endtime="20210210 15:02:36.500"></status>
</kw>
<kw name="${i} = 15" type="foritem">
<kw name="Get Text" library="SeleniumLibrary">
<doc>Returns the text value of the element identified by ``locator``.</doc>
<arguments>
<arg>xpath=//*[@id="guideCounter"]</arg>
</arguments>
<assign>
<var>${guide_counter}</var>
</assign>
<msg timestamp="20210210 15:02:36.508" level="INFO">${guide_counter} = 5 z 10</msg>
<status status="PASS" starttime="20210210 15:02:36.500" endtime="20210210 15:02:36.508"></status>
</kw>
<kw name="Exit For Loop If" library="BuiltIn">
<doc>Stops executing the enclosing for loop if the ``condition`` is true.</doc>
<arguments>
<arg>"${guide_counter}" == "${text_of_guides_total} z ${text_of_guides_total}"</arg>
</arguments>
<status status="PASS" starttime="20210210 15:02:36.508" endtime="20210210 15:02:36.509"></status>
</kw>
<kw name="Execute Javascript" library="SeleniumLibrary">
<doc>Executes the given JavaScript code with possible arguments.</doc>
<arguments>
<arg>window.scrollTo(0,document.body.scrollHeight)</arg>
</arguments>
<msg timestamp="20210210 15:02:36.509" level="INFO">Executing JavaScript:
window.scrollTo(0,document.body.scrollHeight)
Without any arguments.</msg>
<status status="PASS" starttime="20210210 15:02:36.509" endtime="20210210 15:02:36.511"></status>
</kw>
<status status="PASS" starttime="20210210 15:02:36.500" endtime="20210210 15:02:36.511"></status>
</kw>
<kw name="${i} = 16" type="foritem">
<kw name="Get Text" library="SeleniumLibrary">
<doc>Returns the text value of the element identified by ``locator``.</doc>
<arguments>
<arg>xpath=//*[@id="guideCounter"]</arg>
</arguments>
<assign>
<var>${guide_counter}</var>
</assign>
<msg timestamp="20210210 15:02:36.521" level="INFO">${guide_counter} = 5 z 10</msg>
<status status="PASS" starttime="20210210 15:02:36.511" endtime="20210210 15:02:36.521"></status>
</kw>
<kw name="Exit For Loop If" library="BuiltIn">
<doc>Stops executing the enclosing for loop if the ``condition`` is true.</doc>
<arguments>
<arg>"${guide_counter}" == "${text_of_guides_total} z ${text_of_guides_total}"</arg>
</arguments>
<status status="PASS" starttime="20210210 15:02:36.521" endtime="20210210 15:02:36.521"></status>
</kw>
<kw name="Execute Javascript" library="SeleniumLibrary">
<doc>Executes the given JavaScript code with possible arguments.</doc>
<arguments>
<arg>window.scrollTo(0,document.body.scrollHeight)</arg>
</arguments>
<msg timestamp="20210210 15:02:36.521" level="INFO">Executing JavaScript:
window.scrollTo(0,document.body.scrollHeight)
Without any arguments.</msg>
<status status="PASS" starttime="20210210 15:02:36.521" endtime="20210210 15:02:36.524"></status>
</kw>
<status status="PASS" starttime="20210210 15:02:36.511" endtime="20210210 15:02:36.524"></status>
</kw>
<kw name="${i} = 17" type="foritem">
<kw name="Get Text" library="SeleniumLibrary">
<doc>Returns the text value of the element identified by ``locator``.</doc>
<arguments>
<arg>xpath=//*[@id="guideCounter"]</arg>
</arguments>
<assign>
<var>${guide_counter}</var>
</assign>
<msg timestamp="20210210 15:02:36.532" level="INFO">${guide_counter} = 5 z 10</msg>
<status status="PASS" starttime="20210210 15:02:36.524" endtime="20210210 15:02:36.532"></status>
</kw>
<kw name="Exit For Loop If" library="BuiltIn">
<doc>Stops executing the enclosing for loop if the ``condition`` is true.</doc>
<arguments>
<arg>"${guide_counter}" == "${text_of_guides_total} z ${text_of_guides_total}"</arg>
</arguments>
<status status="PASS" starttime="20210210 15:02:36.532" endtime="20210210 15:02:36.533"></status>
</kw>
<kw name="Execute Javascript" library="SeleniumLibrary">
<doc>Executes the given JavaScript code with possible arguments.</doc>
<arguments>
<arg>window.scrollTo(0,document.body.scrollHeight)</arg>
</arguments>
<msg timestamp="20210210 15:02:36.533" level="INFO">Executing JavaScript:
window.scrollTo(0,document.body.scrollHeight)
Without any arguments.</msg>
<status status="PASS" starttime="20210210 15:02:36.533" endtime="20210210 15:02:36.536"></status>
</kw>
<status status="PASS" starttime="20210210 15:02:36.524" endtime="20210210 15:02:36.536"></status>
</kw>
<kw name="${i} = 18" type="foritem">
<kw name="Get Text" library="SeleniumLibrary">
<doc>Returns the text value of the element identified by ``locator``.</doc>
<arguments>
<arg>xpath=//*[@id="guideCounter"]</arg>
</arguments>
<assign>
<var>${guide_counter}</var>
</assign>
<msg timestamp="20210210 15:02:36.545" level="INFO">${guide_counter} = 5 z 10</msg>
<status status="PASS" starttime="20210210 15:02:36.536" endtime="20210210 15:02:36.545"></status>
</kw>
<kw name="Exit For Loop If" library="BuiltIn">
<doc>Stops executing the enclosing for loop if the ``condition`` is true.</doc>
<arguments>
<arg>"${guide_counter}" == "${text_of_guides_total} z ${text_of_guides_total}"</arg>
</arguments>
<status status="PASS" starttime="20210210 15:02:36.545" endtime="20210210 15:02:36.545"></status>
</kw>
<kw name="Execute Javascript" library="SeleniumLibrary">
<doc>Executes the given JavaScript code with possible arguments.</doc>
<arguments>
<arg>window.scrollTo(0,document.body.scrollHeight)</arg>
</arguments>
<msg timestamp="20210210 15:02:36.546" level="INFO">Executing JavaScript:
window.scrollTo(0,document.body.scrollHeight)
Without any arguments.</msg>
<status status="PASS" starttime="20210210 15:02:36.546" endtime="20210210 15:02:36.549"></status>
</kw>
<status status="PASS" starttime="20210210 15:02:36.536" endtime="20210210 15:02:36.549"></status>
</kw>
<kw name="${i} = 19" type="foritem">
<kw name="Get Text" library="SeleniumLibrary">
<doc>Returns the text value of the element identified by ``locator``.</doc>
<arguments>
<arg>xpath=//*[@id="guideCounter"]</arg>
</arguments>
<assign>
<var>${guide_counter}</var>
</assign>
<msg timestamp="20210210 15:02:36.557" level="INFO">${guide_counter} = 5 z 10</msg>
<status status="PASS" starttime="20210210 15:02:36.549" endtime="20210210 15:02:36.557"></status>
</kw>
<kw name="Exit For Loop If" library="BuiltIn">
<doc>Stops executing the enclosing for loop if the ``condition`` is true.</doc>
<arguments>
<arg>"${guide_counter}" == "${text_of_guides_total} z ${text_of_guides_total}"</arg>
</arguments>
<status status="PASS" starttime="20210210 15:02:36.557" endtime="20210210 15:02:36.558"></status>
</kw>
<kw name="Execute Javascript" library="SeleniumLibrary">
<doc>Executes the given JavaScript code with possible arguments.</doc>
<arguments>
<arg>window.scrollTo(0,document.body.scrollHeight)</arg>
</arguments>
<msg timestamp="20210210 15:02:36.558" level="INFO">Executing JavaScript:
window.scrollTo(0,document.body.scrollHeight)
Without any arguments.</msg>
<status status="PASS" starttime="20210210 15:02:36.558" endtime="20210210 15:02:36.560"></status>
</kw>
<status status="PASS" starttime="20210210 15:02:36.549" endtime="20210210 15:02:36.560"></status>
</kw>
<kw name="${i} = 20" type="foritem">
<kw name="Get Text" library="SeleniumLibrary">
<doc>Returns the text value of the element identified by ``locator``.</doc>
<arguments>
<arg>xpath=//*[@id="guideCounter"]</arg>
</arguments>
<assign>
<var>${guide_counter}</var>
</assign>
<msg timestamp="20210210 15:02:36.569" level="INFO">${guide_counter} = 5 z 10</msg>
<status status="PASS" starttime="20210210 15:02:36.561" endtime="20210210 15:02:36.569"></status>
</kw>
<kw name="Exit For Loop If" library="BuiltIn">
<doc>Stops executing the enclosing for loop if the ``condition`` is true.</doc>
<arguments>
<arg>"${guide_counter}" == "${text_of_guides_total} z ${text_of_guides_total}"</arg>
</arguments>
<status status="PASS" starttime="20210210 15:02:36.569" endtime="20210210 15:02:36.570"></status>
</kw>
<kw name="Execute Javascript" library="SeleniumLibrary">
<doc>Executes the given JavaScript code with possible arguments.</doc>
<arguments>
<arg>window.scrollTo(0,document.body.scrollHeight)</arg>
</arguments>
<msg timestamp="20210210 15:02:36.570" level="INFO">Executing JavaScript:
window.scrollTo(0,document.body.scrollHeight)
Without any arguments.</msg>
<status status="PASS" starttime="20210210 15:02:36.570" endtime="20210210 15:02:36.572"></status>
</kw>
<status status="PASS" starttime="20210210 15:02:36.560" endtime="20210210 15:02:36.572"></status>
</kw>
<kw name="${i} = 21" type="foritem">
<kw name="Get Text" library="SeleniumLibrary">
<doc>Returns the text value of the element identified by ``locator``.</doc>
<arguments>
<arg>xpath=//*[@id="guideCounter"]</arg>
</arguments>
<assign>
<var>${guide_counter}</var>
</assign>
<msg timestamp="20210210 15:02:36.581" level="INFO">${guide_counter} = 5 z 10</msg>
<status status="PASS" starttime="20210210 15:02:36.572" endtime="20210210 15:02:36.581"></status>
</kw>
<kw name="Exit For Loop If" library="BuiltIn">
<doc>Stops executing the enclosing for loop if the ``condition`` is true.</doc>
<arguments>
<arg>"${guide_counter}" == "${text_of_guides_total} z ${text_of_guides_total}"</arg>
</arguments>
<status status="PASS" starttime="20210210 15:02:36.581" endtime="20210210 15:02:36.582"></status>
</kw>
<kw name="Execute Javascript" library="SeleniumLibrary">
<doc>Executes the given JavaScript code with possible arguments.</doc>
<arguments>
<arg>window.scrollTo(0,document.body.scrollHeight)</arg>
</arguments>
<msg timestamp="20210210 15:02:36.582" level="INFO">Executing JavaScript:
window.scrollTo(0,document.body.scrollHeight)
Without any arguments.</msg>
<status status="PASS" starttime="20210210 15:02:36.582" endtime="20210210 15:02:36.585"></status>
</kw>
<status status="PASS" starttime="20210210 15:02:36.572" endtime="20210210 15:02:36.585"></status>
</kw>
<kw name="${i} = 22" type="foritem">
<kw name="Get Text" library="SeleniumLibrary">
<doc>Returns the text value of the element identified by ``locator``.</doc>
<arguments>
<arg>xpath=//*[@id="guideCounter"]</arg>
</arguments>
<assign>
<var>${guide_counter}</var>
</assign>
<msg timestamp="20210210 15:02:36.594" level="INFO">${guide_counter} = 5 z 10</msg>
<status status="PASS" starttime="20210210 15:02:36.585" endtime="20210210 15:02:36.594"></status>
</kw>
<kw name="Exit For Loop If" library="BuiltIn">
<doc>Stops executing the enclosing for loop if the ``condition`` is true.</doc>
<arguments>
<arg>"${guide_counter}" == "${text_of_guides_total} z ${text_of_guides_total}"</arg>
</arguments>
<status status="PASS" starttime="20210210 15:02:36.594" endtime="20210210 15:02:36.594"></status>
</kw>
<kw name="Execute Javascript" library="SeleniumLibrary">
<doc>Executes the given JavaScript code with possible arguments.</doc>
<arguments>
<arg>window.scrollTo(0,document.body.scrollHeight)</arg>
</arguments>
<msg timestamp="20210210 15:02:36.595" level="INFO">Executing JavaScript:
window.scrollTo(0,document.body.scrollHeight)
Without any arguments.</msg>
<status status="PASS" starttime="20210210 15:02:36.594" endtime="20210210 15:02:36.597"></status>
</kw>
<status status="PASS" starttime="20210210 15:02:36.585" endtime="20210210 15:02:36.597"></status>
</kw>
<kw name="${i} = 23" type="foritem">
<kw name="Get Text" library="SeleniumLibrary">
<doc>Returns the text value of the element identified by ``locator``.</doc>
<arguments>
<arg>xpath=//*[@id="guideCounter"]</arg>
</arguments>
<assign>
<var>${guide_counter}</var>
</assign>
<msg timestamp="20210210 15:02:36.606" level="INFO">${guide_counter} = 5 z 10</msg>
<status status="PASS" starttime="20210210 15:02:36.597" endtime="20210210 15:02:36.606"></status>
</kw>
<kw name="Exit For Loop If" library="BuiltIn">
<doc>Stops executing the enclosing for loop if the ``condition`` is true.</doc>
<arguments>
<arg>"${guide_counter}" == "${text_of_guides_total} z ${text_of_guides_total}"</arg>
</arguments>
<status status="PASS" starttime="20210210 15:02:36.606" endtime="20210210 15:02:36.606"></status>
</kw>
<kw name="Execute Javascript" library="SeleniumLibrary">
<doc>Executes the given JavaScript code with possible arguments.</doc>
<arguments>
<arg>window.scrollTo(0,document.body.scrollHeight)</arg>
</arguments>
<msg timestamp="20210210 15:02:36.607" level="INFO">Executing JavaScript:
window.scrollTo(0,document.body.scrollHeight)
Without any arguments.</msg>
<status status="PASS" starttime="20210210 15:02:36.606" endtime="20210210 15:02:36.609"></status>
</kw>
<status status="PASS" starttime="20210210 15:02:36.597" endtime="20210210 15:02:36.609"></status>
</kw>
<kw name="${i} = 24" type="foritem">
<kw name="Get Text" library="SeleniumLibrary">
<doc>Returns the text value of the element identified by ``locator``.</doc>
<arguments>
<arg>xpath=//*[@id="guideCounter"]</arg>
</arguments>
<assign>
<var>${guide_counter}</var>
</assign>
<msg timestamp="20210210 15:02:36.619" level="INFO">${guide_counter} = 5 z 10</msg>
<status status="PASS" starttime="20210210 15:02:36.609" endtime="20210210 15:02:36.619"></status>
</kw>
<kw name="Exit For Loop If" library="BuiltIn">
<doc>Stops executing the enclosing for loop if the ``condition`` is true.</doc>
<arguments>
<arg>"${guide_counter}" == "${text_of_guides_total} z ${text_of_guides_total}"</arg>
</arguments>
<status status="PASS" starttime="20210210 15:02:36.619" endtime="20210210 15:02:36.619"></status>
</kw>
<kw name="Execute Javascript" library="SeleniumLibrary">
<doc>Executes the given JavaScript code with possible arguments.</doc>
<arguments>
<arg>window.scrollTo(0,document.body.scrollHeight)</arg>
</arguments>
<msg timestamp="20210210 15:02:36.620" level="INFO">Executing JavaScript:
window.scrollTo(0,document.body.scrollHeight)
Without any arguments.</msg>
<status status="PASS" starttime="20210210 15:02:36.619" endtime="20210210 15:02:36.622"></status>
</kw>
<status status="PASS" starttime="20210210 15:02:36.609" endtime="20210210 15:02:36.622"></status>
</kw>
<kw name="${i} = 25" type="foritem">
<kw name="Get Text" library="SeleniumLibrary">
<doc>Returns the text value of the element identified by ``locator``.</doc>
<arguments>
<arg>xpath=//*[@id="guideCounter"]</arg>
</arguments>
<assign>
<var>${guide_counter}</var>
</assign>
<msg timestamp="20210210 15:02:36.630" level="INFO">${guide_counter} = 5 z 10</msg>
<status status="PASS" starttime="20210210 15:02:36.622" endtime="20210210 15:02:36.631"></status>
</kw>
<kw name="Exit For Loop If" library="BuiltIn">
<doc>Stops executing the enclosing for loop if the ``condition`` is true.</doc>
<arguments>
<arg>"${guide_counter}" == "${text_of_guides_total} z ${text_of_guides_total}"</arg>
</arguments>
<status status="PASS" starttime="20210210 15:02:36.631" endtime="20210210 15:02:36.631"></status>
</kw>
<kw name="Execute Javascript" library="SeleniumLibrary">
<doc>Executes the given JavaScript code with possible arguments.</doc>
<arguments>
<arg>window.scrollTo(0,document.body.scrollHeight)</arg>
</arguments>
<msg timestamp="20210210 15:02:36.632" level="INFO">Executing JavaScript:
window.scrollTo(0,document.body.scrollHeight)
Without any arguments.</msg>
<status status="PASS" starttime="20210210 15:02:36.631" endtime="20210210 15:02:36.634"></status>
</kw>
<status status="PASS" starttime="20210210 15:02:36.622" endtime="20210210 15:02:36.634"></status>
</kw>
<kw name="${i} = 26" type="foritem">
<kw name="Get Text" library="SeleniumLibrary">
<doc>Returns the text value of the element identified by ``locator``.</doc>
<arguments>
<arg>xpath=//*[@id="guideCounter"]</arg>
</arguments>
<assign>
<var>${guide_counter}</var>
</assign>
<msg timestamp="20210210 15:02:36.643" level="INFO">${guide_counter} = 5 z 10</msg>
<status status="PASS" starttime="20210210 15:02:36.634" endtime="20210210 15:02:36.643"></status>
</kw>
<kw name="Exit For Loop If" library="BuiltIn">
<doc>Stops executing the enclosing for loop if the ``condition`` is true.</doc>
<arguments>
<arg>"${guide_counter}" == "${text_of_guides_total} z ${text_of_guides_total}"</arg>
</arguments>
<status status="PASS" starttime="20210210 15:02:36.643" endtime="20210210 15:02:36.644"></status>
</kw>
<kw name="Execute Javascript" library="SeleniumLibrary">
<doc>Executes the given JavaScript code with possible arguments.</doc>
<arguments>
<arg>window.scrollTo(0,document.body.scrollHeight)</arg>
</arguments>
<msg timestamp="20210210 15:02:36.644" level="INFO">Executing JavaScript:
window.scrollTo(0,document.body.scrollHeight)
Without any arguments.</msg>
<status status="PASS" starttime="20210210 15:02:36.644" endtime="20210210 15:02:36.646"></status>
</kw>
<status status="PASS" starttime="20210210 15:02:36.634" endtime="20210210 15:02:36.646"></status>
</kw>
<kw name="${i} = 27" type="foritem">
<kw name="Get Text" library="SeleniumLibrary">
<doc>Returns the text value of the element identified by ``locator``.</doc>
<arguments>
<arg>xpath=//*[@id="guideCounter"]</arg>
</arguments>
<assign>
<var>${guide_counter}</var>
</assign>
<msg timestamp="20210210 15:02:36.656" level="INFO">${guide_counter} = 5 z 10</msg>
<status status="PASS" starttime="20210210 15:02:36.646" endtime="20210210 15:02:36.656"></status>
</kw>
<kw name="Exit For Loop If" library="BuiltIn">
<doc>Stops executing the enclosing for loop if the ``condition`` is true.</doc>
<arguments>
<arg>"${guide_counter}" == "${text_of_guides_total} z ${text_of_guides_total}"</arg>
</arguments>
<status status="PASS" starttime="20210210 15:02:36.656" endtime="20210210 15:02:36.656"></status>
</kw>
<kw name="Execute Javascript" library="SeleniumLibrary">
<doc>Executes the given JavaScript code with possible arguments.</doc>
<arguments>
<arg>window.scrollTo(0,document.body.scrollHeight)</arg>
</arguments>
<msg timestamp="20210210 15:02:36.657" level="INFO">Executing JavaScript:
window.scrollTo(0,document.body.scrollHeight)
Without any arguments.</msg>
<status status="PASS" starttime="20210210 15:02:36.656" endtime="20210210 15:02:36.660"></status>
</kw>
<status status="PASS" starttime="20210210 15:02:36.646" endtime="20210210 15:02:36.660"></status>
</kw>
<kw name="${i} = 28" type="foritem">
<kw name="Get Text" library="SeleniumLibrary">
<doc>Returns the text value of the element identified by ``locator``.</doc>
<arguments>
<arg>xpath=//*[@id="guideCounter"]</arg>
</arguments>
<assign>
<var>${guide_counter}</var>
</assign>
<msg timestamp="20210210 15:02:36.669" level="INFO">${guide_counter} = 5 z 10</msg>
<status status="PASS" starttime="20210210 15:02:36.660" endtime="20210210 15:02:36.669"></status>
</kw>
<kw name="Exit For Loop If" library="BuiltIn">
<doc>Stops executing the enclosing for loop if the ``condition`` is true.</doc>
<arguments>
<arg>"${guide_counter}" == "${text_of_guides_total} z ${text_of_guides_total}"</arg>
</arguments>
<status status="PASS" starttime="20210210 15:02:36.670" endtime="20210210 15:02:36.670"></status>
</kw>
<kw name="Execute Javascript" library="SeleniumLibrary">
<doc>Executes the given JavaScript code with possible arguments.</doc>
<arguments>
<arg>window.scrollTo(0,document.body.scrollHeight)</arg>
</arguments>
<msg timestamp="20210210 15:02:36.670" level="INFO">Executing JavaScript:
window.scrollTo(0,document.body.scrollHeight)
Without any arguments.</msg>
<status status="PASS" starttime="20210210 15:02:36.670" endtime="20210210 15:02:36.673"></status>
</kw>
<status status="PASS" starttime="20210210 15:02:36.660" endtime="20210210 15:02:36.673"></status>
</kw>
<kw name="${i} = 29" type="foritem">
<kw name="Get Text" library="SeleniumLibrary">
<doc>Returns the text value of the element identified by ``locator``.</doc>
<arguments>
<arg>xpath=//*[@id="guideCounter"]</arg>
</arguments>
<assign>
<var>${guide_counter}</var>
</assign>
<msg timestamp="20210210 15:02:36.681" level="INFO">${guide_counter} = 5 z 10</msg>
<status status="PASS" starttime="20210210 15:02:36.673" endtime="20210210 15:02:36.681"></status>
</kw>
<kw name="Exit For Loop If" library="BuiltIn">
<doc>Stops executing the enclosing for loop if the ``condition`` is true.</doc>
<arguments>
<arg>"${guide_counter}" == "${text_of_guides_total} z ${text_of_guides_total}"</arg>
</arguments>
<status status="PASS" starttime="20210210 15:02:36.681" endtime="20210210 15:02:36.682"></status>
</kw>
<kw name="Execute Javascript" library="SeleniumLibrary">
<doc>Executes the given JavaScript code with possible arguments.</doc>
<arguments>
<arg>window.scrollTo(0,document.body.scrollHeight)</arg>
</arguments>
<msg timestamp="20210210 15:02:36.682" level="INFO">Executing JavaScript:
window.scrollTo(0,document.body.scrollHeight)
Without any arguments.</msg>
<status status="PASS" starttime="20210210 15:02:36.682" endtime="20210210 15:02:36.684"></status>
</kw>
<status status="PASS" starttime="20210210 15:02:36.673" endtime="20210210 15:02:36.685"></status>
</kw>
<kw name="${i} = 30" type="foritem">
<kw name="Get Text" library="SeleniumLibrary">
<doc>Returns the text value of the element identified by ``locator``.</doc>
<arguments>
<arg>xpath=//*[@id="guideCounter"]</arg>
</arguments>
<assign>
<var>${guide_counter}</var>
</assign>
<msg timestamp="20210210 15:02:36.694" level="INFO">${guide_counter} = 5 z 10</msg>
<status status="PASS" starttime="20210210 15:02:36.685" endtime="20210210 15:02:36.694"></status>
</kw>
<kw name="Exit For Loop If" library="BuiltIn">
<doc>Stops executing the enclosing for loop if the ``condition`` is true.</doc>
<arguments>
<arg>"${guide_counter}" == "${text_of_guides_total} z ${text_of_guides_total}"</arg>
</arguments>
<status status="PASS" starttime="20210210 15:02:36.694" endtime="20210210 15:02:36.695"></status>
</kw>
<kw name="Execute Javascript" library="SeleniumLibrary">
<doc>Executes the given JavaScript code with possible arguments.</doc>
<arguments>
<arg>window.scrollTo(0,document.body.scrollHeight)</arg>
</arguments>
<msg timestamp="20210210 15:02:36.695" level="INFO">Executing JavaScript:
window.scrollTo(0,document.body.scrollHeight)
Without any arguments.</msg>
<status status="PASS" starttime="20210210 15:02:36.695" endtime="20210210 15:02:36.697"></status>
</kw>
<status status="PASS" starttime="20210210 15:02:36.685" endtime="20210210 15:02:36.698"></status>
</kw>
<kw name="${i} = 31" type="foritem">
<kw name="Get Text" library="SeleniumLibrary">
<doc>Returns the text value of the element identified by ``locator``.</doc>
<arguments>
<arg>xpath=//*[@id="guideCounter"]</arg>
</arguments>
<assign>
<var>${guide_counter}</var>
</assign>
<msg timestamp="20210210 15:02:36.706" level="INFO">${guide_counter} = 5 z 10</msg>
<status status="PASS" starttime="20210210 15:02:36.698" endtime="20210210 15:02:36.706"></status>
</kw>
<kw name="Exit For Loop If" library="BuiltIn">
<doc>Stops executing the enclosing for loop if the ``condition`` is true.</doc>
<arguments>
<arg>"${guide_counter}" == "${text_of_guides_total} z ${text_of_guides_total}"</arg>
</arguments>
<status status="PASS" starttime="20210210 15:02:36.706" endtime="20210210 15:02:36.707"></status>
</kw>
<kw name="Execute Javascript" library="SeleniumLibrary">
<doc>Executes the given JavaScript code with possible arguments.</doc>
<arguments>
<arg>window.scrollTo(0,document.body.scrollHeight)</arg>
</arguments>
<msg timestamp="20210210 15:02:36.707" level="INFO">Executing JavaScript:
window.scrollTo(0,document.body.scrollHeight)
Without any arguments.</msg>
<status status="PASS" starttime="20210210 15:02:36.707" endtime="20210210 15:02:36.711"></status>
</kw>
<status status="PASS" starttime="20210210 15:02:36.698" endtime="20210210 15:02:36.711"></status>
</kw>
<kw name="${i} = 32" type="foritem">
<kw name="Get Text" library="SeleniumLibrary">
<doc>Returns the text value of the element identified by ``locator``.</doc>
<arguments>
<arg>xpath=//*[@id="guideCounter"]</arg>
</arguments>
<assign>
<var>${guide_counter}</var>
</assign>
<msg timestamp="20210210 15:02:36.720" level="INFO">${guide_counter} = 5 z 10</msg>
<status status="PASS" starttime="20210210 15:02:36.711" endtime="20210210 15:02:36.720"></status>
</kw>
<kw name="Exit For Loop If" library="BuiltIn">
<doc>Stops executing the enclosing for loop if the ``condition`` is true.</doc>
<arguments>
<arg>"${guide_counter}" == "${text_of_guides_total} z ${text_of_guides_total}"</arg>
</arguments>
<status status="PASS" starttime="20210210 15:02:36.720" endtime="20210210 15:02:36.720"></status>
</kw>
<kw name="Execute Javascript" library="SeleniumLibrary">
<doc>Executes the given JavaScript code with possible arguments.</doc>
<arguments>
<arg>window.scrollTo(0,document.body.scrollHeight)</arg>
</arguments>
<msg timestamp="20210210 15:02:36.721" level="INFO">Executing JavaScript:
window.scrollTo(0,document.body.scrollHeight)
Without any arguments.</msg>
<status status="PASS" starttime="20210210 15:02:36.720" endtime="20210210 15:02:36.723"></status>
</kw>
<status status="PASS" starttime="20210210 15:02:36.711" endtime="20210210 15:02:36.723"></status>
</kw>
<kw name="${i} = 33" type="foritem">
<kw name="Get Text" library="SeleniumLibrary">
<doc>Returns the text value of the element identified by ``locator``.</doc>
<arguments>
<arg>xpath=//*[@id="guideCounter"]</arg>
</arguments>
<assign>
<var>${guide_counter}</var>
</assign>
<msg timestamp="20210210 15:02:36.732" level="INFO">${guide_counter} = 5 z 10</msg>
<status status="PASS" starttime="20210210 15:02:36.723" endtime="20210210 15:02:36.732"></status>
</kw>
<kw name="Exit For Loop If" library="BuiltIn">
<doc>Stops executing the enclosing for loop if the ``condition`` is true.</doc>
<arguments>
<arg>"${guide_counter}" == "${text_of_guides_total} z ${text_of_guides_total}"</arg>
</arguments>
<status status="PASS" starttime="20210210 15:02:36.732" endtime="20210210 15:02:36.733"></status>
</kw>
<kw name="Execute Javascript" library="SeleniumLibrary">
<doc>Executes the given JavaScript code with possible arguments.</doc>
<arguments>
<arg>window.scrollTo(0,document.body.scrollHeight)</arg>
</arguments>
<msg timestamp="20210210 15:02:36.733" level="INFO">Executing JavaScript:
window.scrollTo(0,document.body.scrollHeight)
Without any arguments.</msg>
<status status="PASS" starttime="20210210 15:02:36.733" endtime="20210210 15:02:36.735"></status>
</kw>
<status status="PASS" starttime="20210210 15:02:36.723" endtime="20210210 15:02:36.735"></status>
</kw>
<kw name="${i} = 34" type="foritem">
<kw name="Get Text" library="SeleniumLibrary">
<doc>Returns the text value of the element identified by ``locator``.</doc>
<arguments>
<arg>xpath=//*[@id="guideCounter"]</arg>
</arguments>
<assign>
<var>${guide_counter}</var>
</assign>
<msg timestamp="20210210 15:02:36.745" level="INFO">${guide_counter} = 5 z 10</msg>
<status status="PASS" starttime="20210210 15:02:36.735" endtime="20210210 15:02:36.745"></status>
</kw>
<kw name="Exit For Loop If" library="BuiltIn">
<doc>Stops executing the enclosing for loop if the ``condition`` is true.</doc>
<arguments>
<arg>"${guide_counter}" == "${text_of_guides_total} z ${text_of_guides_total}"</arg>
</arguments>
<status status="PASS" starttime="20210210 15:02:36.745" endtime="20210210 15:02:36.745"></status>
</kw>
<kw name="Execute Javascript" library="SeleniumLibrary">
<doc>Executes the given JavaScript code with possible arguments.</doc>
<arguments>
<arg>window.scrollTo(0,document.body.scrollHeight)</arg>
</arguments>
<msg timestamp="20210210 15:02:36.746" level="INFO">Executing JavaScript:
window.scrollTo(0,document.body.scrollHeight)
Without any arguments.</msg>
<status status="PASS" starttime="20210210 15:02:36.745" endtime="20210210 15:02:36.748"></status>
</kw>
<status status="PASS" starttime="20210210 15:02:36.735" endtime="20210210 15:02:36.748"></status>
</kw>
<kw name="${i} = 35" type="foritem">
<kw name="Get Text" library="SeleniumLibrary">
<doc>Returns the text value of the element identified by ``locator``.</doc>
<arguments>
<arg>xpath=//*[@id="guideCounter"]</arg>
</arguments>
<assign>
<var>${guide_counter}</var>
</assign>
<msg timestamp="20210210 15:02:36.757" level="INFO">${guide_counter} = 5 z 10</msg>
<status status="PASS" starttime="20210210 15:02:36.748" endtime="20210210 15:02:36.757"></status>
</kw>
<kw name="Exit For Loop If" library="BuiltIn">
<doc>Stops executing the enclosing for loop if the ``condition`` is true.</doc>
<arguments>
<arg>"${guide_counter}" == "${text_of_guides_total} z ${text_of_guides_total}"</arg>
</arguments>
<status status="PASS" starttime="20210210 15:02:36.757" endtime="20210210 15:02:36.757"></status>
</kw>
<kw name="Execute Javascript" library="SeleniumLibrary">
<doc>Executes the given JavaScript code with possible arguments.</doc>
<arguments>
<arg>window.scrollTo(0,document.body.scrollHeight)</arg>
</arguments>
<msg timestamp="20210210 15:02:36.758" level="INFO">Executing JavaScript:
window.scrollTo(0,document.body.scrollHeight)
Without any arguments.</msg>
<status status="PASS" starttime="20210210 15:02:36.757" endtime="20210210 15:02:36.760"></status>
</kw>
<status status="PASS" starttime="20210210 15:02:36.748" endtime="20210210 15:02:36.760"></status>
</kw>
<kw name="${i} = 36" type="foritem">
<kw name="Get Text" library="SeleniumLibrary">
<doc>Returns the text value of the element identified by ``locator``.</doc>
<arguments>
<arg>xpath=//*[@id="guideCounter"]</arg>
</arguments>
<assign>
<var>${guide_counter}</var>
</assign>
<msg timestamp="20210210 15:02:36.769" level="INFO">${guide_counter} = 5 z 10</msg>
<status status="PASS" starttime="20210210 15:02:36.760" endtime="20210210 15:02:36.769"></status>
</kw>
<kw name="Exit For Loop If" library="BuiltIn">
<doc>Stops executing the enclosing for loop if the ``condition`` is true.</doc>
<arguments>
<arg>"${guide_counter}" == "${text_of_guides_total} z ${text_of_guides_total}"</arg>
</arguments>
<status status="PASS" starttime="20210210 15:02:36.769" endtime="20210210 15:02:36.770"></status>
</kw>
<kw name="Execute Javascript" library="SeleniumLibrary">
<doc>Executes the given JavaScript code with possible arguments.</doc>
<arguments>
<arg>window.scrollTo(0,document.body.scrollHeight)</arg>
</arguments>
<msg timestamp="20210210 15:02:36.770" level="INFO">Executing JavaScript:
window.scrollTo(0,document.body.scrollHeight)
Without any arguments.</msg>
<status status="PASS" starttime="20210210 15:02:36.770" endtime="20210210 15:02:36.773"></status>
</kw>
<status status="PASS" starttime="20210210 15:02:36.760" endtime="20210210 15:02:36.773"></status>
</kw>
<kw name="${i} = 37" type="foritem">
<kw name="Get Text" library="SeleniumLibrary">
<doc>Returns the text value of the element identified by ``locator``.</doc>
<arguments>
<arg>xpath=//*[@id="guideCounter"]</arg>
</arguments>
<assign>
<var>${guide_counter}</var>
</assign>
<msg timestamp="20210210 15:02:36.781" level="INFO">${guide_counter} = 5 z 10</msg>
<status status="PASS" starttime="20210210 15:02:36.773" endtime="20210210 15:02:36.781"></status>
</kw>
<kw name="Exit For Loop If" library="BuiltIn">
<doc>Stops executing the enclosing for loop if the ``condition`` is true.</doc>
<arguments>
<arg>"${guide_counter}" == "${text_of_guides_total} z ${text_of_guides_total}"</arg>
</arguments>
<status status="PASS" starttime="20210210 15:02:36.781" endtime="20210210 15:02:36.781"></status>
</kw>
<kw name="Execute Javascript" library="SeleniumLibrary">
<doc>Executes the given JavaScript code with possible arguments.</doc>
<arguments>
<arg>window.scrollTo(0,document.body.scrollHeight)</arg>
</arguments>
<msg timestamp="20210210 15:02:36.782" level="INFO">Executing JavaScript:
window.scrollTo(0,document.body.scrollHeight)
Without any arguments.</msg>
<status status="PASS" starttime="20210210 15:02:36.781" endtime="20210210 15:02:36.784"></status>
</kw>
<status status="PASS" starttime="20210210 15:02:36.773" endtime="20210210 15:02:36.784"></status>
</kw>
<kw name="${i} = 38" type="foritem">
<kw name="Get Text" library="SeleniumLibrary">
<doc>Returns the text value of the element identified by ``locator``.</doc>
<arguments>
<arg>xpath=//*[@id="guideCounter"]</arg>
</arguments>
<assign>
<var>${guide_counter}</var>
</assign>
<msg timestamp="20210210 15:02:36.796" level="INFO">${guide_counter} = 5 z 10</msg>
<status status="PASS" starttime="20210210 15:02:36.785" endtime="20210210 15:02:36.796"></status>
</kw>
<kw name="Exit For Loop If" library="BuiltIn">
<doc>Stops executing the enclosing for loop if the ``condition`` is true.</doc>
<arguments>
<arg>"${guide_counter}" == "${text_of_guides_total} z ${text_of_guides_total}"</arg>
</arguments>
<status status="PASS" starttime="20210210 15:02:36.796" endtime="20210210 15:02:36.796"></status>
</kw>
<kw name="Execute Javascript" library="SeleniumLibrary">
<doc>Executes the given JavaScript code with possible arguments.</doc>
<arguments>
<arg>window.scrollTo(0,document.body.scrollHeight)</arg>
</arguments>
<msg timestamp="20210210 15:02:36.797" level="INFO">Executing JavaScript:
window.scrollTo(0,document.body.scrollHeight)
Without any arguments.</msg>
<status status="PASS" starttime="20210210 15:02:36.796" endtime="20210210 15:02:36.801"></status>
</kw>
<status status="PASS" starttime="20210210 15:02:36.784" endtime="20210210 15:02:36.801"></status>
</kw>
<kw name="${i} = 39" type="foritem">
<kw name="Get Text" library="SeleniumLibrary">
<doc>Returns the text value of the element identified by ``locator``.</doc>
<arguments>
<arg>xpath=//*[@id="guideCounter"]</arg>
</arguments>
<assign>
<var>${guide_counter}</var>
</assign>
<msg timestamp="20210210 15:02:36.812" level="INFO">${guide_counter} = 5 z 10</msg>
<status status="PASS" starttime="20210210 15:02:36.801" endtime="20210210 15:02:36.812"></status>
</kw>
<kw name="Exit For Loop If" library="BuiltIn">
<doc>Stops executing the enclosing for loop if the ``condition`` is true.</doc>
<arguments>
<arg>"${guide_counter}" == "${text_of_guides_total} z ${text_of_guides_total}"</arg>
</arguments>
<status status="PASS" starttime="20210210 15:02:36.812" endtime="20210210 15:02:36.813"></status>
</kw>
<kw name="Execute Javascript" library="SeleniumLibrary">
<doc>Executes the given JavaScript code with possible arguments.</doc>
<arguments>
<arg>window.scrollTo(0,document.body.scrollHeight)</arg>
</arguments>
<msg timestamp="20210210 15:02:36.813" level="INFO">Executing JavaScript:
window.scrollTo(0,document.body.scrollHeight)
Without any arguments.</msg>
<status status="PASS" starttime="20210210 15:02:36.813" endtime="20210210 15:02:36.817"></status>
</kw>
<status status="PASS" starttime="20210210 15:02:36.801" endtime="20210210 15:02:36.817"></status>
</kw>
<kw name="${i} = 40" type="foritem">
<kw name="Get Text" library="SeleniumLibrary">
<doc>Returns the text value of the element identified by ``locator``.</doc>
<arguments>
<arg>xpath=//*[@id="guideCounter"]</arg>
</arguments>
<assign>
<var>${guide_counter}</var>
</assign>
<msg timestamp="20210210 15:02:36.829" level="INFO">${guide_counter} = 5 z 10</msg>
<status status="PASS" starttime="20210210 15:02:36.817" endtime="20210210 15:02:36.829"></status>
</kw>
<kw name="Exit For Loop If" library="BuiltIn">
<doc>Stops executing the enclosing for loop if the ``condition`` is true.</doc>
<arguments>
<arg>"${guide_counter}" == "${text_of_guides_total} z ${text_of_guides_total}"</arg>
</arguments>
<status status="PASS" starttime="20210210 15:02:36.829" endtime="20210210 15:02:36.829"></status>
</kw>
<kw name="Execute Javascript" library="SeleniumLibrary">
<doc>Executes the given JavaScript code with possible arguments.</doc>
<arguments>
<arg>window.scrollTo(0,document.body.scrollHeight)</arg>
</arguments>
<msg timestamp="20210210 15:02:36.830" level="INFO">Executing JavaScript:
window.scrollTo(0,document.body.scrollHeight)
Without any arguments.</msg>
<status status="PASS" starttime="20210210 15:02:36.829" endtime="20210210 15:02:36.833"></status>
</kw>
<status status="PASS" starttime="20210210 15:02:36.817" endtime="20210210 15:02:36.833"></status>
</kw>
<kw name="${i} = 41" type="foritem">
<kw name="Get Text" library="SeleniumLibrary">
<doc>Returns the text value of the element identified by ``locator``.</doc>
<arguments>
<arg>xpath=//*[@id="guideCounter"]</arg>
</arguments>
<assign>
<var>${guide_counter}</var>
</assign>
<msg timestamp="20210210 15:02:36.845" level="INFO">${guide_counter} = 5 z 10</msg>
<status status="PASS" starttime="20210210 15:02:36.833" endtime="20210210 15:02:36.845"></status>
</kw>
<kw name="Exit For Loop If" library="BuiltIn">
<doc>Stops executing the enclosing for loop if the ``condition`` is true.</doc>
<arguments>
<arg>"${guide_counter}" == "${text_of_guides_total} z ${text_of_guides_total}"</arg>
</arguments>
<status status="PASS" starttime="20210210 15:02:36.845" endtime="20210210 15:02:36.845"></status>
</kw>
<kw name="Execute Javascript" library="SeleniumLibrary">
<doc>Executes the given JavaScript code with possible arguments.</doc>
<arguments>
<arg>window.scrollTo(0,document.body.scrollHeight)</arg>
</arguments>
<msg timestamp="20210210 15:02:36.845" level="INFO">Executing JavaScript:
window.scrollTo(0,document.body.scrollHeight)
Without any arguments.</msg>
<status status="PASS" starttime="20210210 15:02:36.845" endtime="20210210 15:02:36.849"></status>
</kw>
<status status="PASS" starttime="20210210 15:02:36.833" endtime="20210210 15:02:36.849"></status>
</kw>
<kw name="${i} = 42" type="foritem">
<kw name="Get Text" library="SeleniumLibrary">
<doc>Returns the text value of the element identified by ``locator``.</doc>
<arguments>
<arg>xpath=//*[@id="guideCounter"]</arg>
</arguments>
<assign>
<var>${guide_counter}</var>
</assign>
<msg timestamp="20210210 15:02:36.860" level="INFO">${guide_counter} = 5 z 10</msg>
<status status="PASS" starttime="20210210 15:02:36.849" endtime="20210210 15:02:36.860"></status>
</kw>
<kw name="Exit For Loop If" library="BuiltIn">
<doc>Stops executing the enclosing for loop if the ``condition`` is true.</doc>
<arguments>
<arg>"${guide_counter}" == "${text_of_guides_total} z ${text_of_guides_total}"</arg>
</arguments>
<status status="PASS" starttime="20210210 15:02:36.860" endtime="20210210 15:02:36.861"></status>
</kw>
<kw name="Execute Javascript" library="SeleniumLibrary">
<doc>Executes the given JavaScript code with possible arguments.</doc>
<arguments>
<arg>window.scrollTo(0,document.body.scrollHeight)</arg>
</arguments>
<msg timestamp="20210210 15:02:36.861" level="INFO">Executing JavaScript:
window.scrollTo(0,document.body.scrollHeight)
Without any arguments.</msg>
<status status="PASS" starttime="20210210 15:02:36.861" endtime="20210210 15:02:36.865"></status>
</kw>
<status status="PASS" starttime="20210210 15:02:36.849" endtime="20210210 15:02:36.865"></status>
</kw>
<kw name="${i} = 43" type="foritem">
<kw name="Get Text" library="SeleniumLibrary">
<doc>Returns the text value of the element identified by ``locator``.</doc>
<arguments>
<arg>xpath=//*[@id="guideCounter"]</arg>
</arguments>
<assign>
<var>${guide_counter}</var>
</assign>
<msg timestamp="20210210 15:02:36.877" level="INFO">${guide_counter} = 5 z 10</msg>
<status status="PASS" starttime="20210210 15:02:36.865" endtime="20210210 15:02:36.877"></status>
</kw>
<kw name="Exit For Loop If" library="BuiltIn">
<doc>Stops executing the enclosing for loop if the ``condition`` is true.</doc>
<arguments>
<arg>"${guide_counter}" == "${text_of_guides_total} z ${text_of_guides_total}"</arg>
</arguments>
<status status="PASS" starttime="20210210 15:02:36.877" endtime="20210210 15:02:36.877"></status>
</kw>
<kw name="Execute Javascript" library="SeleniumLibrary">
<doc>Executes the given JavaScript code with possible arguments.</doc>
<arguments>
<arg>window.scrollTo(0,document.body.scrollHeight)</arg>
</arguments>
<msg timestamp="20210210 15:02:36.878" level="INFO">Executing JavaScript:
window.scrollTo(0,document.body.scrollHeight)
Without any arguments.</msg>
<status status="PASS" starttime="20210210 15:02:36.877" endtime="20210210 15:02:36.881"></status>
</kw>
<status status="PASS" starttime="20210210 15:02:36.865" endtime="20210210 15:02:36.881"></status>
</kw>
<kw name="${i} = 44" type="foritem">
<kw name="Get Text" library="SeleniumLibrary">
<doc>Returns the text value of the element identified by ``locator``.</doc>
<arguments>
<arg>xpath=//*[@id="guideCounter"]</arg>
</arguments>
<assign>
<var>${guide_counter}</var>
</assign>
<msg timestamp="20210210 15:02:36.891" level="INFO">${guide_counter} = 5 z 10</msg>
<status status="PASS" starttime="20210210 15:02:36.881" endtime="20210210 15:02:36.892"></status>
</kw>
<kw name="Exit For Loop If" library="BuiltIn">
<doc>Stops executing the enclosing for loop if the ``condition`` is true.</doc>
<arguments>
<arg>"${guide_counter}" == "${text_of_guides_total} z ${text_of_guides_total}"</arg>
</arguments>
<status status="PASS" starttime="20210210 15:02:36.892" endtime="20210210 15:02:36.892"></status>
</kw>
<kw name="Execute Javascript" library="SeleniumLibrary">
<doc>Executes the given JavaScript code with possible arguments.</doc>
<arguments>
<arg>window.scrollTo(0,document.body.scrollHeight)</arg>
</arguments>
<msg timestamp="20210210 15:02:36.892" level="INFO">Executing JavaScript:
window.scrollTo(0,document.body.scrollHeight)
Without any arguments.</msg>
<status status="PASS" starttime="20210210 15:02:36.892" endtime="20210210 15:02:36.895"></status>
</kw>
<status status="PASS" starttime="20210210 15:02:36.881" endtime="20210210 15:02:36.895"></status>
</kw>
<kw name="${i} = 45" type="foritem">
<kw name="Get Text" library="SeleniumLibrary">
<doc>Returns the text value of the element identified by ``locator``.</doc>
<arguments>
<arg>xpath=//*[@id="guideCounter"]</arg>
</arguments>
<assign>
<var>${guide_counter}</var>
</assign>
<msg timestamp="20210210 15:02:36.905" level="INFO">${guide_counter} = 5 z 10</msg>
<status status="PASS" starttime="20210210 15:02:36.895" endtime="20210210 15:02:36.905"></status>
</kw>
<kw name="Exit For Loop If" library="BuiltIn">
<doc>Stops executing the enclosing for loop if the ``condition`` is true.</doc>
<arguments>
<arg>"${guide_counter}" == "${text_of_guides_total} z ${text_of_guides_total}"</arg>
</arguments>
<status status="PASS" starttime="20210210 15:02:36.905" endtime="20210210 15:02:36.906"></status>
</kw>
<kw name="Execute Javascript" library="SeleniumLibrary">
<doc>Executes the given JavaScript code with possible arguments.</doc>
<arguments>
<arg>window.scrollTo(0,document.body.scrollHeight)</arg>
</arguments>
<msg timestamp="20210210 15:02:36.906" level="INFO">Executing JavaScript:
window.scrollTo(0,document.body.scrollHeight)
Without any arguments.</msg>
<status status="PASS" starttime="20210210 15:02:36.906" endtime="20210210 15:02:36.908"></status>
</kw>
<status status="PASS" starttime="20210210 15:02:36.895" endtime="20210210 15:02:36.908"></status>
</kw>
<kw name="${i} = 46" type="foritem">
<kw name="Get Text" library="SeleniumLibrary">
<doc>Returns the text value of the element identified by ``locator``.</doc>
<arguments>
<arg>xpath=//*[@id="guideCounter"]</arg>
</arguments>
<assign>
<var>${guide_counter}</var>
</assign>
<msg timestamp="20210210 15:02:36.923" level="INFO">${guide_counter} = 5 z 10</msg>
<status status="PASS" starttime="20210210 15:02:36.908" endtime="20210210 15:02:36.923"></status>
</kw>
<kw name="Exit For Loop If" library="BuiltIn">
<doc>Stops executing the enclosing for loop if the ``condition`` is true.</doc>
<arguments>
<arg>"${guide_counter}" == "${text_of_guides_total} z ${text_of_guides_total}"</arg>
</arguments>
<status status="PASS" starttime="20210210 15:02:36.923" endtime="20210210 15:02:36.924"></status>
</kw>
<kw name="Execute Javascript" library="SeleniumLibrary">
<doc>Executes the given JavaScript code with possible arguments.</doc>
<arguments>
<arg>window.scrollTo(0,document.body.scrollHeight)</arg>
</arguments>
<msg timestamp="20210210 15:02:36.924" level="INFO">Executing JavaScript:
window.scrollTo(0,document.body.scrollHeight)
Without any arguments.</msg>
<status status="PASS" starttime="20210210 15:02:36.924" endtime="20210210 15:02:36.928"></status>
</kw>
<status status="PASS" starttime="20210210 15:02:36.908" endtime="20210210 15:02:36.928"></status>
</kw>
<kw name="${i} = 47" type="foritem">
<kw name="Get Text" library="SeleniumLibrary">
<doc>Returns the text value of the element identified by ``locator``.</doc>
<arguments>
<arg>xpath=//*[@id="guideCounter"]</arg>
</arguments>
<assign>
<var>${guide_counter}</var>
</assign>
<msg timestamp="20210210 15:02:36.940" level="INFO">${guide_counter} = 5 z 10</msg>
<status status="PASS" starttime="20210210 15:02:36.928" endtime="20210210 15:02:36.940"></status>
</kw>
<kw name="Exit For Loop If" library="BuiltIn">
<doc>Stops executing the enclosing for loop if the ``condition`` is true.</doc>
<arguments>
<arg>"${guide_counter}" == "${text_of_guides_total} z ${text_of_guides_total}"</arg>
</arguments>
<status status="PASS" starttime="20210210 15:02:36.940" endtime="20210210 15:02:36.941"></status>
</kw>
<kw name="Execute Javascript" library="SeleniumLibrary">
<doc>Executes the given JavaScript code with possible arguments.</doc>
<arguments>
<arg>window.scrollTo(0,document.body.scrollHeight)</arg>
</arguments>
<msg timestamp="20210210 15:02:36.941" level="INFO">Executing JavaScript:
window.scrollTo(0,document.body.scrollHeight)
Without any arguments.</msg>
<status status="PASS" starttime="20210210 15:02:36.941" endtime="20210210 15:02:36.945"></status>
</kw>
<status status="PASS" starttime="20210210 15:02:36.928" endtime="20210210 15:02:36.945"></status>
</kw>
<kw name="${i} = 48" type="foritem">
<kw name="Get Text" library="SeleniumLibrary">
<doc>Returns the text value of the element identified by ``locator``.</doc>
<arguments>
<arg>xpath=//*[@id="guideCounter"]</arg>
</arguments>
<assign>
<var>${guide_counter}</var>
</assign>
<msg timestamp="20210210 15:02:36.956" level="INFO">${guide_counter} = 5 z 10</msg>
<status status="PASS" starttime="20210210 15:02:36.945" endtime="20210210 15:02:36.956"></status>
</kw>
<kw name="Exit For Loop If" library="BuiltIn">
<doc>Stops executing the enclosing for loop if the ``condition`` is true.</doc>
<arguments>
<arg>"${guide_counter}" == "${text_of_guides_total} z ${text_of_guides_total}"</arg>
</arguments>
<status status="PASS" starttime="20210210 15:02:36.956" endtime="20210210 15:02:36.956"></status>
</kw>
<kw name="Execute Javascript" library="SeleniumLibrary">
<doc>Executes the given JavaScript code with possible arguments.</doc>
<arguments>
<arg>window.scrollTo(0,document.body.scrollHeight)</arg>
</arguments>
<msg timestamp="20210210 15:02:36.956" level="INFO">Executing JavaScript:
window.scrollTo(0,document.body.scrollHeight)
Without any arguments.</msg>
<status status="PASS" starttime="20210210 15:02:36.956" endtime="20210210 15:02:36.960"></status>
</kw>
<status status="PASS" starttime="20210210 15:02:36.945" endtime="20210210 15:02:36.960"></status>
</kw>
<kw name="${i} = 49" type="foritem">
<kw name="Get Text" library="SeleniumLibrary">
<doc>Returns the text value of the element identified by ``locator``.</doc>
<arguments>
<arg>xpath=//*[@id="guideCounter"]</arg>
</arguments>
<assign>
<var>${guide_counter}</var>
</assign>
<msg timestamp="20210210 15:02:36.969" level="INFO">${guide_counter} = 5 z 10</msg>
<status status="PASS" starttime="20210210 15:02:36.960" endtime="20210210 15:02:36.969"></status>
</kw>
<kw name="Exit For Loop If" library="BuiltIn">
<doc>Stops executing the enclosing for loop if the ``condition`` is true.</doc>
<arguments>
<arg>"${guide_counter}" == "${text_of_guides_total} z ${text_of_guides_total}"</arg>
</arguments>
<status status="PASS" starttime="20210210 15:02:36.970" endtime="20210210 15:02:36.970"></status>
</kw>
<kw name="Execute Javascript" library="SeleniumLibrary">
<doc>Executes the given JavaScript code with possible arguments.</doc>
<arguments>
<arg>window.scrollTo(0,document.body.scrollHeight)</arg>
</arguments>
<msg timestamp="20210210 15:02:36.970" level="INFO">Executing JavaScript:
window.scrollTo(0,document.body.scrollHeight)
Without any arguments.</msg>
<status status="PASS" starttime="20210210 15:02:36.970" endtime="20210210 15:02:36.973"></status>
</kw>
<status status="PASS" starttime="20210210 15:02:36.960" endtime="20210210 15:02:36.973"></status>
</kw>
<kw name="${i} = 50" type="foritem">
<kw name="Get Text" library="SeleniumLibrary">
<doc>Returns the text value of the element identified by ``locator``.</doc>
<arguments>
<arg>xpath=//*[@id="guideCounter"]</arg>
</arguments>
<assign>
<var>${guide_counter}</var>
</assign>
<msg timestamp="20210210 15:02:36.982" level="INFO">${guide_counter} = 5 z 10</msg>
<status status="PASS" starttime="20210210 15:02:36.973" endtime="20210210 15:02:36.982"></status>
</kw>
<kw name="Exit For Loop If" library="BuiltIn">
<doc>Stops executing the enclosing for loop if the ``condition`` is true.</doc>
<arguments>
<arg>"${guide_counter}" == "${text_of_guides_total} z ${text_of_guides_total}"</arg>
</arguments>
<status status="PASS" starttime="20210210 15:02:36.982" endtime="20210210 15:02:36.982"></status>
</kw>
<kw name="Execute Javascript" library="SeleniumLibrary">
<doc>Executes the given JavaScript code with possible arguments.</doc>
<arguments>
<arg>window.scrollTo(0,document.body.scrollHeight)</arg>
</arguments>
<msg timestamp="20210210 15:02:36.983" level="INFO">Executing JavaScript:
window.scrollTo(0,document.body.scrollHeight)
Without any arguments.</msg>
<status status="PASS" starttime="20210210 15:02:36.982" endtime="20210210 15:02:36.985"></status>
</kw>
<status status="PASS" starttime="20210210 15:02:36.973" endtime="20210210 15:02:36.985"></status>
</kw>
<kw name="${i} = 51" type="foritem">
<kw name="Get Text" library="SeleniumLibrary">
<doc>Returns the text value of the element identified by ``locator``.</doc>
<arguments>
<arg>xpath=//*[@id="guideCounter"]</arg>
</arguments>
<assign>
<var>${guide_counter}</var>
</assign>
<msg timestamp="20210210 15:02:36.994" level="INFO">${guide_counter} = 5 z 10</msg>
<status status="PASS" starttime="20210210 15:02:36.985" endtime="20210210 15:02:36.994"></status>
</kw>
<kw name="Exit For Loop If" library="BuiltIn">
<doc>Stops executing the enclosing for loop if the ``condition`` is true.</doc>
<arguments>
<arg>"${guide_counter}" == "${text_of_guides_total} z ${text_of_guides_total}"</arg>
</arguments>
<status status="PASS" starttime="20210210 15:02:36.995" endtime="20210210 15:02:36.995"></status>
</kw>
<kw name="Execute Javascript" library="SeleniumLibrary">
<doc>Executes the given JavaScript code with possible arguments.</doc>
<arguments>
<arg>window.scrollTo(0,document.body.scrollHeight)</arg>
</arguments>
<msg timestamp="20210210 15:02:36.995" level="INFO">Executing JavaScript:
window.scrollTo(0,document.body.scrollHeight)
Without any arguments.</msg>
<status status="PASS" starttime="20210210 15:02:36.995" endtime="20210210 15:02:36.998"></status>
</kw>
<status status="PASS" starttime="20210210 15:02:36.985" endtime="20210210 15:02:36.998"></status>
</kw>
<kw name="${i} = 52" type="foritem">
<kw name="Get Text" library="SeleniumLibrary">
<doc>Returns the text value of the element identified by ``locator``.</doc>
<arguments>
<arg>xpath=//*[@id="guideCounter"]</arg>
</arguments>
<assign>
<var>${guide_counter}</var>
</assign>
<msg timestamp="20210210 15:02:37.006" level="INFO">${guide_counter} = 5 z 10</msg>
<status status="PASS" starttime="20210210 15:02:36.998" endtime="20210210 15:02:37.006"></status>
</kw>
<kw name="Exit For Loop If" library="BuiltIn">
<doc>Stops executing the enclosing for loop if the ``condition`` is true.</doc>
<arguments>
<arg>"${guide_counter}" == "${text_of_guides_total} z ${text_of_guides_total}"</arg>
</arguments>
<status status="PASS" starttime="20210210 15:02:37.006" endtime="20210210 15:02:37.007"></status>
</kw>
<kw name="Execute Javascript" library="SeleniumLibrary">
<doc>Executes the given JavaScript code with possible arguments.</doc>
<arguments>
<arg>window.scrollTo(0,document.body.scrollHeight)</arg>
</arguments>
<msg timestamp="20210210 15:02:37.007" level="INFO">Executing JavaScript:
window.scrollTo(0,document.body.scrollHeight)
Without any arguments.</msg>
<status status="PASS" starttime="20210210 15:02:37.007" endtime="20210210 15:02:37.010"></status>
</kw>
<status status="PASS" starttime="20210210 15:02:36.998" endtime="20210210 15:02:37.010"></status>
</kw>
<kw name="${i} = 53" type="foritem">
<kw name="Get Text" library="SeleniumLibrary">
<doc>Returns the text value of the element identified by ``locator``.</doc>
<arguments>
<arg>xpath=//*[@id="guideCounter"]</arg>
</arguments>
<assign>
<var>${guide_counter}</var>
</assign>
<msg timestamp="20210210 15:02:37.019" level="INFO">${guide_counter} = 5 z 10</msg>
<status status="PASS" starttime="20210210 15:02:37.010" endtime="20210210 15:02:37.019"></status>
</kw>
<kw name="Exit For Loop If" library="BuiltIn">
<doc>Stops executing the enclosing for loop if the ``condition`` is true.</doc>
<arguments>
<arg>"${guide_counter}" == "${text_of_guides_total} z ${text_of_guides_total}"</arg>
</arguments>
<status status="PASS" starttime="20210210 15:02:37.019" endtime="20210210 15:02:37.019"></status>
</kw>
<kw name="Execute Javascript" library="SeleniumLibrary">
<doc>Executes the given JavaScript code with possible arguments.</doc>
<arguments>
<arg>window.scrollTo(0,document.body.scrollHeight)</arg>
</arguments>
<msg timestamp="20210210 15:02:37.020" level="INFO">Executing JavaScript:
window.scrollTo(0,document.body.scrollHeight)
Without any arguments.</msg>
<status status="PASS" starttime="20210210 15:02:37.019" endtime="20210210 15:02:37.022"></status>
</kw>
<status status="PASS" starttime="20210210 15:02:37.010" endtime="20210210 15:02:37.022"></status>
</kw>
<kw name="${i} = 54" type="foritem">
<kw name="Get Text" library="SeleniumLibrary">
<doc>Returns the text value of the element identified by ``locator``.</doc>
<arguments>
<arg>xpath=//*[@id="guideCounter"]</arg>
</arguments>
<assign>
<var>${guide_counter}</var>
</assign>
<msg timestamp="20210210 15:02:37.031" level="INFO">${guide_counter} = 5 z 10</msg>
<status status="PASS" starttime="20210210 15:02:37.023" endtime="20210210 15:02:37.031"></status>
</kw>
<kw name="Exit For Loop If" library="BuiltIn">
<doc>Stops executing the enclosing for loop if the ``condition`` is true.</doc>
<arguments>
<arg>"${guide_counter}" == "${text_of_guides_total} z ${text_of_guides_total}"</arg>
</arguments>
<status status="PASS" starttime="20210210 15:02:37.032" endtime="20210210 15:02:37.032"></status>
</kw>
<kw name="Execute Javascript" library="SeleniumLibrary">
<doc>Executes the given JavaScript code with possible arguments.</doc>
<arguments>
<arg>window.scrollTo(0,document.body.scrollHeight)</arg>
</arguments>
<msg timestamp="20210210 15:02:37.032" level="INFO">Executing JavaScript:
window.scrollTo(0,document.body.scrollHeight)
Without any arguments.</msg>
<status status="PASS" starttime="20210210 15:02:37.032" endtime="20210210 15:02:37.035"></status>
</kw>
<status status="PASS" starttime="20210210 15:02:37.023" endtime="20210210 15:02:37.035"></status>
</kw>
<kw name="${i} = 55" type="foritem">
<kw name="Get Text" library="SeleniumLibrary">
<doc>Returns the text value of the element identified by ``locator``.</doc>
<arguments>
<arg>xpath=//*[@id="guideCounter"]</arg>
</arguments>
<assign>
<var>${guide_counter}</var>
</assign>
<msg timestamp="20210210 15:02:37.044" level="INFO">${guide_counter} = 5 z 10</msg>
<status status="PASS" starttime="20210210 15:02:37.035" endtime="20210210 15:02:37.044"></status>
</kw>
<kw name="Exit For Loop If" library="BuiltIn">
<doc>Stops executing the enclosing for loop if the ``condition`` is true.</doc>
<arguments>
<arg>"${guide_counter}" == "${text_of_guides_total} z ${text_of_guides_total}"</arg>
</arguments>
<status status="PASS" starttime="20210210 15:02:37.045" endtime="20210210 15:02:37.045"></status>
</kw>
<kw name="Execute Javascript" library="SeleniumLibrary">
<doc>Executes the given JavaScript code with possible arguments.</doc>
<arguments>
<arg>window.scrollTo(0,document.body.scrollHeight)</arg>
</arguments>
<msg timestamp="20210210 15:02:37.045" level="INFO">Executing JavaScript:
window.scrollTo(0,document.body.scrollHeight)
Without any arguments.</msg>
<status status="PASS" starttime="20210210 15:02:37.045" endtime="20210210 15:02:37.048"></status>
</kw>
<status status="PASS" starttime="20210210 15:02:37.035" endtime="20210210 15:02:37.048"></status>
</kw>
<kw name="${i} = 56" type="foritem">
<kw name="Get Text" library="SeleniumLibrary">
<doc>Returns the text value of the element identified by ``locator``.</doc>
<arguments>
<arg>xpath=//*[@id="guideCounter"]</arg>
</arguments>
<assign>
<var>${guide_counter}</var>
</assign>
<msg timestamp="20210210 15:02:37.057" level="INFO">${guide_counter} = 5 z 10</msg>
<status status="PASS" starttime="20210210 15:02:37.048" endtime="20210210 15:02:37.057"></status>
</kw>
<kw name="Exit For Loop If" library="BuiltIn">
<doc>Stops executing the enclosing for loop if the ``condition`` is true.</doc>
<arguments>
<arg>"${guide_counter}" == "${text_of_guides_total} z ${text_of_guides_total}"</arg>
</arguments>
<status status="PASS" starttime="20210210 15:02:37.058" endtime="20210210 15:02:37.058"></status>
</kw>
<kw name="Execute Javascript" library="SeleniumLibrary">
<doc>Executes the given JavaScript code with possible arguments.</doc>
<arguments>
<arg>window.scrollTo(0,document.body.scrollHeight)</arg>
</arguments>
<msg timestamp="20210210 15:02:37.058" level="INFO">Executing JavaScript:
window.scrollTo(0,document.body.scrollHeight)
Without any arguments.</msg>
<status status="PASS" starttime="20210210 15:02:37.058" endtime="20210210 15:02:37.061"></status>
</kw>
<status status="PASS" starttime="20210210 15:02:37.048" endtime="20210210 15:02:37.061"></status>
</kw>
<kw name="${i} = 57" type="foritem">
<kw name="Get Text" library="SeleniumLibrary">
<doc>Returns the text value of the element identified by ``locator``.</doc>
<arguments>
<arg>xpath=//*[@id="guideCounter"]</arg>
</arguments>
<assign>
<var>${guide_counter}</var>
</assign>
<msg timestamp="20210210 15:02:37.069" level="INFO">${guide_counter} = 5 z 10</msg>
<status status="PASS" starttime="20210210 15:02:37.061" endtime="20210210 15:02:37.070"></status>
</kw>
<kw name="Exit For Loop If" library="BuiltIn">
<doc>Stops executing the enclosing for loop if the ``condition`` is true.</doc>
<arguments>
<arg>"${guide_counter}" == "${text_of_guides_total} z ${text_of_guides_total}"</arg>
</arguments>
<status status="PASS" starttime="20210210 15:02:37.070" endtime="20210210 15:02:37.070"></status>
</kw>
<kw name="Execute Javascript" library="SeleniumLibrary">
<doc>Executes the given JavaScript code with possible arguments.</doc>
<arguments>
<arg>window.scrollTo(0,document.body.scrollHeight)</arg>
</arguments>
<msg timestamp="20210210 15:02:37.070" level="INFO">Executing JavaScript:
window.scrollTo(0,document.body.scrollHeight)
Without any arguments.</msg>
[...]
</kw>
<kw name="${i} = 165" type="foritem">
<kw name="Get Text" library="SeleniumLibrary">
<doc>Returns the text value of the element identified by ``locator``.</doc>
<arguments>
<arg>xpath=//*[@id="guideCounter"]</arg>
</arguments>
<assign>
<var>${guide_counter}</var>
</assign>
<msg timestamp="20210210 15:02:38.415" level="INFO">${guide_counter} = 5 z 10</msg>
<status status="PASS" starttime="20210210 15:02:38.406" endtime="20210210 15:02:38.415"></status>
</kw>
<kw name="Exit For Loop If" library="BuiltIn">
<doc>Stops executing the enclosing for loop if the ``condition`` is true.</doc>
<arguments>
<arg>"${guide_counter}" == "${text_of_guides_total} z ${text_of_guides_total}"</arg>
</arguments>
<status status="PASS" starttime="20210210 15:02:38.415" endtime="20210210 15:02:38.415"></status>
</kw>
<kw name="Execute Javascript" library="SeleniumLibrary">
<doc>Executes the given JavaScript code with possible arguments.</doc>
<arguments>
<arg>window.scrollTo(0,document.body.scrollHeight)</arg>
</arguments>
<msg timestamp="20210210 15:02:38.416" level="INFO">Executing JavaScript:
window.scrollTo(0,document.body.scrollHeight)
Without any arguments.</msg>
<status status="PASS" starttime="20210210 15:02:38.415" endtime="20210210 15:02:38.419"></status>
</kw>
<status status="PASS" starttime="20210210 15:02:38.406" endtime="20210210 15:02:38.419"></status>
</kw>
<kw name="${i} = 166" type="foritem">
<kw name="Get Text" library="SeleniumLibrary">
<doc>Returns the text value of the element identified by ``locator``.</doc>
<arguments>
<arg>xpath=//*[@id="guideCounter"]</arg>
</arguments>
<assign>
<var>${guide_counter}</var>
</assign>
<msg timestamp="20210210 15:02:38.426" level="INFO">${guide_counter} = 5 z 10</msg>
<status status="PASS" starttime="20210210 15:02:38.419" endtime="20210210 15:02:38.426"></status>
</kw>
<kw name="Exit For Loop If" library="BuiltIn">
<doc>Stops executing the enclosing for loop if the ``condition`` is true.</doc>
<arguments>
<arg>"${guide_counter}" == "${text_of_guides_total} z ${text_of_guides_total}"</arg>
</arguments>
<status status="PASS" starttime="20210210 15:02:38.426" endtime="20210210 15:02:38.427"></status>
</kw>
<kw name="Execute Javascript" library="SeleniumLibrary">
<doc>Executes the given JavaScript code with possible arguments.</doc>
<arguments>
<arg>window.scrollTo(0,document.body.scrollHeight)</arg>
</arguments>
<msg timestamp="20210210 15:02:38.427" level="INFO">Executing JavaScript:
window.scrollTo(0,document.body.scrollHeight)
Without any arguments.</msg>
<status status="PASS" starttime="20210210 15:02:38.427" endtime="20210210 15:02:38.429"></status>
</kw>
<status status="PASS" starttime="20210210 15:02:38.419" endtime="20210210 15:02:38.430"></status>
</kw>
<kw name="${i} = 167" type="foritem">
<kw name="Get Text" library="SeleniumLibrary">
<doc>Returns the text value of the element identified by ``locator``.</doc>
<arguments>
<arg>xpath=//*[@id="guideCounter"]</arg>
</arguments>
<assign>
<var>${guide_counter}</var>
</assign>
<msg timestamp="20210210 15:02:38.439" level="INFO">${guide_counter} = 5 z 10</msg>
<status status="PASS" starttime="20210210 15:02:38.430" endtime="20210210 15:02:38.439"></status>
</kw>
<kw name="Exit For Loop If" library="BuiltIn">
<doc>Stops executing the enclosing for loop if the ``condition`` is true.</doc>
<arguments>
<arg>"${guide_counter}" == "${text_of_guides_total} z ${text_of_guides_total}"</arg>
</arguments>
<status status="PASS" starttime="20210210 15:02:38.439" endtime="20210210 15:02:38.439"></status>
</kw>
<kw name="Execute Javascript" library="SeleniumLibrary">
<doc>Executes the given JavaScript code with possible arguments.</doc>
<arguments>
<arg>window.scrollTo(0,document.body.scrollHeight)</arg>
</arguments>
<msg timestamp="20210210 15:02:38.440" level="INFO">Executing JavaScript:
window.scrollTo(0,document.body.scrollHeight)
Without any arguments.</msg>
<status status="PASS" starttime="20210210 15:02:38.440" endtime="20210210 15:02:38.442"></status>
</kw>
<status status="PASS" starttime="20210210 15:02:38.430" endtime="20210210 15:02:38.442"></status>
</kw>
<kw name="${i} = 168" type="foritem">
<kw name="Get Text" library="SeleniumLibrary">
<doc>Returns the text value of the element identified by ``locator``.</doc>
<arguments>
<arg>xpath=//*[@id="guideCounter"]</arg>
</arguments>
<assign>
<var>${guide_counter}</var>
</assign>
<msg timestamp="20210210 15:02:38.451" level="INFO">${guide_counter} = 5 z 10</msg>
<status status="PASS" starttime="20210210 15:02:38.443" endtime="20210210 15:02:38.451"></status>
</kw>
<kw name="Exit For Loop If" library="BuiltIn">
<doc>Stops executing the enclosing for loop if the ``condition`` is true.</doc>
<arguments>
<arg>"${guide_counter}" == "${text_of_guides_total} z ${text_of_guides_total}"</arg>
</arguments>
<status status="PASS" starttime="20210210 15:02:38.451" endtime="20210210 15:02:38.452"></status>
</kw>
<kw name="Execute Javascript" library="SeleniumLibrary">
<doc>Executes the given JavaScript code with possible arguments.</doc>
<arguments>
<arg>window.scrollTo(0,document.body.scrollHeight)</arg>
</arguments>
<msg timestamp="20210210 15:02:38.452" level="INFO">Executing JavaScript:
window.scrollTo(0,document.body.scrollHeight)
Without any arguments.</msg>
<status status="PASS" starttime="20210210 15:02:38.452" endtime="20210210 15:02:38.455"></status>
</kw>
<status status="PASS" starttime="20210210 15:02:38.442" endtime="20210210 15:02:38.455"></status>
</kw>
<kw name="${i} = 169" type="foritem">
<kw name="Get Text" library="SeleniumLibrary">
<doc>Returns the text value of the element identified by ``locator``.</doc>
<arguments>
<arg>xpath=//*[@id="guideCounter"]</arg>
</arguments>
<assign>
<var>${guide_counter}</var>
</assign>
<msg timestamp="20210210 15:02:38.464" level="INFO">${guide_counter} = 5 z 10</msg>
<status status="PASS" starttime="20210210 15:02:38.455" endtime="20210210 15:02:38.464"></status>
</kw>
<kw name="Exit For Loop If" library="BuiltIn">
<doc>Stops executing the enclosing for loop if the ``condition`` is true.</doc>
<arguments>
<arg>"${guide_counter}" == "${text_of_guides_total} z ${text_of_guides_total}"</arg>
</arguments>
<status status="PASS" starttime="20210210 15:02:38.464" endtime="20210210 15:02:38.464"></status>
</kw>
<kw name="Execute Javascript" library="SeleniumLibrary">
<doc>Executes the given JavaScript code with possible arguments.</doc>
<arguments>
<arg>window.scrollTo(0,document.body.scrollHeight)</arg>
</arguments>
<msg timestamp="20210210 15:02:38.465" level="INFO">Executing JavaScript:
window.scrollTo(0,document.body.scrollHeight)
Without any arguments.</msg>
<status status="PASS" starttime="20210210 15:02:38.464" endtime="20210210 15:02:38.468"></status>
</kw>
<status status="PASS" starttime="20210210 15:02:38.455" endtime="20210210 15:02:38.468"></status>
</kw>
<kw name="${i} = 170" type="foritem">
<kw name="Get Text" library="SeleniumLibrary">
<doc>Returns the text value of the element identified by ``locator``.</doc>
<arguments>
<arg>xpath=//*[@id="guideCounter"]</arg>
</arguments>
<assign>
<var>${guide_counter}</var>
</assign>
<msg timestamp="20210210 15:02:38.477" level="INFO">${guide_counter} = 5 z 10</msg>
<status status="PASS" starttime="20210210 15:02:38.468" endtime="20210210 15:02:38.477"></status>
</kw>
<kw name="Exit For Loop If" library="BuiltIn">
<doc>Stops executing the enclosing for loop if the ``condition`` is true.</doc>
<arguments>
<arg>"${guide_counter}" == "${text_of_guides_total} z ${text_of_guides_total}"</arg>
</arguments>
<status status="PASS" starttime="20210210 15:02:38.477" endtime="20210210 15:02:38.478"></status>
</kw>
<kw name="Execute Javascript" library="SeleniumLibrary">
<doc>Executes the given JavaScript code with possible arguments.</doc>
<arguments>
<arg>window.scrollTo(0,document.body.scrollHeight)</arg>
</arguments>
<msg timestamp="20210210 15:02:38.478" level="INFO">Executing JavaScript:
window.scrollTo(0,document.body.scrollHeight)
Without any arguments.</msg>
<status status="PASS" starttime="20210210 15:02:38.478" endtime="20210210 15:02:38.481"></status>
</kw>
<status status="PASS" starttime="20210210 15:02:38.468" endtime="20210210 15:02:38.481"></status>
</kw>
<kw name="${i} = 171" type="foritem">
<kw name="Get Text" library="SeleniumLibrary">
<doc>Returns the text value of the element identified by ``locator``.</doc>
<arguments>
<arg>xpath=//*[@id="guideCounter"]</arg>
</arguments>
<assign>
<var>${guide_counter}</var>
</assign>
<msg timestamp="20210210 15:02:38.491" level="INFO">${guide_counter} = 5 z 10</msg>
<status status="PASS" starttime="20210210 15:02:38.481" endtime="20210210 15:02:38.491"></status>
</kw>
<kw name="Exit For Loop If" library="BuiltIn">
<doc>Stops executing the enclosing for loop if the ``condition`` is true.</doc>
<arguments>
<arg>"${guide_counter}" == "${text_of_guides_total} z ${text_of_guides_total}"</arg>
</arguments>
<status status="PASS" starttime="20210210 15:02:38.491" endtime="20210210 15:02:38.492"></status>
</kw>
<kw name="Execute Javascript" library="SeleniumLibrary">
<doc>Executes the given JavaScript code with possible arguments.</doc>
<arguments>
<arg>window.scrollTo(0,document.body.scrollHeight)</arg>
</arguments>
<msg timestamp="20210210 15:02:38.492" level="INFO">Executing JavaScript:
window.scrollTo(0,document.body.scrollHeight)
Without any arguments.</msg>
<status status="PASS" starttime="20210210 15:02:38.492" endtime="20210210 15:02:38.496"></status>
</kw>
<status status="PASS" starttime="20210210 15:02:38.481" endtime="20210210 15:02:38.496"></status>
</kw>
<kw name="${i} = 172" type="foritem">
<kw name="Get Text" library="SeleniumLibrary">
<doc>Returns the text value of the element identified by ``locator``.</doc>
<arguments>
<arg>xpath=//*[@id="guideCounter"]</arg>
</arguments>
<assign>
<var>${guide_counter}</var>
</assign>
<msg timestamp="20210210 15:02:38.506" level="INFO">${guide_counter} = 5 z 10</msg>
<status status="PASS" starttime="20210210 15:02:38.496" endtime="20210210 15:02:38.506"></status>
</kw>
<kw name="Exit For Loop If" library="BuiltIn">
<doc>Stops executing the enclosing for loop if the ``condition`` is true.</doc>
<arguments>
<arg>"${guide_counter}" == "${text_of_guides_total} z ${text_of_guides_total}"</arg>
</arguments>
<status status="PASS" starttime="20210210 15:02:38.506" endtime="20210210 15:02:38.507"></status>
</kw>
<kw name="Execute Javascript" library="SeleniumLibrary">
<doc>Executes the given JavaScript code with possible arguments.</doc>
<arguments>
<arg>window.scrollTo(0,document.body.scrollHeight)</arg>
</arguments>
<msg timestamp="20210210 15:02:38.507" level="INFO">Executing JavaScript:
window.scrollTo(0,document.body.scrollHeight)
Without any arguments.</msg>
<status status="PASS" starttime="20210210 15:02:38.507" endtime="20210210 15:02:38.511"></status>
</kw>
<status status="PASS" starttime="20210210 15:02:38.496" endtime="20210210 15:02:38.511"></status>
</kw>
<kw name="${i} = 173" type="foritem">
<kw name="Get Text" library="SeleniumLibrary">
<doc>Returns the text value of the element identified by ``locator``.</doc>
<arguments>
<arg>xpath=//*[@id="guideCounter"]</arg>
</arguments>
<assign>
<var>${guide_counter}</var>
</assign>
<msg timestamp="20210210 15:02:38.521" level="INFO">${guide_counter} = 5 z 10</msg>
<status status="PASS" starttime="20210210 15:02:38.511" endtime="20210210 15:02:38.521"></status>
</kw>
<kw name="Exit For Loop If" library="BuiltIn">
<doc>Stops executing the enclosing for loop if the ``condition`` is true.</doc>
<arguments>
<arg>"${guide_counter}" == "${text_of_guides_total} z ${text_of_guides_total}"</arg>
</arguments>
<status status="PASS" starttime="20210210 15:02:38.521" endtime="20210210 15:02:38.522"></status>
</kw>
<kw name="Execute Javascript" library="SeleniumLibrary">
<doc>Executes the given JavaScript code with possible arguments.</doc>
<arguments>
<arg>window.scrollTo(0,document.body.scrollHeight)</arg>
</arguments>
<msg timestamp="20210210 15:02:38.522" level="INFO">Executing JavaScript:
window.scrollTo(0,document.body.scrollHeight)
Without any arguments.</msg>
<status status="PASS" starttime="20210210 15:02:38.522" endtime="20210210 15:02:38.525"></status>
</kw>
<status status="PASS" starttime="20210210 15:02:38.511" endtime="20210210 15:02:38.525"></status>
</kw>
<kw name="${i} = 174" type="foritem">
<kw name="Get Text" library="SeleniumLibrary">
<doc>Returns the text value of the element identified by ``locator``.</doc>
<arguments>
<arg>xpath=//*[@id="guideCounter"]</arg>
</arguments>
<assign>
<var>${guide_counter}</var>
</assign>
<msg timestamp="20210210 15:02:38.535" level="INFO">${guide_counter} = 5 z 10</msg>
<status status="PASS" starttime="20210210 15:02:38.526" endtime="20210210 15:02:38.535"></status>
</kw>
<kw name="Exit For Loop If" library="BuiltIn">
<doc>Stops executing the enclosing for loop if the ``condition`` is true.</doc>
<arguments>
<arg>"${guide_counter}" == "${text_of_guides_total} z ${text_of_guides_total}"</arg>
</arguments>
<status status="PASS" starttime="20210210 15:02:38.535" endtime="20210210 15:02:38.536"></status>
</kw>
<kw name="Execute Javascript" library="SeleniumLibrary">
<doc>Executes the given JavaScript code with possible arguments.</doc>
<arguments>
<arg>window.scrollTo(0,document.body.scrollHeight)</arg>
</arguments>
<msg timestamp="20210210 15:02:38.536" level="INFO">Executing JavaScript:
window.scrollTo(0,document.body.scrollHeight)
Without any arguments.</msg>
<status status="PASS" starttime="20210210 15:02:38.536" endtime="20210210 15:02:38.539"></status>
</kw>
<status status="PASS" starttime="20210210 15:02:38.525" endtime="20210210 15:02:38.539"></status>
</kw>
<kw name="${i} = 175" type="foritem">
<kw name="Get Text" library="SeleniumLibrary">
<doc>Returns the text value of the element identified by ``locator``.</doc>
<arguments>
<arg>xpath=//*[@id="guideCounter"]</arg>
</arguments>
<assign>
<var>${guide_counter}</var>
</assign>
<msg timestamp="20210210 15:02:38.550" level="INFO">${guide_counter} = 5 z 10</msg>
<status status="PASS" starttime="20210210 15:02:38.539" endtime="20210210 15:02:38.550"></status>
</kw>
<kw name="Exit For Loop If" library="BuiltIn">
<doc>Stops executing the enclosing for loop if the ``condition`` is true.</doc>
<arguments>
<arg>"${guide_counter}" == "${text_of_guides_total} z ${text_of_guides_total}"</arg>
</arguments>
<status status="PASS" starttime="20210210 15:02:38.550" endtime="20210210 15:02:38.550"></status>
</kw>
<kw name="Execute Javascript" library="SeleniumLibrary">
<doc>Executes the given JavaScript code with possible arguments.</doc>
<arguments>
<arg>window.scrollTo(0,document.body.scrollHeight)</arg>
</arguments>
<msg timestamp="20210210 15:02:38.551" level="INFO">Executing JavaScript:
window.scrollTo(0,document.body.scrollHeight)
Without any arguments.</msg>
<status status="PASS" starttime="20210210 15:02:38.551" endtime="20210210 15:02:38.554"></status>
</kw>
<status status="PASS" starttime="20210210 15:02:38.539" endtime="20210210 15:02:38.554"></status>
</kw>
<kw name="${i} = 176" type="foritem">
<kw name="Get Text" library="SeleniumLibrary">
<doc>Returns the text value of the element identified by ``locator``.</doc>
<arguments>
<arg>xpath=//*[@id="guideCounter"]</arg>
</arguments>
<assign>
<var>${guide_counter}</var>
</assign>
<msg timestamp="20210210 15:02:38.563" level="INFO">${guide_counter} = 5 z 10</msg>
<status status="PASS" starttime="20210210 15:02:38.554" endtime="20210210 15:02:38.563"></status>
</kw>
<kw name="Exit For Loop If" library="BuiltIn">
<doc>Stops executing the enclosing for loop if the ``condition`` is true.</doc>
<arguments>
<arg>"${guide_counter}" == "${text_of_guides_total} z ${text_of_guides_total}"</arg>
</arguments>
<status status="PASS" starttime="20210210 15:02:38.563" endtime="20210210 15:02:38.564"></status>
</kw>
<kw name="Execute Javascript" library="SeleniumLibrary">
<doc>Executes the given JavaScript code with possible arguments.</doc>
<arguments>
<arg>window.scrollTo(0,document.body.scrollHeight)</arg>
</arguments>
<msg timestamp="20210210 15:02:38.564" level="INFO">Executing JavaScript:
window.scrollTo(0,document.body.scrollHeight)
Without any arguments.</msg>
<status status="PASS" starttime="20210210 15:02:38.564" endtime="20210210 15:02:38.566"></status>
</kw>
<status status="PASS" starttime="20210210 15:02:38.554" endtime="20210210 15:02:38.566"></status>
</kw>
<kw name="${i} = 177" type="foritem">
<kw name="Get Text" library="SeleniumLibrary">
<doc>Returns the text value of the element identified by ``locator``.</doc>
<arguments>
<arg>xpath=//*[@id="guideCounter"]</arg>
</arguments>
<assign>
<var>${guide_counter}</var>
</assign>
<msg timestamp="20210210 15:02:38.583" level="INFO">${guide_counter} = 10 z 10</msg>
<status status="PASS" starttime="20210210 15:02:38.567" endtime="20210210 15:02:38.583"></status>
</kw>
<kw name="Exit For Loop If" library="BuiltIn">
<doc>Stops executing the enclosing for loop if the ``condition`` is true.</doc>
<arguments>
<arg>"${guide_counter}" == "${text_of_guides_total} z ${text_of_guides_total}"</arg>
</arguments>
<msg timestamp="20210210 15:02:38.583" level="INFO">Exiting for loop altogether.</msg>
<status status="PASS" starttime="20210210 15:02:38.583" endtime="20210210 15:02:38.583"></status>
</kw>
<status status="PASS" starttime="20210210 15:02:38.566" endtime="20210210 15:02:38.584"></status>
</kw>
<status status="PASS" starttime="20210210 15:02:36.287" endtime="20210210 15:02:38.584"></status>
</kw>
<kw name="Execute Javascript" library="SeleniumLibrary">
<doc>Executes the given JavaScript code with possible arguments.</doc>
<arguments>
<arg>window.scrollTo(0,document.body.scrollHeight)</arg>
</arguments>
<msg timestamp="20210210 15:02:38.585" level="INFO">Executing JavaScript:
window.scrollTo(0,document.body.scrollHeight)
Without any arguments.</msg>
<status status="PASS" starttime="20210210 15:02:38.585" endtime="20210210 15:02:38.588"></status>
</kw>
<kw name="Get Element Count" library="SeleniumLibrary">
<doc>Returns the number of elements matching ``locator``.</doc>
<arguments>
<arg>//div[@id='data']/*</arg>
</arguments>
<assign>
<var>${count}</var>
</assign>
<msg timestamp="20210210 15:02:38.598" level="INFO">${count} = 10</msg>
<status status="PASS" starttime="20210210 15:02:38.589" endtime="20210210 15:02:38.599"></status>
</kw>
<kw name="Log To Console" library="BuiltIn">
<doc>Logs the given message to the console.</doc>
<arguments>
<arg>${count}</arg>
</arguments>
<status status="PASS" starttime="20210210 15:02:38.599" endtime="20210210 15:02:38.599"></status>
</kw>
<kw name="Run Keyword If" library="BuiltIn">
<doc>Runs the given keyword with the given arguments, if ``condition`` is true.</doc>
<arguments>
<arg>${count} + 1 != ${number_of_guides_total}</arg>
<arg>Fatal Error</arg>
<arg>Count of guides doesnt match the expected count</arg>
</arguments>
<kw name="Fatal Error" library="BuiltIn">
<doc>Stops the whole test execution.</doc>
<arguments>
<arg>Count of guides doesnt match the expected count</arg>
</arguments>
<msg timestamp="20210210 15:02:38.600" level="FAIL">Count of guides doesnt match the expected count</msg>
<status status="FAIL" starttime="20210210 15:02:38.600" endtime="20210210 15:02:38.600"></status>
</kw>
<status status="FAIL" starttime="20210210 15:02:38.599" endtime="20210210 15:02:38.600"></status>
</kw>
<status status="FAIL" starttime="20210210 15:02:27.407" endtime="20210210 15:02:38.600" critical="yes">Count of guides doesnt match the expected count</status>
</test>
<doc>This is a login test</doc>
<status status="FAIL" starttime="20210210 15:02:27.222" endtime="20210210 15:02:38.601"></status>
</suite>
<statistics>
<total>
<stat pass="0" fail="1">Critical Tests</stat>
<stat pass="0" fail="1">All Tests</stat>
</total>
<tag>
</tag>
<suite>
<stat pass="0" fail="1" id="s1" name="Scroll">Scroll</stat>
</suite>
</statistics>
<errors>
</errors>
</robot>
